[01m[K/home/hi/analysis_ws/src/point_analyzer/src/planar_segmentation.cpp:1:1:[m[K [01;31m[Kerror: [m[Kâ€˜[01m[Kview[m[Kâ€™ does not name a type
 view plainprint?
[01;32m[K ^[m[K
In file included from [01m[K/usr/include/c++/5/iosfwd:40:0[m[K,
                 from [01m[K/usr/include/c++/5/ios:38[m[K,
                 from [01m[K/usr/include/c++/5/ostream:38[m[K,
                 from [01m[K/usr/include/c++/5/iostream:39[m[K,
                 from [01m[K/home/hi/analysis_ws/src/point_analyzer/src/planar_segmentation.cpp:2[m[K:
[01m[K/usr/include/c++/5/bits/postypes.h:98:11:[m[K [01;31m[Kerror: [m[Kâ€˜[01m[Kptrdiff_t[m[Kâ€™ does not name a type
   typedef ptrdiff_t streamsize; // Signed integral type
[01;32m[K           ^[m[K
In file included from [01m[K/usr/include/c++/5/bits/stl_algobase.h:65:0[m[K,
                 from [01m[K/usr/include/c++/5/bits/char_traits.h:39[m[K,
                 from [01m[K/usr/include/c++/5/ios:40[m[K,
                 from [01m[K/usr/include/c++/5/ostream:38[m[K,
                 from [01m[K/usr/include/c++/5/iostream:39[m[K,
                 from [01m[K/home/hi/analysis_ws/src/point_analyzer/src/planar_segmentation.cpp:2[m[K:
[01m[K/usr/include/c++/5/bits/stl_iterator_base_types.h:116:67:[m[K [01;31m[Kerror: [m[Kâ€˜[01m[Kptrdiff_t[m[Kâ€™ does not name a type
   template<typename _Category, typename _Tp, typename _Distance = ptrdiff_t,
[01;32m[K                                                                   ^[m[K
[01m[K/usr/include/c++/5/bits/stl_iterator_base_types.h:182:15:[m[K [01;31m[Kerror: [m[Kâ€˜[01m[Kptrdiff_t[m[Kâ€™ does not name a type
       typedef ptrdiff_t                   difference_type;
[01;32m[K               ^[m[K
[01m[K/usr/include/c++/5/bits/stl_iterator_base_types.h:193:15:[m[K [01;31m[Kerror: [m[Kâ€˜[01m[Kptrdiff_t[m[Kâ€™ does not name a type
       typedef ptrdiff_t                   difference_type;
[01;32m[K               ^[m[K
In file included from [01m[K/usr/include/c++/5/bits/char_traits.h:39:0[m[K,
                 from [01m[K/usr/include/c++/5/ios:40[m[K,
                 from [01m[K/usr/include/c++/5/ostream:38[m[K,
                 from [01m[K/usr/include/c++/5/iostream:39[m[K,
                 from [01m[K/home/hi/analysis_ws/src/point_analyzer/src/planar_segmentation.cpp:2[m[K:
[01m[K/usr/include/c++/5/bits/stl_algobase.h:[m[K In static member function â€˜[01m[Kstatic _Tp* std::__copy_move<_IsMove, true, std::random_access_iterator_tag>::__copy_m(const _Tp*, const _Tp*, _Tp*)[m[Kâ€™:
[01m[K/usr/include/c++/5/bits/stl_algobase.h:382:10:[m[K [01;31m[Kerror: [m[Kâ€˜[01m[Kptrdiff_t[m[Kâ€™ does not name a type
    const ptrdiff_t _Num = __last - __first;
[01;32m[K          ^[m[K
[01m[K/usr/include/c++/5/bits/stl_algobase.h:383:8:[m[K [01;31m[Kerror: [m[Kâ€˜[01m[K_Num[m[Kâ€™ was not declared in this scope
    if (_Num)
[01;32m[K        ^[m[K
[01m[K/usr/include/c++/5/bits/stl_algobase.h:385:22:[m[K [01;31m[Kerror: [m[Kâ€˜[01m[K_Num[m[Kâ€™ was not declared in this scope
    return __result + _Num;
[01;32m[K                      ^[m[K
[01m[K/usr/include/c++/5/bits/stl_algobase.h:[m[K In static member function â€˜[01m[Kstatic _Tp* std::__copy_move_backward<_IsMove, true, std::random_access_iterator_tag>::__copy_move_b(const _Tp*, const _Tp*, _Tp*)[m[Kâ€™:
[01m[K/usr/include/c++/5/bits/stl_algobase.h:584:10:[m[K [01;31m[Kerror: [m[Kâ€˜[01m[Kptrdiff_t[m[Kâ€™ does not name a type
    const ptrdiff_t _Num = __last - __first;
[01;32m[K          ^[m[K
[01m[K/usr/include/c++/5/bits/stl_algobase.h:585:8:[m[K [01;31m[Kerror: [m[Kâ€˜[01m[K_Num[m[Kâ€™ was not declared in this scope
    if (_Num)
[01;32m[K        ^[m[K
[01m[K/usr/include/c++/5/bits/stl_algobase.h:587:22:[m[K [01;31m[Kerror: [m[Kâ€˜[01m[K_Num[m[Kâ€™ was not declared in this scope
    return __result - _Num;
[01;32m[K                      ^[m[K
In file included from [01m[K/usr/include/c++/5/ios:40:0[m[K,
                 from [01m[K/usr/include/c++/5/ostream:38[m[K,
                 from [01m[K/usr/include/c++/5/iostream:39[m[K,
                 from [01m[K/home/hi/analysis_ws/src/point_analyzer/src/planar_segmentation.cpp:2[m[K:
[01m[K/usr/include/c++/5/bits/char_traits.h:[m[K At global scope:
[01m[K/usr/include/c++/5/bits/char_traits.h:104:66:[m[K [01;31m[Kerror: [m[Kâ€˜[01m[Kstd::size_t[m[Kâ€™ has not been declared
       compare(const char_type* __s1, const char_type* __s2, std::size_t __n);
[01;32m[K                                                                  ^[m[K
[01m[K/usr/include/c++/5/bits/char_traits.h:106:19:[m[K [01;31m[Kerror: [m[Kâ€˜[01m[Ksize_t[m[Kâ€™ in namespace â€˜[01m[Kstd[m[Kâ€™ does not name a type
       static std::size_t
[01;32m[K                   ^[m[K
[01m[K/usr/include/c++/5/bits/char_traits.h:110:39:[m[K [01;31m[Kerror: [m[Kâ€˜[01m[Kstd::size_t[m[Kâ€™ has not been declared
       find(const char_type* __s, std::size_t __n, const char_type& __a);
[01;32m[K                                       ^[m[K
[01m[K/usr/include/c++/5/bits/char_traits.h:113:57:[m[K [01;31m[Kerror: [m[Kâ€˜[01m[Kstd::size_t[m[Kâ€™ has not been declared
       move(char_type* __s1, const char_type* __s2, std::size_t __n);
[01;32m[K                                                         ^[m[K
[01m[K/usr/include/c++/5/bits/char_traits.h:116:57:[m[K [01;31m[Kerror: [m[Kâ€˜[01m[Kstd::size_t[m[Kâ€™ has not been declared
       copy(char_type* __s1, const char_type* __s2, std::size_t __n);
[01;32m[K                                                         ^[m[K
[01m[K/usr/include/c++/5/bits/char_traits.h:119:35:[m[K [01;31m[Kerror: [m[Kâ€˜[01m[Kstd::size_t[m[Kâ€™ has not been declared
       assign(char_type* __s, std::size_t __n, char_type __a);
[01;32m[K                                   ^[m[K
[01m[K/usr/include/c++/5/bits/char_traits.h:145:64:[m[K [01;31m[Kerror: [m[Kâ€˜[01m[Kstd::size_t[m[Kâ€™ has not been declared
     compare(const char_type* __s1, const char_type* __s2, std::size_t __n)
[01;32m[K                                                                ^[m[K
[01m[K/usr/include/c++/5/bits/char_traits.h:[m[K In static member function â€˜[01m[Kstatic int __gnu_cxx::char_traits<_CharT>::compare(const char_type*, const char_type*, int)[m[Kâ€™:
[01m[K/usr/include/c++/5/bits/char_traits.h:147:12:[m[K [01;31m[Kerror: [m[Kâ€˜[01m[Ksize_t[m[Kâ€™ is not a member of â€˜[01m[Kstd[m[Kâ€™
       for (std::size_t __i = 0; __i < __n; ++__i)
[01;32m[K            ^[m[K
[01m[K/usr/include/c++/5/bits/char_traits.h:147:12:[m[K [01;36m[Knote: [m[Ksuggested alternative:
In file included from [01m[K/usr/include/wchar.h:51:0[m[K,
                 from [01m[K/usr/include/c++/5/cwchar:44[m[K,
                 from [01m[K/usr/include/c++/5/bits/postypes.h:40[m[K,
                 from [01m[K/usr/include/c++/5/iosfwd:40[m[K,
                 from [01m[K/usr/include/c++/5/ios:38[m[K,
                 from [01m[K/usr/include/c++/5/ostream:38[m[K,
                 from [01m[K/usr/include/c++/5/iostream:39[m[K,
                 from [01m[K/home/hi/analysis_ws/src/point_analyzer/src/planar_segmentation.cpp:2[m[K:
[01m[K/usr/lib/gcc/x86_64-linux-gnu/5/include/stddef.h:216:23:[m[K [01;36m[Knote: [m[K  â€˜[01m[Ksize_t[m[Kâ€™
 typedef __SIZE_TYPE__ size_t;
[01;32m[K                       ^[m[K
In file included from [01m[K/usr/include/c++/5/ios:40:0[m[K,
                 from [01m[K/usr/include/c++/5/ostream:38[m[K,
                 from [01m[K/usr/include/c++/5/iostream:39[m[K,
                 from [01m[K/home/hi/analysis_ws/src/point_analyzer/src/planar_segmentation.cpp:2[m[K:
[01m[K/usr/include/c++/5/bits/char_traits.h:147:33:[m[K [01;31m[Kerror: [m[Kâ€˜[01m[K__i[m[Kâ€™ was not declared in this scope
       for (std::size_t __i = 0; __i < __n; ++__i)
[01;32m[K                                 ^[m[K
[01m[K/usr/include/c++/5/bits/char_traits.h:[m[K At global scope:
[01m[K/usr/include/c++/5/bits/char_traits.h:156:10:[m[K [01;31m[Kerror: [m[Kâ€˜[01m[Ksize_t[m[Kâ€™ in namespace â€˜[01m[Kstd[m[Kâ€™ does not name a type
     std::size_t
[01;32m[K          ^[m[K
[01m[K/usr/include/c++/5/bits/char_traits.h:169:37:[m[K [01;31m[Kerror: [m[Kâ€˜[01m[Kstd::size_t[m[Kâ€™ has not been declared
     find(const char_type* __s, std::size_t __n, const char_type& __a)
[01;32m[K                                     ^[m[K
[01m[K/usr/include/c++/5/bits/char_traits.h:[m[K In static member function â€˜[01m[Kstatic const char_type* __gnu_cxx::char_traits<_CharT>::find(const char_type*, int, const char_type&)[m[Kâ€™:
[01m[K/usr/include/c++/5/bits/char_traits.h:171:12:[m[K [01;31m[Kerror: [m[Kâ€˜[01m[Ksize_t[m[Kâ€™ is not a member of â€˜[01m[Kstd[m[Kâ€™
       for (std::size_t __i = 0; __i < __n; ++__i)
[01;32m[K            ^[m[K
[01m[K/usr/include/c++/5/bits/char_traits.h:171:12:[m[K [01;36m[Knote: [m[Ksuggested alternative:
In file included from [01m[K/usr/include/wchar.h:51:0[m[K,
                 from [01m[K/usr/include/c++/5/cwchar:44[m[K,
                 from [01m[K/usr/include/c++/5/bits/postypes.h:40[m[K,
                 from [01m[K/usr/include/c++/5/iosfwd:40[m[K,
                 from [01m[K/usr/include/c++/5/ios:38[m[K,
                 from [01m[K/usr/include/c++/5/ostream:38[m[K,
                 from [01m[K/usr/include/c++/5/iostream:39[m[K,
                 from [01m[K/home/hi/analysis_ws/src/point_analyzer/src/planar_segmentation.cpp:2[m[K:
[01m[K/usr/lib/gcc/x86_64-linux-gnu/5/include/stddef.h:216:23:[m[K [01;36m[Knote: [m[K  â€˜[01m[Ksize_t[m[Kâ€™
 typedef __SIZE_TYPE__ size_t;
[01;32m[K                       ^[m[K
In file included from [01m[K/usr/include/c++/5/ios:40:0[m[K,
                 from [01m[K/usr/include/c++/5/ostream:38[m[K,
                 from [01m[K/usr/include/c++/5/iostream:39[m[K,
                 from [01m[K/home/hi/analysis_ws/src/point_analyzer/src/planar_segmentation.cpp:2[m[K:
[01m[K/usr/include/c++/5/bits/char_traits.h:171:33:[m[K [01;31m[Kerror: [m[Kâ€˜[01m[K__i[m[Kâ€™ was not declared in this scope
       for (std::size_t __i = 0; __i < __n; ++__i)
[01;32m[K                                 ^[m[K
[01m[K/usr/include/c++/5/bits/char_traits.h:[m[K At global scope:
[01m[K/usr/include/c++/5/bits/char_traits.h:180:55:[m[K [01;31m[Kerror: [m[Kâ€˜[01m[Kstd::size_t[m[Kâ€™ has not been declared
     move(char_type* __s1, const char_type* __s2, std::size_t __n)
[01;32m[K                                                       ^[m[K
[01m[K/usr/include/c++/5/bits/char_traits.h:189:55:[m[K [01;31m[Kerror: [m[Kâ€˜[01m[Kstd::size_t[m[Kâ€™ has not been declared
     copy(char_type* __s1, const char_type* __s2, std::size_t __n)
[01;32m[K                                                       ^[m[K
[01m[K/usr/include/c++/5/bits/char_traits.h:199:33:[m[K [01;31m[Kerror: [m[Kâ€˜[01m[Kstd::size_t[m[Kâ€™ has not been declared
     assign(char_type* __s, std::size_t __n, char_type __a)
[01;32m[K                                 ^[m[K
In file included from [01m[K/usr/include/c++/5/ext/new_allocator.h:33:0[m[K,
                 from [01m[K/usr/include/x86_64-linux-gnu/c++/5/bits/c++allocator.h:33[m[K,
                 from [01m[K/usr/include/c++/5/bits/allocator.h:46[m[K,
                 from [01m[K/usr/include/c++/5/string:41[m[K,
                 from [01m[K/usr/include/c++/5/bits/locale_classes.h:40[m[K,
                 from [01m[K/usr/include/c++/5/bits/ios_base.h:41[m[K,
                 from [01m[K/usr/include/c++/5/ios:42[m[K,
                 from [01m[K/usr/include/c++/5/ostream:38[m[K,
                 from [01m[K/usr/include/c++/5/iostream:39[m[K,
                 from [01m[K/home/hi/analysis_ws/src/point_analyzer/src/planar_segmentation.cpp:2[m[K:
[01m[K/usr/include/c++/5/new:111:31:[m[K [01;31m[Kerror: [m[Kdeclaration of â€˜[01m[Koperator new[m[Kâ€™ as non-function
 void* operator new(std::size_t) _GLIBCXX_THROW (std::bad_alloc)
[01;32m[K                               ^[m[K
[01m[K/usr/include/c++/5/new:111:20:[m[K [01;31m[Kerror: [m[Kâ€˜[01m[Ksize_t[m[Kâ€™ is not a member of â€˜[01m[Kstd[m[Kâ€™
 void* operator new(std::size_t) _GLIBCXX_THROW (std::bad_alloc)
[01;32m[K                    ^[m[K
[01m[K/usr/include/c++/5/new:111:20:[m[K [01;36m[Knote: [m[Ksuggested alternative:
In file included from [01m[K/usr/include/wchar.h:51:0[m[K,
                 from [01m[K/usr/include/c++/5/cwchar:44[m[K,
                 from [01m[K/usr/include/c++/5/bits/postypes.h:40[m[K,
                 from [01m[K/usr/include/c++/5/iosfwd:40[m[K,
                 from [01m[K/usr/include/c++/5/ios:38[m[K,
                 from [01m[K/usr/include/c++/5/ostream:38[m[K,
                 from [01m[K/usr/include/c++/5/iostream:39[m[K,
                 from [01m[K/home/hi/analysis_ws/src/point_analyzer/src/planar_segmentation.cpp:2[m[K:
[01m[K/usr/lib/gcc/x86_64-linux-gnu/5/include/stddef.h:216:23:[m[K [01;36m[Knote: [m[K  â€˜[01m[Ksize_t[m[Kâ€™
 typedef __SIZE_TYPE__ size_t;
[01;32m[K                       ^[m[K
In file included from [01m[K/usr/include/c++/5/ext/new_allocator.h:33:0[m[K,
                 from [01m[K/usr/include/x86_64-linux-gnu/c++/5/bits/c++allocator.h:33[m[K,
                 from [01m[K/usr/include/c++/5/bits/allocator.h:46[m[K,
                 from [01m[K/usr/include/c++/5/string:41[m[K,
                 from [01m[K/usr/include/c++/5/bits/locale_classes.h:40[m[K,
                 from [01m[K/usr/include/c++/5/bits/ios_base.h:41[m[K,
                 from [01m[K/usr/include/c++/5/ios:42[m[K,
                 from [01m[K/usr/include/c++/5/ostream:38[m[K,
                 from [01m[K/usr/include/c++/5/iostream:39[m[K,
                 from [01m[K/home/hi/analysis_ws/src/point_analyzer/src/planar_segmentation.cpp:2[m[K:
[01m[K/usr/include/c++/5/new:113:33:[m[K [01;31m[Kerror: [m[Kdeclaration of â€˜[01m[Koperator new [][m[Kâ€™ as non-function
 void* operator new[](std::size_t) _GLIBCXX_THROW (std::bad_alloc)
[01;32m[K                                 ^[m[K
[01m[K/usr/include/c++/5/new:113:22:[m[K [01;31m[Kerror: [m[Kâ€˜[01m[Ksize_t[m[Kâ€™ is not a member of â€˜[01m[Kstd[m[Kâ€™
 void* operator new[](std::size_t) _GLIBCXX_THROW (std::bad_alloc)
[01;32m[K                      ^[m[K
[01m[K/usr/include/c++/5/new:113:22:[m[K [01;36m[Knote: [m[Ksuggested alternative:
In file included from [01m[K/usr/include/wchar.h:51:0[m[K,
                 from [01m[K/usr/include/c++/5/cwchar:44[m[K,
                 from [01m[K/usr/include/c++/5/bits/postypes.h:40[m[K,
                 from [01m[K/usr/include/c++/5/iosfwd:40[m[K,
                 from [01m[K/usr/include/c++/5/ios:38[m[K,
                 from [01m[K/usr/include/c++/5/ostream:38[m[K,
                 from [01m[K/usr/include/c++/5/iostream:39[m[K,
                 from [01m[K/home/hi/analysis_ws/src/point_analyzer/src/planar_segmentation.cpp:2[m[K:
[01m[K/usr/lib/gcc/x86_64-linux-gnu/5/include/stddef.h:216:23:[m[K [01;36m[Knote: [m[K  â€˜[01m[Ksize_t[m[Kâ€™
 typedef __SIZE_TYPE__ size_t;
[01;32m[K                       ^[m[K
In file included from [01m[K/usr/include/c++/5/ext/new_allocator.h:33:0[m[K,
                 from [01m[K/usr/include/x86_64-linux-gnu/c++/5/bits/c++allocator.h:33[m[K,
                 from [01m[K/usr/include/c++/5/bits/allocator.h:46[m[K,
                 from [01m[K/usr/include/c++/5/string:41[m[K,
                 from [01m[K/usr/include/c++/5/bits/locale_classes.h:40[m[K,
                 from [01m[K/usr/include/c++/5/bits/ios_base.h:41[m[K,
                 from [01m[K/usr/include/c++/5/ios:42[m[K,
                 from [01m[K/usr/include/c++/5/ostream:38[m[K,
                 from [01m[K/usr/include/c++/5/iostream:39[m[K,
                 from [01m[K/home/hi/analysis_ws/src/point_analyzer/src/planar_segmentation.cpp:2[m[K:
[01m[K/usr/include/c++/5/new:119:25:[m[K [01;31m[Kerror: [m[Kdeclaration of â€˜[01m[Koperator new[m[Kâ€™ as non-function
 void* operator new(std::size_t, const std::nothrow_t&) _GLIBCXX_USE_NOEXCEPT
[01;32m[K                         ^[m[K
[01m[K/usr/include/c++/5/new:119:20:[m[K [01;31m[Kerror: [m[Kâ€˜[01m[Ksize_t[m[Kâ€™ is not a member of â€˜[01m[Kstd[m[Kâ€™
 void* operator new(std::size_t, const std::nothrow_t&) _GLIBCXX_USE_NOEXCEPT
[01;32m[K                    ^[m[K
[01m[K/usr/include/c++/5/new:119:20:[m[K [01;36m[Knote: [m[Ksuggested alternative:
In file included from [01m[K/usr/include/wchar.h:51:0[m[K,
                 from [01m[K/usr/include/c++/5/cwchar:44[m[K,
                 from [01m[K/usr/include/c++/5/bits/postypes.h:40[m[K,
                 from [01m[K/usr/include/c++/5/iosfwd:40[m[K,
                 from [01m[K/usr/include/c++/5/ios:38[m[K,
                 from [01m[K/usr/include/c++/5/ostream:38[m[K,
                 from [01m[K/usr/include/c++/5/iostream:39[m[K,
                 from [01m[K/home/hi/analysis_ws/src/point_analyzer/src/planar_segmentation.cpp:2[m[K:
[01m[K/usr/lib/gcc/x86_64-linux-gnu/5/include/stddef.h:216:23:[m[K [01;36m[Knote: [m[K  â€˜[01m[Ksize_t[m[Kâ€™
 typedef __SIZE_TYPE__ size_t;
[01;32m[K                       ^[m[K
In file included from [01m[K/usr/include/c++/5/ext/new_allocator.h:33:0[m[K,
                 from [01m[K/usr/include/x86_64-linux-gnu/c++/5/bits/c++allocator.h:33[m[K,
                 from [01m[K/usr/include/c++/5/bits/allocator.h:46[m[K,
                 from [01m[K/usr/include/c++/5/string:41[m[K,
                 from [01m[K/usr/include/c++/5/bits/locale_classes.h:40[m[K,
                 from [01m[K/usr/include/c++/5/bits/ios_base.h:41[m[K,
                 from [01m[K/usr/include/c++/5/ios:42[m[K,
                 from [01m[K/usr/include/c++/5/ostream:38[m[K,
                 from [01m[K/usr/include/c++/5/iostream:39[m[K,
                 from [01m[K/home/hi/analysis_ws/src/point_analyzer/src/planar_segmentation.cpp:2[m[K:
[01m[K/usr/include/c++/5/new:119:33:[m[K [01;31m[Kerror: [m[Kexpected primary-expression before â€˜[01m[Kconst[m[Kâ€™
 void* operator new(std::size_t, const std::nothrow_t&) _GLIBCXX_USE_NOEXCEPT
[01;32m[K                                 ^[m[K
[01m[K/usr/include/c++/5/new:121:27:[m[K [01;31m[Kerror: [m[Kdeclaration of â€˜[01m[Koperator new [][m[Kâ€™ as non-function
 void* operator new[](std::size_t, const std::nothrow_t&) _GLIBCXX_USE_NOEXCEPT
[01;32m[K                           ^[m[K
[01m[K/usr/include/c++/5/new:121:22:[m[K [01;31m[Kerror: [m[Kâ€˜[01m[Ksize_t[m[Kâ€™ is not a member of â€˜[01m[Kstd[m[Kâ€™
 void* operator new[](std::size_t, const std::nothrow_t&) _GLIBCXX_USE_NOEXCEPT
[01;32m[K                      ^[m[K
[01m[K/usr/include/c++/5/new:121:22:[m[K [01;36m[Knote: [m[Ksuggested alternative:
In file included from [01m[K/usr/include/wchar.h:51:0[m[K,
                 from [01m[K/usr/include/c++/5/cwchar:44[m[K,
                 from [01m[K/usr/include/c++/5/bits/postypes.h:40[m[K,
                 from [01m[K/usr/include/c++/5/iosfwd:40[m[K,
                 from [01m[K/usr/include/c++/5/ios:38[m[K,
                 from [01m[K/usr/include/c++/5/ostream:38[m[K,
                 from [01m[K/usr/include/c++/5/iostream:39[m[K,
                 from [01m[K/home/hi/analysis_ws/src/point_analyzer/src/planar_segmentation.cpp:2[m[K:
[01m[K/usr/lib/gcc/x86_64-linux-gnu/5/include/stddef.h:216:23:[m[K [01;36m[Knote: [m[K  â€˜[01m[Ksize_t[m[Kâ€™
 typedef __SIZE_TYPE__ size_t;
[01;32m[K                       ^[m[K
In file included from [01m[K/usr/include/c++/5/ext/new_allocator.h:33:0[m[K,
                 from [01m[K/usr/include/x86_64-linux-gnu/c++/5/bits/c++allocator.h:33[m[K,
                 from [01m[K/usr/include/c++/5/bits/allocator.h:46[m[K,
                 from [01m[K/usr/include/c++/5/string:41[m[K,
                 from [01m[K/usr/include/c++/5/bits/locale_classes.h:40[m[K,
                 from [01m[K/usr/include/c++/5/bits/ios_base.h:41[m[K,
                 from [01m[K/usr/include/c++/5/ios:42[m[K,
                 from [01m[K/usr/include/c++/5/ostream:38[m[K,
                 from [01m[K/usr/include/c++/5/iostream:39[m[K,
                 from [01m[K/home/hi/analysis_ws/src/point_analyzer/src/planar_segmentation.cpp:2[m[K:
[01m[K/usr/include/c++/5/new:121:35:[m[K [01;31m[Kerror: [m[Kexpected primary-expression before â€˜[01m[Kconst[m[Kâ€™
 void* operator new[](std::size_t, const std::nothrow_t&) _GLIBCXX_USE_NOEXCEPT
[01;32m[K                                   ^[m[K
[01m[K/usr/include/c++/5/new:129:32:[m[K [01;31m[Kerror: [m[Kdeclaration of â€˜[01m[Koperator new[m[Kâ€™ as non-function
 inline void* operator new(std::size_t, void* __p) _GLIBCXX_USE_NOEXCEPT
[01;32m[K                                ^[m[K
[01m[K/usr/include/c++/5/new:129:27:[m[K [01;31m[Kerror: [m[Kâ€˜[01m[Ksize_t[m[Kâ€™ is not a member of â€˜[01m[Kstd[m[Kâ€™
 inline void* operator new(std::size_t, void* __p) _GLIBCXX_USE_NOEXCEPT
[01;32m[K                           ^[m[K
[01m[K/usr/include/c++/5/new:129:27:[m[K [01;36m[Knote: [m[Ksuggested alternative:
In file included from [01m[K/usr/include/wchar.h:51:0[m[K,
                 from [01m[K/usr/include/c++/5/cwchar:44[m[K,
                 from [01m[K/usr/include/c++/5/bits/postypes.h:40[m[K,
                 from [01m[K/usr/include/c++/5/iosfwd:40[m[K,
                 from [01m[K/usr/include/c++/5/ios:38[m[K,
                 from [01m[K/usr/include/c++/5/ostream:38[m[K,
                 from [01m[K/usr/include/c++/5/iostream:39[m[K,
                 from [01m[K/home/hi/analysis_ws/src/point_analyzer/src/planar_segmentation.cpp:2[m[K:
[01m[K/usr/lib/gcc/x86_64-linux-gnu/5/include/stddef.h:216:23:[m[K [01;36m[Knote: [m[K  â€˜[01m[Ksize_t[m[Kâ€™
 typedef __SIZE_TYPE__ size_t;
[01;32m[K                       ^[m[K
In file included from [01m[K/usr/include/c++/5/ext/new_allocator.h:33:0[m[K,
                 from [01m[K/usr/include/x86_64-linux-gnu/c++/5/bits/c++allocator.h:33[m[K,
                 from [01m[K/usr/include/c++/5/bits/allocator.h:46[m[K,
                 from [01m[K/usr/include/c++/5/string:41[m[K,
                 from [01m[K/usr/include/c++/5/bits/locale_classes.h:40[m[K,
                 from [01m[K/usr/include/c++/5/bits/ios_base.h:41[m[K,
                 from [01m[K/usr/include/c++/5/ios:42[m[K,
                 from [01m[K/usr/include/c++/5/ostream:38[m[K,
                 from [01m[K/usr/include/c++/5/iostream:39[m[K,
                 from [01m[K/home/hi/analysis_ws/src/point_analyzer/src/planar_segmentation.cpp:2[m[K:
[01m[K/usr/include/c++/5/new:129:40:[m[K [01;31m[Kerror: [m[Kexpected primary-expression before â€˜[01m[Kvoid[m[Kâ€™
 inline void* operator new(std::size_t, void* __p) _GLIBCXX_USE_NOEXCEPT
[01;32m[K                                        ^[m[K
[01m[K/usr/include/c++/5/new:131:34:[m[K [01;31m[Kerror: [m[Kdeclaration of â€˜[01m[Koperator new [][m[Kâ€™ as non-function
 inline void* operator new[](std::size_t, void* __p) _GLIBCXX_USE_NOEXCEPT
[01;32m[K                                  ^[m[K
[01m[K/usr/include/c++/5/new:131:29:[m[K [01;31m[Kerror: [m[Kâ€˜[01m[Ksize_t[m[Kâ€™ is not a member of â€˜[01m[Kstd[m[Kâ€™
 inline void* operator new[](std::size_t, void* __p) _GLIBCXX_USE_NOEXCEPT
[01;32m[K                             ^[m[K
[01m[K/usr/include/c++/5/new:131:29:[m[K [01;36m[Knote: [m[Ksuggested alternative:
In file included from [01m[K/usr/include/wchar.h:51:0[m[K,
                 from [01m[K/usr/include/c++/5/cwchar:44[m[K,
                 from [01m[K/usr/include/c++/5/bits/postypes.h:40[m[K,
                 from [01m[K/usr/include/c++/5/iosfwd:40[m[K,
                 from [01m[K/usr/include/c++/5/ios:38[m[K,
                 from [01m[K/usr/include/c++/5/ostream:38[m[K,
                 from [01m[K/usr/include/c++/5/iostream:39[m[K,
                 from [01m[K/home/hi/analysis_ws/src/point_analyzer/src/planar_segmentation.cpp:2[m[K:
[01m[K/usr/lib/gcc/x86_64-linux-gnu/5/include/stddef.h:216:23:[m[K [01;36m[Knote: [m[K  â€˜[01m[Ksize_t[m[Kâ€™
 typedef __SIZE_TYPE__ size_t;
[01;32m[K                       ^[m[K
In file included from [01m[K/usr/include/c++/5/ext/new_allocator.h:33:0[m[K,
                 from [01m[K/usr/include/x86_64-linux-gnu/c++/5/bits/c++allocator.h:33[m[K,
                 from [01m[K/usr/include/c++/5/bits/allocator.h:46[m[K,
                 from [01m[K/usr/include/c++/5/string:41[m[K,
                 from [01m[K/usr/include/c++/5/bits/locale_classes.h:40[m[K,
                 from [01m[K/usr/include/c++/5/bits/ios_base.h:41[m[K,
                 from [01m[K/usr/include/c++/5/ios:42[m[K,
                 from [01m[K/usr/include/c++/5/ostream:38[m[K,
                 from [01m[K/usr/include/c++/5/iostream:39[m[K,
                 from [01m[K/home/hi/analysis_ws/src/point_analyzer/src/planar_segmentation.cpp:2[m[K:
[01m[K/usr/include/c++/5/new:131:42:[m[K [01;31m[Kerror: [m[Kexpected primary-expression before â€˜[01m[Kvoid[m[Kâ€™
 inline void* operator new[](std::size_t, void* __p) _GLIBCXX_USE_NOEXCEPT
[01;32m[K                                          ^[m[K
In file included from [01m[K/usr/include/x86_64-linux-gnu/c++/5/bits/c++allocator.h:33:0[m[K,
                 from [01m[K/usr/include/c++/5/bits/allocator.h:46[m[K,
                 from [01m[K/usr/include/c++/5/string:41[m[K,
                 from [01m[K/usr/include/c++/5/bits/locale_classes.h:40[m[K,
                 from [01m[K/usr/include/c++/5/bits/ios_base.h:41[m[K,
                 from [01m[K/usr/include/c++/5/ios:42[m[K,
                 from [01m[K/usr/include/c++/5/ostream:38[m[K,
                 from [01m[K/usr/include/c++/5/iostream:39[m[K,
                 from [01m[K/home/hi/analysis_ws/src/point_analyzer/src/planar_segmentation.cpp:2[m[K:
[01m[K/usr/include/c++/5/ext/new_allocator.h:44:14:[m[K [01;31m[Kerror: [m[Kâ€˜[01m[Kstd::size_t[m[Kâ€™ has not been declared
   using std::size_t;
[01;32m[K              ^[m[K
[01m[K/usr/include/c++/5/ext/new_allocator.h:45:14:[m[K [01;31m[Kerror: [m[Kâ€˜[01m[Kstd::ptrdiff_t[m[Kâ€™ has not been declared
   using std::ptrdiff_t;
[01;32m[K              ^[m[K
[01m[K/usr/include/c++/5/ext/new_allocator.h:62:15:[m[K [01;31m[Kerror: [m[Kâ€˜[01m[Kptrdiff_t[m[Kâ€™ does not name a type
       typedef ptrdiff_t  difference_type;
[01;32m[K               ^[m[K
In file included from [01m[K/usr/include/c++/5/string:41:0[m[K,
                 from [01m[K/usr/include/c++/5/bits/locale_classes.h:40[m[K,
                 from [01m[K/usr/include/c++/5/bits/ios_base.h:41[m[K,
                 from [01m[K/usr/include/c++/5/ios:42[m[K,
                 from [01m[K/usr/include/c++/5/ostream:38[m[K,
                 from [01m[K/usr/include/c++/5/iostream:39[m[K,
                 from [01m[K/home/hi/analysis_ws/src/point_analyzer/src/planar_segmentation.cpp:2[m[K:
[01m[K/usr/include/c++/5/bits/allocator.h:67:15:[m[K [01;31m[Kerror: [m[Kâ€˜[01m[Kptrdiff_t[m[Kâ€™ does not name a type
       typedef ptrdiff_t   difference_type;
[01;32m[K               ^[m[K
[01m[K/usr/include/c++/5/bits/allocator.h:96:15:[m[K [01;31m[Kerror: [m[Kâ€˜[01m[Kptrdiff_t[m[Kâ€™ does not name a type
       typedef ptrdiff_t  difference_type;
[01;32m[K               ^[m[K
In file included from [01m[K/usr/include/c++/5/string:44:0[m[K,
                 from [01m[K/usr/include/c++/5/bits/locale_classes.h:40[m[K,
                 from [01m[K/usr/include/c++/5/bits/ios_base.h:41[m[K,
                 from [01m[K/usr/include/c++/5/ios:42[m[K,
                 from [01m[K/usr/include/c++/5/ostream:38[m[K,
                 from [01m[K/usr/include/c++/5/iostream:39[m[K,
                 from [01m[K/home/hi/analysis_ws/src/point_analyzer/src/planar_segmentation.cpp:2[m[K:
[01m[K/usr/include/c++/5/bits/ostream_insert.h:45:26:[m[K [01;31m[Kerror: [m[Kâ€˜[01m[Kstreamsize[m[Kâ€™ has not been declared
       const _CharT* __s, streamsize __n)
[01;32m[K                          ^[m[K
[01m[K/usr/include/c++/5/bits/ostream_insert.h:[m[K In function â€˜[01m[Kvoid std::__ostream_write(std::basic_ostream<_CharT, _Traits>&, const _CharT*, int)[m[Kâ€™:
[01m[K/usr/include/c++/5/bits/ostream_insert.h:50:13:[m[K [01;31m[Kerror: [m[Kâ€˜[01m[Kstreamsize[m[Kâ€™ does not name a type
       const streamsize __put = __out.rdbuf()->sputn(__s, __n);
[01;32m[K             ^[m[K
[01m[K/usr/include/c++/5/bits/ostream_insert.h:51:11:[m[K [01;31m[Kerror: [m[Kâ€˜[01m[K__put[m[Kâ€™ was not declared in this scope
       if (__put != __n)
[01;32m[K           ^[m[K
[01m[K/usr/include/c++/5/bits/ostream_insert.h:[m[K At global scope:
[01m[K/usr/include/c++/5/bits/ostream_insert.h:57:59:[m[K [01;31m[Kerror: [m[Kâ€˜[01m[Kstreamsize[m[Kâ€™ has not been declared
     __ostream_fill(basic_ostream<_CharT, _Traits>& __out, streamsize __n)
[01;32m[K                                                           ^[m[K
[01m[K/usr/include/c++/5/bits/ostream_insert.h:77:27:[m[K [01;31m[Kerror: [m[Kâ€˜[01m[Kstreamsize[m[Kâ€™ has not been declared
        const _CharT* __s, streamsize __n)
[01;32m[K                           ^[m[K
[01m[K/usr/include/c++/5/bits/ostream_insert.h:[m[K In function â€˜[01m[Kstd::basic_ostream<_CharT, _Traits>& std::__ostream_insert(std::basic_ostream<_CharT, _Traits>&, const _CharT*, int)[m[Kâ€™:
[01m[K/usr/include/c++/5/bits/ostream_insert.h:87:14:[m[K [01;31m[Kerror: [m[Kâ€˜[01m[Kstreamsize[m[Kâ€™ does not name a type
        const streamsize __w = __out.width();
[01;32m[K              ^[m[K
[01m[K/usr/include/c++/5/bits/ostream_insert.h:88:12:[m[K [01;31m[Kerror: [m[Kâ€˜[01m[K__w[m[Kâ€™ was not declared in this scope
        if (__w > __n)
[01;32m[K            ^[m[K
[01m[K/usr/include/c++/5/bits/ostream_insert.h:[m[K At global scope:
[01m[K/usr/include/c++/5/bits/ostream_insert.h:118:68:[m[K [01;31m[Kerror: [m[Kâ€˜[01m[Kstreamsize[m[Kâ€™ has not been declared
   extern template ostream& __ostream_insert(ostream&, const char*, streamsize);
[01;32m[K                                                                    ^[m[K
[01m[K/usr/include/c++/5/bits/ostream_insert.h:122:11:[m[K [01;31m[Kerror: [m[Kâ€˜[01m[Kstreamsize[m[Kâ€™ has not been declared
           streamsize);
[01;32m[K           ^[m[K
In file included from [01m[K/usr/include/c++/5/string:53:0[m[K,
                 from [01m[K/usr/include/c++/5/bits/locale_classes.h:40[m[K,
                 from [01m[K/usr/include/c++/5/bits/ios_base.h:41[m[K,
                 from [01m[K/usr/include/c++/5/ios:42[m[K,
                 from [01m[K/usr/include/c++/5/ostream:38[m[K,
                 from [01m[K/usr/include/c++/5/iostream:39[m[K,
                 from [01m[K/home/hi/analysis_ws/src/point_analyzer/src/planar_segmentation.cpp:2[m[K:
[01m[K/usr/include/c++/5/bits/basic_string.tcc:[m[K In function â€˜[01m[Kstd::basic_istream<_CharT, _Traits>& std::operator>>(std::basic_istream<_CharT, _Traits>&, std::__cxx11::basic_string<_CharT, _Traits, _Alloc>&)[m[Kâ€™:
[01m[K/usr/include/c++/5/bits/basic_string.tcc:1463:14:[m[K [01;31m[Kerror: [m[Kâ€˜[01m[Kstreamsize[m[Kâ€™ does not name a type
        const streamsize __w = __in.width();
[01;32m[K              ^[m[K
[01m[K/usr/include/c++/5/bits/basic_string.tcc:1464:32:[m[K [01;31m[Kerror: [m[Kâ€˜[01m[K__w[m[Kâ€™ was not declared in this scope
        const __size_type __n = __w > 0 ? static_cast<__size_type>(__w)
[01;32m[K                                ^[m[K
In file included from [01m[K/usr/include/c++/5/bits/basic_string.h:40:0[m[K,
                 from [01m[K/usr/include/c++/5/string:52[m[K,
                 from [01m[K/usr/include/c++/5/bits/locale_classes.h:40[m[K,
                 from [01m[K/usr/include/c++/5/bits/ios_base.h:41[m[K,
                 from [01m[K/usr/include/c++/5/ios:42[m[K,
                 from [01m[K/usr/include/c++/5/ostream:38[m[K,
                 from [01m[K/usr/include/c++/5/iostream:39[m[K,
                 from [01m[K/home/hi/analysis_ws/src/point_analyzer/src/planar_segmentation.cpp:2[m[K:
/usr/include/c++/5/ext/alloc_traits.h: In instantiation of â€˜[01m[Kstruct __gnu_cxx::__alloc_traits<std::allocator<char> >[m[Kâ€™:
[01m[K/usr/include/c++/5/bits/basic_string.h:74:24:[m[K   required from â€˜[01m[Kclass std::__cxx11::basic_string<char>[m[Kâ€™
[01m[K/usr/include/c++/5/bits/basic_string.tcc:1577:25:[m[K   required from here
[01m[K/usr/include/c++/5/ext/alloc_traits.h:178:53:[m[K [01;31m[Kerror: [m[Kno type named â€˜[01m[Kdifference_type[m[Kâ€™ in â€˜[01m[Kclass std::allocator<char>[m[Kâ€™
     typedef typename _Alloc::difference_type        difference_type;
[01;32m[K                                                     ^[m[K
/usr/include/c++/5/ext/alloc_traits.h: In instantiation of â€˜[01m[Kstruct __gnu_cxx::__alloc_traits<std::allocator<wchar_t> >[m[Kâ€™:
[01m[K/usr/include/c++/5/bits/basic_string.h:74:24:[m[K   required from â€˜[01m[Kclass std::__cxx11::basic_string<wchar_t>[m[Kâ€™
[01m[K/usr/include/c++/5/bits/basic_string.tcc:1592:25:[m[K   required from here
[01m[K/usr/include/c++/5/ext/alloc_traits.h:178:53:[m[K [01;31m[Kerror: [m[Kno type named â€˜[01m[Kdifference_type[m[Kâ€™ in â€˜[01m[Kclass std::allocator<wchar_t>[m[Kâ€™
In file included from [01m[K/usr/include/c++/5/ios:42:0[m[K,
                 from [01m[K/usr/include/c++/5/ostream:38[m[K,
                 from [01m[K/usr/include/c++/5/iostream:39[m[K,
                 from [01m[K/home/hi/analysis_ws/src/point_analyzer/src/planar_segmentation.cpp:2[m[K:
[01m[K/usr/include/c++/5/bits/ios_base.h:[m[K At global scope:
[01m[K/usr/include/c++/5/bits/ios_base.h:520:5:[m[K [01;31m[Kerror: [m[Kâ€˜[01m[Kstreamsize[m[Kâ€™ does not name a type
     streamsize  _M_precision;
[01;32m[K     ^[m[K
[01m[K/usr/include/c++/5/bits/ios_base.h:521:5:[m[K [01;31m[Kerror: [m[Kâ€˜[01m[Kstreamsize[m[Kâ€™ does not name a type
     streamsize  _M_width;
[01;32m[K     ^[m[K
[01m[K/usr/include/c++/5/bits/ios_base.h:688:5:[m[K [01;31m[Kerror: [m[Kâ€˜[01m[Kstreamsize[m[Kâ€™ does not name a type
     streamsize
[01;32m[K     ^[m[K
[01m[K/usr/include/c++/5/bits/ios_base.h:697:5:[m[K [01;31m[Kerror: [m[Kâ€˜[01m[Kstreamsize[m[Kâ€™ does not name a type
     streamsize
[01;32m[K     ^[m[K
[01m[K/usr/include/c++/5/bits/ios_base.h:711:5:[m[K [01;31m[Kerror: [m[Kâ€˜[01m[Kstreamsize[m[Kâ€™ does not name a type
     streamsize
[01;32m[K     ^[m[K
[01m[K/usr/include/c++/5/bits/ios_base.h:720:5:[m[K [01;31m[Kerror: [m[Kâ€˜[01m[Kstreamsize[m[Kâ€™ does not name a type
     streamsize
[01;32m[K     ^[m[K
In file included from [01m[K/usr/include/c++/5/ios:43:0[m[K,
                 from [01m[K/usr/include/c++/5/ostream:38[m[K,
                 from [01m[K/usr/include/c++/5/iostream:39[m[K,
                 from [01m[K/home/hi/analysis_ws/src/point_analyzer/src/planar_segmentation.cpp:2[m[K:
[01m[K/usr/include/c++/5/streambuf:50:5:[m[K [01;31m[Kerror: [m[Kâ€˜[01m[Kstreamsize[m[Kâ€™ does not name a type
     streamsize
[01;32m[K     ^[m[K
[01m[K/usr/include/c++/5/streambuf:147:14:[m[K [01;31m[Kerror: [m[Kâ€˜[01m[Kstreamsize[m[Kâ€™ does not name a type
       friend streamsize
[01;32m[K              ^[m[K
[01m[K/usr/include/c++/5/streambuf:239:33:[m[K [01;31m[Kerror: [m[Kâ€˜[01m[Kstreamsize[m[Kâ€™ has not been declared
       pubsetbuf(char_type* __s, streamsize __n)
[01;32m[K                                 ^[m[K
[01m[K/usr/include/c++/5/streambuf:283:7:[m[K [01;31m[Kerror: [m[Kâ€˜[01m[Kstreamsize[m[Kâ€™ does not name a type
       streamsize
[01;32m[K       ^[m[K
[01m[K/usr/include/c++/5/streambuf:356:7:[m[K [01;31m[Kerror: [m[Kâ€˜[01m[Kstreamsize[m[Kâ€™ does not name a type
       streamsize
[01;32m[K       ^[m[K
[01m[K/usr/include/c++/5/streambuf:449:7:[m[K [01;31m[Kerror: [m[Kâ€˜[01m[Kstreamsize[m[Kâ€™ does not name a type
       streamsize
[01;32m[K       ^[m[K
[01m[K/usr/include/c++/5/streambuf:591:26:[m[K [01;31m[Kerror: [m[Kâ€˜[01m[Kstreamsize[m[Kâ€™ has not been declared
       setbuf(char_type*, streamsize)
[01;32m[K                          ^[m[K
[01m[K/usr/include/c++/5/streambuf:648:15:[m[K [01;31m[Kerror: [m[Kâ€˜[01m[Kstreamsize[m[Kâ€™ does not name a type
       virtual streamsize
[01;32m[K               ^[m[K
[01m[K/usr/include/c++/5/streambuf:664:15:[m[K [01;31m[Kerror: [m[Kâ€˜[01m[Kstreamsize[m[Kâ€™ does not name a type
       virtual streamsize
[01;32m[K               ^[m[K
[01m[K/usr/include/c++/5/streambuf:741:15:[m[K [01;31m[Kerror: [m[Kâ€˜[01m[Kstreamsize[m[Kâ€™ does not name a type
       virtual streamsize
[01;32m[K               ^[m[K
[01m[K/usr/include/c++/5/streambuf:794:20:[m[K [01;31m[Kerror: [m[Kâ€˜[01m[Kstreamsize[m[Kâ€™ has not been declared
       __safe_gbump(streamsize __n) { _M_in_cur += __n; }
[01;32m[K                    ^[m[K
[01m[K/usr/include/c++/5/streambuf:797:20:[m[K [01;31m[Kerror: [m[Kâ€˜[01m[Kstreamsize[m[Kâ€™ has not been declared
       __safe_pbump(streamsize __n) { _M_out_cur += __n; }
[01;32m[K                    ^[m[K
[01m[K/usr/include/c++/5/streambuf:837:5:[m[K [01;31m[Kerror: [m[Kâ€˜[01m[Kstreamsize[m[Kâ€™ does not name a type
     streamsize
[01;32m[K     ^[m[K
[01m[K/usr/include/c++/5/streambuf:842:5:[m[K [01;31m[Kerror: [m[Kâ€˜[01m[Kstreamsize[m[Kâ€™ does not name a type
     streamsize
[01;32m[K     ^[m[K
In file included from [01m[K/usr/include/c++/5/streambuf:850:0[m[K,
                 from [01m[K/usr/include/c++/5/ios:43[m[K,
                 from [01m[K/usr/include/c++/5/ostream:38[m[K,
                 from [01m[K/usr/include/c++/5/iostream:39[m[K,
                 from [01m[K/home/hi/analysis_ws/src/point_analyzer/src/planar_segmentation.cpp:2[m[K:
[01m[K/usr/include/c++/5/bits/streambuf.tcc:44:5:[m[K [01;31m[Kerror: [m[Kâ€˜[01m[Kstreamsize[m[Kâ€™ does not name a type
     streamsize
[01;32m[K     ^[m[K
[01m[K/usr/include/c++/5/bits/streambuf.tcc:78:5:[m[K [01;31m[Kerror: [m[Kâ€˜[01m[Kstreamsize[m[Kâ€™ does not name a type
     streamsize
[01;32m[K     ^[m[K
[01m[K/usr/include/c++/5/bits/streambuf.tcc:115:5:[m[K [01;31m[Kerror: [m[Kâ€˜[01m[Kstreamsize[m[Kâ€™ does not name a type
     streamsize
[01;32m[K     ^[m[K
[01m[K/usr/include/c++/5/bits/streambuf.tcc:138:12:[m[K [01;31m[Kerror: [m[Kâ€˜[01m[Kstreamsize[m[Kâ€™ does not name a type
     inline streamsize
[01;32m[K            ^[m[K
[01m[K/usr/include/c++/5/bits/streambuf.tcc:151:5:[m[K [01;31m[Kerror: [m[Kâ€˜[01m[Kstreamsize[m[Kâ€™ is not a template function
     streamsize
[01;32m[K     ^[m[K
[01m[K/usr/include/c++/5/bits/streambuf.tcc:152:5:[m[K [01;31m[Kerror: [m[Kexpected â€˜[01m[K;[m[Kâ€™ before â€˜[01m[K__copy_streambufs[m[Kâ€™
     __copy_streambufs(basic_streambuf<char>*,
[01;32m[K     ^[m[K
[01m[K/usr/include/c++/5/bits/streambuf.tcc:155:5:[m[K [01;31m[Kerror: [m[Kâ€˜[01m[Kstreamsize[m[Kâ€™ is not a template function
     streamsize
[01;32m[K     ^[m[K
[01m[K/usr/include/c++/5/bits/streambuf.tcc:156:5:[m[K [01;31m[Kerror: [m[Kexpected â€˜[01m[K;[m[Kâ€™ before â€˜[01m[K__copy_streambufs_eof[m[Kâ€™
     __copy_streambufs_eof(basic_streambuf<char>*,
[01;32m[K     ^[m[K
[01m[K/usr/include/c++/5/bits/streambuf.tcc:162:5:[m[K [01;31m[Kerror: [m[Kâ€˜[01m[Kstreamsize[m[Kâ€™ is not a template function
     streamsize
[01;32m[K     ^[m[K
[01m[K/usr/include/c++/5/bits/streambuf.tcc:163:5:[m[K [01;31m[Kerror: [m[Kexpected â€˜[01m[K;[m[Kâ€™ before â€˜[01m[K__copy_streambufs[m[Kâ€™
     __copy_streambufs(basic_streambuf<wchar_t>*,
[01;32m[K     ^[m[K
[01m[K/usr/include/c++/5/bits/streambuf.tcc:166:5:[m[K [01;31m[Kerror: [m[Kâ€˜[01m[Kstreamsize[m[Kâ€™ is not a template function
     streamsize
[01;32m[K     ^[m[K
[01m[K/usr/include/c++/5/bits/streambuf.tcc:167:5:[m[K [01;31m[Kerror: [m[Kexpected â€˜[01m[K;[m[Kâ€™ before â€˜[01m[K__copy_streambufs_eof[m[Kâ€™
     __copy_streambufs_eof(basic_streambuf<wchar_t>*,
[01;32m[K     ^[m[K
In file included from [01m[K/usr/include/c++/5/bits/locale_facets.h:48:0[m[K,
                 from [01m[K/usr/include/c++/5/bits/basic_ios.h:37[m[K,
                 from [01m[K/usr/include/c++/5/ios:44[m[K,
                 from [01m[K/usr/include/c++/5/ostream:38[m[K,
                 from [01m[K/usr/include/c++/5/iostream:39[m[K,
                 from [01m[K/home/hi/analysis_ws/src/point_analyzer/src/planar_segmentation.cpp:2[m[K:
[01m[K/usr/include/c++/5/bits/streambuf_iterator.h:279:34:[m[K [01;31m[Kerror: [m[Kâ€˜[01m[Kstreamsize[m[Kâ€™ has not been declared
       _M_put(const _CharT* __ws, streamsize __len)
[01;32m[K                                  ^[m[K
[01m[K/usr/include/c++/5/bits/streambuf_iterator.h:[m[K In function â€˜[01m[Ktypename __gnu_cxx::__enable_if<std::__is_char<_CharT>::__value, std::ostreambuf_iterator<_CharT, std::char_traits<_CharT> > >::__type std::__copy_move_a2(_CharT*, _CharT*, std::ostreambuf_iterator<_CharT, std::char_traits<_CharT> >)[m[Kâ€™:
[01m[K/usr/include/c++/5/bits/streambuf_iterator.h:313:13:[m[K [01;31m[Kerror: [m[Kâ€˜[01m[Kstreamsize[m[Kâ€™ does not name a type
       const streamsize __num = __last - __first;
[01;32m[K             ^[m[K
[01m[K/usr/include/c++/5/bits/streambuf_iterator.h:314:11:[m[K [01;31m[Kerror: [m[Kâ€˜[01m[K__num[m[Kâ€™ was not declared in this scope
       if (__num > 0)
[01;32m[K           ^[m[K
[01m[K/usr/include/c++/5/bits/streambuf_iterator.h:[m[K In function â€˜[01m[Ktypename __gnu_cxx::__enable_if<std::__is_char<_CharT>::__value, std::ostreambuf_iterator<_CharT, std::char_traits<_CharT> > >::__type std::__copy_move_a2(const _CharT*, const _CharT*, std::ostreambuf_iterator<_CharT, std::char_traits<_CharT> >)[m[Kâ€™:
[01m[K/usr/include/c++/5/bits/streambuf_iterator.h:325:13:[m[K [01;31m[Kerror: [m[Kâ€˜[01m[Kstreamsize[m[Kâ€™ does not name a type
       const streamsize __num = __last - __first;
[01;32m[K             ^[m[K
[01m[K/usr/include/c++/5/bits/streambuf_iterator.h:326:11:[m[K [01;31m[Kerror: [m[Kâ€˜[01m[K__num[m[Kâ€™ was not declared in this scope
       if (__num > 0)
[01;32m[K           ^[m[K
[01m[K/usr/include/c++/5/bits/streambuf_iterator.h:[m[K In function â€˜[01m[Ktypename __gnu_cxx::__enable_if<std::__is_char<_CharT>::__value, _CharT*>::__type std::__copy_move_a2(std::istreambuf_iterator<_CharT, std::char_traits<_CharT> >, std::istreambuf_iterator<_CharT, std::char_traits<_CharT> >, _CharT*)[m[Kâ€™:
[01m[K/usr/include/c++/5/bits/streambuf_iterator.h:348:14:[m[K [01;31m[Kerror: [m[Kâ€˜[01m[Kstreamsize[m[Kâ€™ does not name a type
        const streamsize __n = __sb->egptr() - __sb->gptr();
[01;32m[K              ^[m[K
[01m[K/usr/include/c++/5/bits/streambuf_iterator.h:349:12:[m[K [01;31m[Kerror: [m[Kâ€˜[01m[K__n[m[Kâ€™ was not declared in this scope
        if (__n > 1)
[01;32m[K            ^[m[K
[01m[K/usr/include/c++/5/bits/streambuf_iterator.h:[m[K In function â€˜[01m[Ktypename __gnu_cxx::__enable_if<std::__is_char<_CharT2>::__value, std::istreambuf_iterator<_CharT> >::__type std::find(std::istreambuf_iterator<_CharT>, std::istreambuf_iterator<_CharT>, const _CharT2&)[m[Kâ€™:
[01m[K/usr/include/c++/5/bits/streambuf_iterator.h:385:8:[m[K [01;31m[Kerror: [m[Kâ€˜[01m[Kstreamsize[m[Kâ€™ was not declared in this scope
        streamsize __n = __sb->egptr() - __sb->gptr();
[01;32m[K        ^[m[K
[01m[K/usr/include/c++/5/bits/streambuf_iterator.h:386:12:[m[K [01;31m[Kerror: [m[Kâ€˜[01m[K__n[m[Kâ€™ was not declared in this scope
        if (__n > 1)
[01;32m[K            ^[m[K
In file included from [01m[K/usr/include/c++/5/bits/basic_ios.h:37:0[m[K,
                 from [01m[K/usr/include/c++/5/ios:44[m[K,
                 from [01m[K/usr/include/c++/5/ostream:38[m[K,
                 from [01m[K/usr/include/c++/5/iostream:39[m[K,
                 from [01m[K/home/hi/analysis_ws/src/point_analyzer/src/planar_segmentation.cpp:2[m[K:
[01m[K/usr/include/c++/5/bits/locale_facets.h:[m[K At global scope:
[01m[K/usr/include/c++/5/bits/locale_facets.h:99:29:[m[K [01;31m[Kerror: [m[Kâ€˜[01m[Kstreamsize[m[Kâ€™ has not been declared
       const _CharT* __olds, streamsize __newlen, streamsize __oldlen);
[01;32m[K                             ^[m[K
[01m[K/usr/include/c++/5/bits/locale_facets.h:99:50:[m[K [01;31m[Kerror: [m[Kâ€˜[01m[Kstreamsize[m[Kâ€™ has not been declared
       const _CharT* __olds, streamsize __newlen, streamsize __oldlen);
[01;32m[K                                                  ^[m[K
In file included from [01m[K/usr/include/c++/5/bits/basic_ios.h:37:0[m[K,
                 from [01m[K/usr/include/c++/5/ios:44[m[K,
                 from [01m[K/usr/include/c++/5/ostream:38[m[K,
                 from [01m[K/usr/include/c++/5/iostream:39[m[K,
                 from [01m[K/home/hi/analysis_ws/src/point_analyzer/src/planar_segmentation.cpp:2[m[K:
[01m[K/usr/include/c++/5/bits/locale_facets.h:2484:32:[m[K [01;31m[Kerror: [m[Kâ€˜[01m[Kstreamsize[m[Kâ€™ has not been declared
       _M_pad(char_type __fill, streamsize __w, ios_base& __io,
[01;32m[K                                ^[m[K
In file included from [01m[K/usr/include/c++/5/bits/locale_facets.h:2651:0[m[K,
                 from [01m[K/usr/include/c++/5/bits/basic_ios.h:37[m[K,
                 from [01m[K/usr/include/c++/5/ios:44[m[K,
                 from [01m[K/usr/include/c++/5/ostream:38[m[K,
                 from [01m[K/usr/include/c++/5/iostream:39[m[K,
                 from [01m[K/home/hi/analysis_ws/src/point_analyzer/src/planar_segmentation.cpp:2[m[K:
[01m[K/usr/include/c++/5/bits/locale_facets.tcc:780:27:[m[K [01;31m[Kerror: [m[Kâ€˜[01m[Kstreamsize[m[Kâ€™ has not been declared
     _M_pad(_CharT __fill, streamsize __w, ios_base& __io,
[01;32m[K                           ^[m[K
[01m[K/usr/include/c++/5/bits/locale_facets.tcc:[m[K In member function â€˜[01m[K_OutIter std::num_put<_CharT, _OutIter>::_M_insert_int(_OutIter, std::ios_base&, _CharT, _ValueT) const[m[Kâ€™:
[01m[K/usr/include/c++/5/bits/locale_facets.tcc:921:8:[m[K [01;31m[Kerror: [m[Kâ€˜[01m[Kstreamsize[m[Kâ€™ does not name a type
  const streamsize __w = __io.width();
[01;32m[K        ^[m[K
[01m[K/usr/include/c++/5/bits/locale_facets.tcc:922:6:[m[K [01;31m[Kerror: [m[Kâ€˜[01m[K__w[m[Kâ€™ was not declared in this scope
  if (__w > static_cast<streamsize>(__len))
[01;32m[K      ^[m[K
[01m[K/usr/include/c++/5/bits/locale_facets.tcc:922:24:[m[K [01;31m[Kerror: [m[Kâ€˜[01m[Kstreamsize[m[Kâ€™ does not name a type
  if (__w > static_cast<streamsize>(__len))
[01;32m[K                        ^[m[K
[01m[K/usr/include/c++/5/bits/locale_facets.tcc:929:7:[m[K [01;31m[Kerror: [m[Kâ€˜[01m[Kclass std::ios_base[m[Kâ€™ has no member named â€˜[01m[Kwidth[m[Kâ€™
  __io.width(0);
[01;32m[K       ^[m[K
[01m[K/usr/include/c++/5/bits/locale_facets.tcc:[m[K In member function â€˜[01m[K_OutIter std::num_put<_CharT, _OutIter>::_M_insert_float(_OutIter, std::ios_base&, _CharT, char, _ValueT) const[m[Kâ€™:
[01m[K/usr/include/c++/5/bits/locale_facets.tcc:984:8:[m[K [01;31m[Kerror: [m[Kâ€˜[01m[Kstreamsize[m[Kâ€™ does not name a type
  const streamsize __prec = __io.precision() < 0 ? 6 : __io.precision();
[01;32m[K        ^[m[K
[01m[K/usr/include/c++/5/bits/locale_facets.tcc:1006:14:[m[K [01;31m[Kerror: [m[Kâ€˜[01m[K__prec[m[Kâ€™ was not declared in this scope
      __fbuf, __prec, __v);
[01;32m[K              ^[m[K
[01m[K/usr/include/c++/5/bits/locale_facets.tcc:1018:18:[m[K [01;31m[Kerror: [m[Kâ€˜[01m[K__prec[m[Kâ€™ was not declared in this scope
          __fbuf, __prec, __v);
[01;32m[K                  ^[m[K
[01m[K/usr/include/c++/5/bits/locale_facets.tcc:1071:6:[m[K [01;31m[Kerror: [m[Kâ€˜[01m[Kstreamsize[m[Kâ€™ was not declared in this scope
      streamsize __off = 0;
[01;32m[K      ^[m[K
[01m[K/usr/include/c++/5/bits/locale_facets.tcc:1074:3:[m[K [01;31m[Kerror: [m[Kâ€˜[01m[K__off[m[Kâ€™ was not declared in this scope
   __off = 1;
[01;32m[K   ^[m[K
[01m[K/usr/include/c++/5/bits/locale_facets.tcc:1080:45:[m[K [01;31m[Kerror: [m[Kâ€˜[01m[K__off[m[Kâ€™ was not declared in this scope
       __lc->_M_thousands_sep, __wp, __ws2 + __off,
[01;32m[K                                             ^[m[K
[01m[K/usr/include/c++/5/bits/locale_facets.tcc:1088:8:[m[K [01;31m[Kerror: [m[Kâ€˜[01m[Kstreamsize[m[Kâ€™ does not name a type
  const streamsize __w = __io.width();
[01;32m[K        ^[m[K
[01m[K/usr/include/c++/5/bits/locale_facets.tcc:1089:6:[m[K [01;31m[Kerror: [m[Kâ€˜[01m[K__w[m[Kâ€™ was not declared in this scope
  if (__w > static_cast<streamsize>(__len))
[01;32m[K      ^[m[K
[01m[K/usr/include/c++/5/bits/locale_facets.tcc:1089:24:[m[K [01;31m[Kerror: [m[Kâ€˜[01m[Kstreamsize[m[Kâ€™ does not name a type
  if (__w > static_cast<streamsize>(__len))
[01;32m[K                        ^[m[K
[01m[K/usr/include/c++/5/bits/locale_facets.tcc:1096:7:[m[K [01;31m[Kerror: [m[Kâ€˜[01m[Kclass std::ios_base[m[Kâ€™ has no member named â€˜[01m[Kwidth[m[Kâ€™
  __io.width(0);
[01;32m[K       ^[m[K
[01m[K/usr/include/c++/5/bits/locale_facets.tcc:[m[K In member function â€˜[01m[Kvirtual _OutIter std::num_put<_CharT, _OutIter>::do_put(std::num_put<_CharT, _OutIter>::iter_type, std::ios_base&, std::num_put<_CharT, _OutIter>::char_type, bool) const[m[Kâ€™:
[01m[K/usr/include/c++/5/bits/locale_facets.tcc:1126:10:[m[K [01;31m[Kerror: [m[Kâ€˜[01m[Kstreamsize[m[Kâ€™ does not name a type
    const streamsize __w = __io.width();
[01;32m[K          ^[m[K
[01m[K/usr/include/c++/5/bits/locale_facets.tcc:1127:8:[m[K [01;31m[Kerror: [m[Kâ€˜[01m[K__w[m[Kâ€™ was not declared in this scope
    if (__w > static_cast<streamsize>(__len))
[01;32m[K        ^[m[K
[01m[K/usr/include/c++/5/bits/locale_facets.tcc:1127:26:[m[K [01;31m[Kerror: [m[Kâ€˜[01m[Kstreamsize[m[Kâ€™ does not name a type
    if (__w > static_cast<streamsize>(__len))
[01;32m[K                          ^[m[K
[01m[K/usr/include/c++/5/bits/locale_facets.tcc:1129:14:[m[K [01;31m[Kerror: [m[Kâ€˜[01m[Kstreamsize[m[Kâ€™ does not name a type
        const streamsize __plen = __w - __len;
[01;32m[K              ^[m[K
[01m[K/usr/include/c++/5/bits/locale_facets.tcc:1132:10:[m[K [01;31m[Kerror: [m[Kâ€˜[01m[K__plen[m[Kâ€™ was not declared in this scope
        * __plen));
[01;32m[K          ^[m[K
[01m[K/usr/include/c++/5/bits/locale_facets.tcc:1135:13:[m[K [01;31m[Kerror: [m[Kâ€˜[01m[Kclass std::ios_base[m[Kâ€™ has no member named â€˜[01m[Kwidth[m[Kâ€™
        __io.width(0);
[01;32m[K             ^[m[K
[01m[K/usr/include/c++/5/bits/locale_facets.tcc:1149:9:[m[K [01;31m[Kerror: [m[Kâ€˜[01m[Kclass std::ios_base[m[Kâ€™ has no member named â€˜[01m[Kwidth[m[Kâ€™
    __io.width(0);
[01;32m[K         ^[m[K
[01m[K/usr/include/c++/5/bits/locale_facets.tcc:[m[K At global scope:
[01m[K/usr/include/c++/5/bits/locale_facets.tcc:1210:8:[m[K [01;31m[Kerror: [m[Kâ€˜[01m[Kstreamsize[m[Kâ€™ has not been declared
        streamsize __newlen, streamsize __oldlen)
[01;32m[K        ^[m[K
[01m[K/usr/include/c++/5/bits/locale_facets.tcc:1210:29:[m[K [01;31m[Kerror: [m[Kâ€˜[01m[Kstreamsize[m[Kâ€™ has not been declared
        streamsize __newlen, streamsize __oldlen)
[01;32m[K                             ^[m[K
In file included from [01m[K/usr/include/c++/5/iostream:39:0[m[K,
                 from [01m[K/home/hi/analysis_ws/src/point_analyzer/src/planar_segmentation.cpp:2[m[K:
[01m[K/usr/include/c++/5/ostream:311:38:[m[K [01;31m[Kerror: [m[Kâ€˜[01m[Kstreamsize[m[Kâ€™ has not been declared
       _M_write(const char_type* __s, streamsize __n)
[01;32m[K                                      ^[m[K
[01m[K/usr/include/c++/5/ostream:335:35:[m[K [01;31m[Kerror: [m[Kâ€˜[01m[Kstreamsize[m[Kâ€™ has not been declared
       write(const char_type* __s, streamsize __n);
[01;32m[K                                   ^[m[K
[01m[K/usr/include/c++/5/ostream:[m[K In member function â€˜[01m[Kvoid std::basic_ostream<_CharT, _Traits>::_M_write(const char_type*, int)[m[Kâ€™:
[01m[K/usr/include/c++/5/ostream:313:8:[m[K [01;31m[Kerror: [m[Kâ€˜[01m[Kstreamsize[m[Kâ€™ does not name a type
  const streamsize __put = this->rdbuf()->sputn(__s, __n);
[01;32m[K        ^[m[K
[01m[K/usr/include/c++/5/ostream:314:6:[m[K [01;31m[Kerror: [m[Kâ€˜[01m[K__put[m[Kâ€™ was not declared in this scope
  if (__put != __n)
[01;32m[K      ^[m[K
[01m[K/usr/include/c++/5/ostream:[m[K In function â€˜[01m[Kstd::basic_ostream<_CharT, _Traits>& std::operator<<(std::basic_ostream<_CharT, _Traits>&, const _CharT*)[m[Kâ€™:
[01m[K/usr/include/c++/5/ostream:545:17:[m[K [01;31m[Kerror: [m[Kâ€˜[01m[Kstreamsize[m[Kâ€™ does not name a type
     static_cast<streamsize>(_Traits::length(__s)));
[01;32m[K                 ^[m[K
[01m[K/usr/include/c++/5/ostream:[m[K In function â€˜[01m[Kstd::basic_ostream<char, _Traits>& std::operator<<(std::basic_ostream<char, _Traits>&, const char*)[m[Kâ€™:
[01m[K/usr/include/c++/5/ostream:562:17:[m[K [01;31m[Kerror: [m[Kâ€˜[01m[Kstreamsize[m[Kâ€™ does not name a type
     static_cast<streamsize>(_Traits::length(__s)));
[01;32m[K                 ^[m[K
In file included from [01m[K/usr/include/c++/5/ostream:638:0[m[K,
                 from [01m[K/usr/include/c++/5/iostream:39[m[K,
                 from [01m[K/home/hi/analysis_ws/src/point_analyzer/src/planar_segmentation.cpp:2[m[K:
[01m[K/usr/include/c++/5/bits/ostream.tcc:[m[K At global scope:
[01m[K/usr/include/c++/5/bits/ostream.tcc:183:30:[m[K [01;31m[Kerror: [m[Kâ€˜[01m[Kstreamsize[m[Kâ€™ has not been declared
     write(const _CharT* __s, streamsize __n)
[01;32m[K                              ^[m[K
In file included from [01m[K/usr/include/c++/5/iostream:40:0[m[K,
                 from [01m[K/home/hi/analysis_ws/src/point_analyzer/src/planar_segmentation.cpp:2[m[K:
[01m[K/usr/include/c++/5/istream:82:7:[m[K [01;31m[Kerror: [m[Kâ€˜[01m[Kstreamsize[m[Kâ€™ does not name a type
       streamsize   _M_gcount;
[01;32m[K       ^[m[K
[01m[K/usr/include/c++/5/istream:268:7:[m[K [01;31m[Kerror: [m[Kâ€˜[01m[Kstreamsize[m[Kâ€™ does not name a type
       streamsize
[01;32m[K       ^[m[K
[01m[K/usr/include/c++/5/istream:343:27:[m[K [01;31m[Kerror: [m[Kâ€˜[01m[Kstreamsize[m[Kâ€™ has not been declared
       get(char_type* __s, streamsize __n, char_type __delim);
[01;32m[K                           ^[m[K
[01m[K/usr/include/c++/5/istream:354:27:[m[K [01;31m[Kerror: [m[Kâ€˜[01m[Kstreamsize[m[Kâ€™ has not been declared
       get(char_type* __s, streamsize __n)
[01;32m[K                           ^[m[K
[01m[K/usr/include/c++/5/istream:416:31:[m[K [01;31m[Kerror: [m[Kâ€˜[01m[Kstreamsize[m[Kâ€™ has not been declared
       getline(char_type* __s, streamsize __n, char_type __delim);
[01;32m[K                               ^[m[K
[01m[K/usr/include/c++/5/istream:427:31:[m[K [01;31m[Kerror: [m[Kâ€˜[01m[Kstreamsize[m[Kâ€™ has not been declared
       getline(char_type* __s, streamsize __n)
[01;32m[K                               ^[m[K
[01m[K/usr/include/c++/5/istream:451:7:[m[K [01;31m[Kerror: [m[Kexpected â€˜[01m[K;[m[Kâ€™ at end of member declaration
       ignore(streamsize __n, int_type __delim);
[01;32m[K       ^[m[K
[01m[K/usr/include/c++/5/istream:451:25:[m[K [01;31m[Kerror: [m[Kexpected â€˜[01m[K)[m[Kâ€™ before â€˜[01m[K__n[m[Kâ€™
       ignore(streamsize __n, int_type __delim);
[01;32m[K                         ^[m[K
[01m[K/usr/include/c++/5/istream:454:7:[m[K [01;31m[Kerror: [m[Kexpected â€˜[01m[K;[m[Kâ€™ at end of member declaration
       ignore(streamsize __n);
[01;32m[K       ^[m[K
[01m[K/usr/include/c++/5/istream:454:14:[m[K [01;31m[Kerror: [m[Kredeclaration of â€˜[01m[Kstd::basic_istream<_CharT, _Traits>::__istream_type& std::basic_istream<_CharT, _Traits>::ignore[m[Kâ€™
       ignore(streamsize __n);
[01;32m[K              ^[m[K
[01m[K/usr/include/c++/5/istream:451:14:[m[K [01;36m[Knote: [m[Kprevious declaration â€˜[01m[Kstd::basic_istream<_CharT, _Traits>::__istream_type& std::basic_istream<_CharT, _Traits>::ignore[m[Kâ€™
       ignore(streamsize __n, int_type __delim);
[01;32m[K              ^[m[K
[01m[K/usr/include/c++/5/istream:454:25:[m[K [01;31m[Kerror: [m[Kexpected â€˜[01m[K)[m[Kâ€™ before â€˜[01m[K__n[m[Kâ€™
       ignore(streamsize __n);
[01;32m[K                         ^[m[K
[01m[K/usr/include/c++/5/istream:457:14:[m[K [01;31m[Kerror: [m[Kâ€˜[01m[Kstd::basic_istream<_CharT, _Traits>::__istream_type& std::basic_istream<_CharT, _Traits>::ignore()[m[Kâ€™ conflicts with a previous declaration
       ignore();
[01;32m[K              ^[m[K
[01m[K/usr/include/c++/5/istream:451:14:[m[K [01;36m[Knote: [m[Kprevious declaration â€˜[01m[Kstd::basic_istream<_CharT, _Traits>::__istream_type& std::basic_istream<_CharT, _Traits>::ignore[m[Kâ€™
       ignore(streamsize __n, int_type __delim);
[01;32m[K              ^[m[K
[01m[K/usr/include/c++/5/istream:486:28:[m[K [01;31m[Kerror: [m[Kâ€˜[01m[Kstreamsize[m[Kâ€™ has not been declared
       read(char_type* __s, streamsize __n);
[01;32m[K                            ^[m[K
[01m[K/usr/include/c++/5/istream:504:7:[m[K [01;31m[Kerror: [m[Kâ€˜[01m[Kstreamsize[m[Kâ€™ does not name a type
       streamsize
[01;32m[K       ^[m[K
[01m[K/usr/include/c++/5/istream:[m[K In constructor â€˜[01m[Kstd::basic_istream<_CharT, _Traits>::basic_istream(std::basic_istream<_CharT, _Traits>::__streambuf_type*)[m[Kâ€™:
[01m[K/usr/include/c++/5/istream:94:9:[m[K [01;31m[Kerror: [m[Kclass â€˜[01m[Kstd::basic_istream<_CharT, _Traits>[m[Kâ€™ does not have any field named â€˜[01m[K_M_gcount[m[Kâ€™
       : _M_gcount(streamsize(0))
[01;32m[K         ^[m[K
[01m[K/usr/include/c++/5/istream:94:31:[m[K [01;31m[Kerror: [m[Kthere are no arguments to â€˜[01m[Kstreamsize[m[Kâ€™ that depend on a template parameter, so a declaration of â€˜[01m[Kstreamsize[m[Kâ€™ must be available [-fpermissive]
       : _M_gcount(streamsize(0))
[01;32m[K                               ^[m[K
[01m[K/usr/include/c++/5/istream:94:31:[m[K [01;36m[Knote: [m[K(if you use â€˜[01m[K-fpermissive[m[Kâ€™, G++ will accept your code, but allowing the use of an undeclared name is deprecated)
[01m[K/usr/include/c++/5/istream:[m[K In destructor â€˜[01m[Kvirtual std::basic_istream<_CharT, _Traits>::~basic_istream()[m[Kâ€™:
[01m[K/usr/include/c++/5/istream:104:9:[m[K [01;31m[Kerror: [m[Kâ€˜[01m[K_M_gcount[m[Kâ€™ was not declared in this scope
       { _M_gcount = streamsize(0); }
[01;32m[K         ^[m[K
[01m[K/usr/include/c++/5/istream:104:33:[m[K [01;31m[Kerror: [m[Kthere are no arguments to â€˜[01m[Kstreamsize[m[Kâ€™ that depend on a template parameter, so a declaration of â€˜[01m[Kstreamsize[m[Kâ€™ must be available [-fpermissive]
       { _M_gcount = streamsize(0); }
[01;32m[K                                 ^[m[K
[01m[K/usr/include/c++/5/istream:[m[K In constructor â€˜[01m[Kstd::basic_istream<_CharT, _Traits>::basic_istream()[m[Kâ€™:
[01m[K/usr/include/c++/5/istream:607:9:[m[K [01;31m[Kerror: [m[Kclass â€˜[01m[Kstd::basic_istream<_CharT, _Traits>[m[Kâ€™ does not have any field named â€˜[01m[K_M_gcount[m[Kâ€™
       : _M_gcount(streamsize(0))
[01;32m[K         ^[m[K
[01m[K/usr/include/c++/5/istream:607:31:[m[K [01;31m[Kerror: [m[Kthere are no arguments to â€˜[01m[Kstreamsize[m[Kâ€™ that depend on a template parameter, so a declaration of â€˜[01m[Kstreamsize[m[Kâ€™ must be available [-fpermissive]
       : _M_gcount(streamsize(0))
[01;32m[K                               ^[m[K
/usr/include/c++/5/istream: In instantiation of â€˜[01m[Kclass std::basic_istream<char>[m[Kâ€™:
[01m[K/usr/include/c++/5/istream:647:24:[m[K   required from here
[01m[K/usr/include/c++/5/istream:451:14:[m[K [01;31m[Kerror: [m[Kâ€˜[01m[Kstd::basic_istream<_CharT, _Traits>::__istream_type& std::basic_istream<_CharT, _Traits>::ignore() [with _CharT = char; _Traits = std::char_traits<char>; std::basic_istream<_CharT, _Traits>::__istream_type = std::basic_istream<char>][m[Kâ€™ conflicts with a previous declaration
       ignore(streamsize __n, int_type __delim);
[01;32m[K              ^[m[K
[01m[K/usr/include/c++/5/istream:451:14:[m[K [01;36m[Knote: [m[Kprevious declaration â€˜[01m[Kstd::basic_istream<char>::__istream_type& std::basic_istream<char>::ignore[m[Kâ€™
[01m[K/usr/include/c++/5/istream:[m[K At global scope:
[01m[K/usr/include/c++/5/istream:648:29:[m[K [01;31m[Kerror: [m[Kâ€˜[01m[Kstreamsize[m[Kâ€™ has not been declared
     getline(char_type* __s, streamsize __n, char_type __delim);
[01;32m[K                             ^[m[K
[01m[K/usr/include/c++/5/istream:653:12:[m[K [01;31m[Kerror: [m[Kâ€˜[01m[Kstd::basic_istream<char>& std::basic_istream<char>::ignore[m[Kâ€™ is not a static data member of â€˜[01m[Kclass std::basic_istream<char>[m[Kâ€™
     ignore(streamsize __n);
[01;32m[K            ^[m[K
[01m[K/usr/include/c++/5/istream:653:12:[m[K [01;31m[Kerror: [m[Kâ€˜[01m[Kstreamsize[m[Kâ€™ was not declared in this scope
[01m[K/usr/include/c++/5/istream:658:12:[m[K [01;31m[Kerror: [m[Kâ€˜[01m[Kstd::basic_istream<char>& std::basic_istream<char>::ignore[m[Kâ€™ is not a static data member of â€˜[01m[Kclass std::basic_istream<char>[m[Kâ€™
     ignore(streamsize __n, int_type __delim);
[01;32m[K            ^[m[K
[01m[K/usr/include/c++/5/istream:658:12:[m[K [01;31m[Kerror: [m[Kâ€˜[01m[Kstreamsize[m[Kâ€™ was not declared in this scope
[01m[K/usr/include/c++/5/istream:658:37:[m[K [01;31m[Kerror: [m[Kexpected primary-expression before â€˜[01m[K__delim[m[Kâ€™
     ignore(streamsize __n, int_type __delim);
[01;32m[K                                     ^[m[K
[01m[K/usr/include/c++/5/istream:658:44:[m[K [01;31m[Kerror: [m[Kexpression list treated as compound expression in initializer [-fpermissive]
     ignore(streamsize __n, int_type __delim);
[01;32m[K                                            ^[m[K
/usr/include/c++/5/istream: In instantiation of â€˜[01m[Kclass std::basic_istream<wchar_t>[m[Kâ€™:
[01m[K/usr/include/c++/5/istream:663:27:[m[K   required from here
[01m[K/usr/include/c++/5/istream:451:14:[m[K [01;31m[Kerror: [m[Kâ€˜[01m[Kstd::basic_istream<_CharT, _Traits>::__istream_type& std::basic_istream<_CharT, _Traits>::ignore() [with _CharT = wchar_t; _Traits = std::char_traits<wchar_t>; std::basic_istream<_CharT, _Traits>::__istream_type = std::basic_istream<wchar_t>][m[Kâ€™ conflicts with a previous declaration
       ignore(streamsize __n, int_type __delim);
[01;32m[K              ^[m[K
[01m[K/usr/include/c++/5/istream:451:14:[m[K [01;36m[Knote: [m[Kprevious declaration â€˜[01m[Kstd::basic_istream<wchar_t>::__istream_type& std::basic_istream<wchar_t>::ignore[m[Kâ€™
[01m[K/usr/include/c++/5/istream:664:29:[m[K [01;31m[Kerror: [m[Kâ€˜[01m[Kstreamsize[m[Kâ€™ has not been declared
     getline(char_type* __s, streamsize __n, char_type __delim);
[01;32m[K                             ^[m[K
[01m[K/usr/include/c++/5/istream:669:12:[m[K [01;31m[Kerror: [m[Kâ€˜[01m[Kstd::basic_istream<wchar_t>& std::basic_istream<wchar_t>::ignore[m[Kâ€™ is not a static data member of â€˜[01m[Kclass std::basic_istream<wchar_t>[m[Kâ€™
     ignore(streamsize __n);
[01;32m[K            ^[m[K
[01m[K/usr/include/c++/5/istream:669:12:[m[K [01;31m[Kerror: [m[Kâ€˜[01m[Kstreamsize[m[Kâ€™ was not declared in this scope
[01m[K/usr/include/c++/5/istream:674:12:[m[K [01;31m[Kerror: [m[Kâ€˜[01m[Kstd::basic_istream<wchar_t>& std::basic_istream<wchar_t>::ignore[m[Kâ€™ is not a static data member of â€˜[01m[Kclass std::basic_istream<wchar_t>[m[Kâ€™
     ignore(streamsize __n, int_type __delim);
[01;32m[K            ^[m[K
[01m[K/usr/include/c++/5/istream:674:12:[m[K [01;31m[Kerror: [m[Kâ€˜[01m[Kstreamsize[m[Kâ€™ was not declared in this scope
[01m[K/usr/include/c++/5/istream:674:37:[m[K [01;31m[Kerror: [m[Kexpected primary-expression before â€˜[01m[K__delim[m[Kâ€™
     ignore(streamsize __n, int_type __delim);
[01;32m[K                                     ^[m[K
[01m[K/usr/include/c++/5/istream:674:44:[m[K [01;31m[Kerror: [m[Kexpression list treated as compound expression in initializer [-fpermissive]
     ignore(streamsize __n, int_type __delim);
[01;32m[K                                            ^[m[K
In file included from [01m[K/usr/include/c++/5/istream:934:0[m[K,
                 from [01m[K/usr/include/c++/5/iostream:40[m[K,
                 from [01m[K/home/hi/analysis_ws/src/point_analyzer/src/planar_segmentation.cpp:2[m[K:
[01m[K/usr/include/c++/5/bits/istream.tcc:[m[K In member function â€˜[01m[Kstd::basic_istream<_CharT, _Traits>::int_type std::basic_istream<_CharT, _Traits>::get()[m[Kâ€™:
[01m[K/usr/include/c++/5/bits/istream.tcc:240:7:[m[K [01;31m[Kerror: [m[Kâ€˜[01m[K_M_gcount[m[Kâ€™ was not declared in this scope
       _M_gcount = 0;
[01;32m[K       ^[m[K
[01m[K/usr/include/c++/5/bits/istream.tcc:[m[K In member function â€˜[01m[Kstd::basic_istream<_CharT, _Traits>& std::basic_istream<_CharT, _Traits>::get(std::basic_istream<_CharT, _Traits>::char_type&)[m[Kâ€™:
[01m[K/usr/include/c++/5/bits/istream.tcc:274:7:[m[K [01;31m[Kerror: [m[Kâ€˜[01m[K_M_gcount[m[Kâ€™ was not declared in this scope
       _M_gcount = 0;
[01;32m[K       ^[m[K
[01m[K/usr/include/c++/5/bits/istream.tcc:[m[K At global scope:
[01m[K/usr/include/c++/5/bits/istream.tcc:309:25:[m[K [01;31m[Kerror: [m[Kâ€˜[01m[Kstreamsize[m[Kâ€™ has not been declared
     get(char_type* __s, streamsize __n, char_type __delim)
[01;32m[K                         ^[m[K
[01m[K/usr/include/c++/5/bits/istream.tcc:[m[K In member function â€˜[01m[Kstd::basic_istream<_CharT, _Traits>& std::basic_istream<_CharT, _Traits>::get(std::basic_istream<_CharT, _Traits>::char_type*, int, std::basic_istream<_CharT, _Traits>::char_type)[m[Kâ€™:
[01m[K/usr/include/c++/5/bits/istream.tcc:311:7:[m[K [01;31m[Kerror: [m[Kâ€˜[01m[K_M_gcount[m[Kâ€™ was not declared in this scope
       _M_gcount = 0;
[01;32m[K       ^[m[K
[01m[K/usr/include/c++/5/bits/istream.tcc:[m[K In member function â€˜[01m[Kstd::basic_istream<_CharT, _Traits>& std::basic_istream<_CharT, _Traits>::get(std::basic_istream<_CharT, _Traits>::__streambuf_type&, std::basic_istream<_CharT, _Traits>::char_type)[m[Kâ€™:
[01m[K/usr/include/c++/5/bits/istream.tcc:358:7:[m[K [01;31m[Kerror: [m[Kâ€˜[01m[K_M_gcount[m[Kâ€™ was not declared in this scope
       _M_gcount = 0;
[01;32m[K       ^[m[K
[01m[K/usr/include/c++/5/bits/istream.tcc:[m[K At global scope:
[01m[K/usr/include/c++/5/bits/istream.tcc:400:29:[m[K [01;31m[Kerror: [m[Kâ€˜[01m[Kstreamsize[m[Kâ€™ has not been declared
     getline(char_type* __s, streamsize __n, char_type __delim)
[01;32m[K                             ^[m[K
[01m[K/usr/include/c++/5/bits/istream.tcc:[m[K In member function â€˜[01m[Kstd::basic_istream<_CharT, _Traits>& std::basic_istream<_CharT, _Traits>::getline(std::basic_istream<_CharT, _Traits>::char_type*, int, std::basic_istream<_CharT, _Traits>::char_type)[m[Kâ€™:
[01m[K/usr/include/c++/5/bits/istream.tcc:402:7:[m[K [01;31m[Kerror: [m[Kâ€˜[01m[K_M_gcount[m[Kâ€™ was not declared in this scope
       _M_gcount = 0;
[01;32m[K       ^[m[K
[01m[K/usr/include/c++/5/bits/istream.tcc:[m[K In member function â€˜[01m[Kstd::basic_istream<_CharT, _Traits>& std::basic_istream<_CharT, _Traits>::ignore()[m[Kâ€™:
[01m[K/usr/include/c++/5/bits/istream.tcc:462:7:[m[K [01;31m[Kerror: [m[Kâ€˜[01m[K_M_gcount[m[Kâ€™ was not declared in this scope
       _M_gcount = 0;
[01;32m[K       ^[m[K
[01m[K/usr/include/c++/5/bits/istream.tcc:[m[K At global scope:
[01m[K/usr/include/c++/5/bits/istream.tcc:493:12:[m[K [01;31m[Kerror: [m[Kâ€˜[01m[Kstd::basic_istream<_CharT, _Traits>& std::basic_istream<_CharT, _Traits>::ignore[m[Kâ€™ is not a static data member of â€˜[01m[Kclass std::basic_istream<_CharT, _Traits>[m[Kâ€™
     ignore(streamsize __n)
[01;32m[K            ^[m[K
[01m[K/usr/include/c++/5/bits/istream.tcc:493:12:[m[K [01;31m[Kerror: [m[Ktemplate definition of non-template â€˜[01m[Kstd::basic_istream<_CharT, _Traits>& std::basic_istream<_CharT, _Traits>::ignore[m[Kâ€™
[01m[K/usr/include/c++/5/bits/istream.tcc:493:12:[m[K [01;31m[Kerror: [m[Kâ€˜[01m[Kstreamsize[m[Kâ€™ was not declared in this scope
[01m[K/usr/include/c++/5/bits/istream.tcc:555:12:[m[K [01;31m[Kerror: [m[Kâ€˜[01m[Kstd::basic_istream<_CharT, _Traits>& std::basic_istream<_CharT, _Traits>::ignore[m[Kâ€™ is not a static data member of â€˜[01m[Kclass std::basic_istream<_CharT, _Traits>[m[Kâ€™
     ignore(streamsize __n, int_type __delim)
[01;32m[K            ^[m[K
[01m[K/usr/include/c++/5/bits/istream.tcc:555:12:[m[K [01;31m[Kerror: [m[Ktemplate definition of non-template â€˜[01m[Kstd::basic_istream<_CharT, _Traits>& std::basic_istream<_CharT, _Traits>::ignore[m[Kâ€™
[01m[K/usr/include/c++/5/bits/istream.tcc:555:12:[m[K [01;31m[Kerror: [m[Kâ€˜[01m[Kstreamsize[m[Kâ€™ was not declared in this scope
[01m[K/usr/include/c++/5/bits/istream.tcc:555:37:[m[K [01;31m[Kerror: [m[Kexpected primary-expression before â€˜[01m[K__delim[m[Kâ€™
     ignore(streamsize __n, int_type __delim)
[01;32m[K                                     ^[m[K
[01m[K/usr/include/c++/5/bits/istream.tcc:[m[K In member function â€˜[01m[Kstd::basic_istream<_CharT, _Traits>::int_type std::basic_istream<_CharT, _Traits>::peek()[m[Kâ€™:
[01m[K/usr/include/c++/5/bits/istream.tcc:623:7:[m[K [01;31m[Kerror: [m[Kâ€˜[01m[K_M_gcount[m[Kâ€™ was not declared in this scope
       _M_gcount = 0;
[01;32m[K       ^[m[K
[01m[K/usr/include/c++/5/bits/istream.tcc:[m[K At global scope:
[01m[K/usr/include/c++/5/bits/istream.tcc:650:26:[m[K [01;31m[Kerror: [m[Kâ€˜[01m[Kstreamsize[m[Kâ€™ has not been declared
     read(char_type* __s, streamsize __n)
[01;32m[K                          ^[m[K
[01m[K/usr/include/c++/5/bits/istream.tcc:[m[K In member function â€˜[01m[Kstd::basic_istream<_CharT, _Traits>& std::basic_istream<_CharT, _Traits>::read(std::basic_istream<_CharT, _Traits>::char_type*, int)[m[Kâ€™:
[01m[K/usr/include/c++/5/bits/istream.tcc:652:7:[m[K [01;31m[Kerror: [m[Kâ€˜[01m[K_M_gcount[m[Kâ€™ was not declared in this scope
       _M_gcount = 0;
[01;32m[K       ^[m[K
[01m[K/usr/include/c++/5/bits/istream.tcc:[m[K At global scope:
[01m[K/usr/include/c++/5/bits/istream.tcc:677:5:[m[K [01;31m[Kerror: [m[Kâ€˜[01m[Kstreamsize[m[Kâ€™ does not name a type
     streamsize
[01;32m[K     ^[m[K
[01m[K/usr/include/c++/5/bits/istream.tcc:[m[K In member function â€˜[01m[Kstd::basic_istream<_CharT, _Traits>& std::basic_istream<_CharT, _Traits>::putback(std::basic_istream<_CharT, _Traits>::char_type)[m[Kâ€™:
[01m[K/usr/include/c++/5/bits/istream.tcc:715:7:[m[K [01;31m[Kerror: [m[Kâ€˜[01m[K_M_gcount[m[Kâ€™ was not declared in this scope
       _M_gcount = 0;
[01;32m[K       ^[m[K
[01m[K/usr/include/c++/5/bits/istream.tcc:[m[K In member function â€˜[01m[Kstd::basic_istream<_CharT, _Traits>& std::basic_istream<_CharT, _Traits>::unget()[m[Kâ€™:
[01m[K/usr/include/c++/5/bits/istream.tcc:750:7:[m[K [01;31m[Kerror: [m[Kâ€˜[01m[K_M_gcount[m[Kâ€™ was not declared in this scope
       _M_gcount = 0;
[01;32m[K       ^[m[K
[01m[K/usr/include/c++/5/bits/istream.tcc:[m[K In function â€˜[01m[Kstd::basic_istream<_CharT, _Traits>& std::operator>>(std::basic_istream<_CharT, _Traits>&, _CharT2*)[m[Kâ€™:
[01m[K/usr/include/c++/5/bits/istream.tcc:963:7:[m[K [01;31m[Kerror: [m[Kâ€˜[01m[Kstreamsize[m[Kâ€™ was not declared in this scope
       streamsize __extracted = 0;
[01;32m[K       ^[m[K
[01m[K/usr/include/c++/5/bits/istream.tcc:971:19:[m[K [01;31m[Kerror: [m[Kexpected â€˜[01m[K;[m[Kâ€™ before â€˜[01m[K__num[m[Kâ€™
        streamsize __num = __in.width();
[01;32m[K                   ^[m[K
[01m[K/usr/include/c++/5/bits/istream.tcc:972:12:[m[K [01;31m[Kerror: [m[Kâ€˜[01m[K__num[m[Kâ€™ was not declared in this scope
        if (__num <= 0)
[01;32m[K            ^[m[K
[01m[K/usr/include/c++/5/bits/istream.tcc:973:49:[m[K [01;31m[Kerror: [m[Ktype/value mismatch at argument 1 in template parameter list for â€˜[01m[Ktemplate<class _Value> struct __gnu_cxx::__numeric_traits[m[Kâ€™
   __num = __gnu_cxx::__numeric_traits<streamsize>::__max;
[01;32m[K                                                 ^[m[K
[01m[K/usr/include/c++/5/bits/istream.tcc:973:49:[m[K [01;36m[Knote: [m[K  expected a type, got â€˜[01m[Kstreamsize[m[Kâ€™
[01m[K/usr/include/c++/5/bits/istream.tcc:981:15:[m[K [01;31m[Kerror: [m[Kâ€˜[01m[K__extracted[m[Kâ€™ was not declared in this scope
        while (__extracted < __num - 1
[01;32m[K               ^[m[K
[01m[K/usr/include/c++/5/bits/istream.tcc:981:29:[m[K [01;31m[Kerror: [m[Kâ€˜[01m[K__num[m[Kâ€™ was not declared in this scope
        while (__extracted < __num - 1
[01;32m[K                             ^[m[K
[01m[K/usr/include/c++/5/bits/istream.tcc:1006:12:[m[K [01;31m[Kerror: [m[Kâ€˜[01m[K__extracted[m[Kâ€™ was not declared in this scope
       if (!__extracted)
[01;32m[K            ^[m[K
In file included from [01m[K/usr/include/c++/5/vector:64:0[m[K,
                 from [01m[K/usr/include/pcl-1.7/pcl/ModelCoefficients.h:4[m[K,
                 from [01m[K/home/hi/analysis_ws/src/point_analyzer/src/planar_segmentation.cpp:3[m[K:
[01m[K/usr/include/c++/5/bits/stl_vector.h:[m[K At global scope:
[01m[K/usr/include/c++/5/bits/stl_vector.h:237:15:[m[K [01;31m[Kerror: [m[Kâ€˜[01m[Kptrdiff_t[m[Kâ€™ does not name a type
       typedef ptrdiff_t      difference_type;
[01;32m[K               ^[m[K
In file included from [01m[K/usr/include/c++/5/vector:65:0[m[K,
                 from [01m[K/usr/include/pcl-1.7/pcl/ModelCoefficients.h:4[m[K,
                 from [01m[K/home/hi/analysis_ws/src/point_analyzer/src/planar_segmentation.cpp:3[m[K:
[01m[K/usr/include/c++/5/bits/stl_bvector.h:137:63:[m[K [01;31m[Kerror: [m[Ktemplate argument 3 is invalid
   : public std::iterator<std::random_access_iterator_tag, bool>
[01;32m[K                                                               ^[m[K
[01m[K/usr/include/c++/5/bits/stl_bvector.h:166:13:[m[K [01;31m[Kerror: [m[Kâ€˜[01m[Kptrdiff_t[m[Kâ€™ has not been declared
     _M_incr(ptrdiff_t __i)
[01;32m[K             ^[m[K
[01m[K/usr/include/c++/5/bits/stl_bvector.h:[m[K In member function â€˜[01m[Kvoid std::_Bit_iterator_base::_M_incr(int)[m[Kâ€™:
[01m[K/usr/include/c++/5/bits/stl_bvector.h:168:7:[m[K [01;31m[Kerror: [m[Kâ€˜[01m[Kdifference_type[m[Kâ€™ was not declared in this scope
       difference_type __n = __i + _M_offset;
[01;32m[K       ^[m[K
[01m[K/usr/include/c++/5/bits/stl_bvector.h:169:15:[m[K [01;31m[Kerror: [m[Kâ€˜[01m[K__n[m[Kâ€™ was not declared in this scope
       _M_p += __n / int(_S_word_bit);
[01;32m[K               ^[m[K
[01m[K/usr/include/c++/5/bits/stl_bvector.h:[m[K At global scope:
[01m[K/usr/include/c++/5/bits/stl_bvector.h:207:10:[m[K [01;31m[Kerror: [m[Kâ€˜[01m[Kptrdiff_t[m[Kâ€™ does not name a type
   inline ptrdiff_t
[01;32m[K          ^[m[K
[01m[K/usr/include/c++/5/bits/stl_bvector.h:264:16:[m[K [01;31m[Kerror: [m[Kdeclaration of â€˜[01m[Koperator+=[m[Kâ€™ as non-function
     operator+=(difference_type __i)
[01;32m[K                ^[m[K
[01m[K/usr/include/c++/5/bits/stl_bvector.h:264:13:[m[K [01;31m[Kerror: [m[Kexpected â€˜[01m[K;[m[Kâ€™ at end of member declaration
     operator+=(difference_type __i)
[01;32m[K             ^[m[K
[01m[K/usr/include/c++/5/bits/stl_bvector.h:264:32:[m[K [01;31m[Kerror: [m[Kexpected â€˜[01m[K)[m[Kâ€™ before â€˜[01m[K__i[m[Kâ€™
     operator+=(difference_type __i)
[01;32m[K                                ^[m[K
[01m[K/usr/include/c++/5/bits/stl_bvector.h:271:16:[m[K [01;31m[Kerror: [m[Kdeclaration of â€˜[01m[Koperator-=[m[Kâ€™ as non-function
     operator-=(difference_type __i)
[01;32m[K                ^[m[K
[01m[K/usr/include/c++/5/bits/stl_bvector.h:271:13:[m[K [01;31m[Kerror: [m[Kexpected â€˜[01m[K;[m[Kâ€™ at end of member declaration
     operator-=(difference_type __i)
[01;32m[K             ^[m[K
[01m[K/usr/include/c++/5/bits/stl_bvector.h:271:32:[m[K [01;31m[Kerror: [m[Kexpected â€˜[01m[K)[m[Kâ€™ before â€˜[01m[K__i[m[Kâ€™
     operator-=(difference_type __i)
[01;32m[K                                ^[m[K
[01m[K/usr/include/c++/5/bits/stl_bvector.h:278:15:[m[K [01;31m[Kerror: [m[Kâ€˜[01m[Kdifference_type[m[Kâ€™ has not been declared
     operator+(difference_type __i) const
[01;32m[K               ^[m[K
[01m[K/usr/include/c++/5/bits/stl_bvector.h:285:15:[m[K [01;31m[Kerror: [m[Kâ€˜[01m[Kdifference_type[m[Kâ€™ has not been declared
     operator-(difference_type __i) const
[01;32m[K               ^[m[K
[01m[K/usr/include/c++/5/bits/stl_bvector.h:292:16:[m[K [01;31m[Kerror: [m[Kâ€˜[01m[Kdifference_type[m[Kâ€™ has not been declared
     operator[](difference_type __i) const
[01;32m[K                ^[m[K
[01m[K/usr/include/c++/5/bits/stl_bvector.h:[m[K In member function â€˜[01m[Kstd::_Bit_iterator::iterator std::_Bit_iterator::operator+(int) const[m[Kâ€™:
[01m[K/usr/include/c++/5/bits/stl_bvector.h:281:20:[m[K [01;31m[Kerror: [m[Kno match for â€˜[01m[Koperator+=[m[Kâ€™ (operand types are â€˜[01m[Kstd::_Bit_iterator::iterator {aka std::_Bit_iterator}[m[Kâ€™ and â€˜[01m[Kint[m[Kâ€™)
       return __tmp += __i;
[01;32m[K                    ^[m[K
[01m[K/usr/include/c++/5/bits/stl_bvector.h:[m[K In member function â€˜[01m[Kstd::_Bit_iterator::iterator std::_Bit_iterator::operator-(int) const[m[Kâ€™:
[01m[K/usr/include/c++/5/bits/stl_bvector.h:288:20:[m[K [01;31m[Kerror: [m[Kno match for â€˜[01m[Koperator-=[m[Kâ€™ (operand types are â€˜[01m[Kstd::_Bit_iterator::iterator {aka std::_Bit_iterator}[m[Kâ€™ and â€˜[01m[Kint[m[Kâ€™)
       return __tmp -= __i;
[01;32m[K                    ^[m[K
[01m[K/usr/include/c++/5/bits/stl_bvector.h:[m[K At global scope:
[01m[K/usr/include/c++/5/bits/stl_bvector.h:297:13:[m[K [01;31m[Kerror: [m[Kdeclaration of â€˜[01m[Koperator+[m[Kâ€™ as non-function
   operator+(ptrdiff_t __n, const _Bit_iterator& __x)
[01;32m[K             ^[m[K
[01m[K/usr/include/c++/5/bits/stl_bvector.h:297:13:[m[K [01;31m[Kerror: [m[Kâ€˜[01m[Kptrdiff_t[m[Kâ€™ was not declared in this scope
[01m[K/usr/include/c++/5/bits/stl_bvector.h:297:28:[m[K [01;31m[Kerror: [m[Kexpected primary-expression before â€˜[01m[Kconst[m[Kâ€™
   operator+(ptrdiff_t __n, const _Bit_iterator& __x)
[01;32m[K                            ^[m[K
[01m[K/usr/include/c++/5/bits/stl_bvector.h:354:16:[m[K [01;31m[Kerror: [m[Kdeclaration of â€˜[01m[Koperator+=[m[Kâ€™ as non-function
     operator+=(difference_type __i)
[01;32m[K                ^[m[K
[01m[K/usr/include/c++/5/bits/stl_bvector.h:354:13:[m[K [01;31m[Kerror: [m[Kexpected â€˜[01m[K;[m[Kâ€™ at end of member declaration
     operator+=(difference_type __i)
[01;32m[K             ^[m[K
[01m[K/usr/include/c++/5/bits/stl_bvector.h:354:32:[m[K [01;31m[Kerror: [m[Kexpected â€˜[01m[K)[m[Kâ€™ before â€˜[01m[K__i[m[Kâ€™
     operator+=(difference_type __i)
[01;32m[K                                ^[m[K
[01m[K/usr/include/c++/5/bits/stl_bvector.h:361:16:[m[K [01;31m[Kerror: [m[Kdeclaration of â€˜[01m[Koperator-=[m[Kâ€™ as non-function
     operator-=(difference_type __i)
[01;32m[K                ^[m[K
[01m[K/usr/include/c++/5/bits/stl_bvector.h:361:13:[m[K [01;31m[Kerror: [m[Kexpected â€˜[01m[K;[m[Kâ€™ at end of member declaration
     operator-=(difference_type __i)
[01;32m[K             ^[m[K
[01m[K/usr/include/c++/5/bits/stl_bvector.h:361:32:[m[K [01;31m[Kerror: [m[Kexpected â€˜[01m[K)[m[Kâ€™ before â€˜[01m[K__i[m[Kâ€™
     operator-=(difference_type __i)
[01;32m[K                                ^[m[K
[01m[K/usr/include/c++/5/bits/stl_bvector.h:368:15:[m[K [01;31m[Kerror: [m[Kâ€˜[01m[Kdifference_type[m[Kâ€™ has not been declared
     operator+(difference_type __i) const
[01;32m[K               ^[m[K
[01m[K/usr/include/c++/5/bits/stl_bvector.h:375:15:[m[K [01;31m[Kerror: [m[Kâ€˜[01m[Kdifference_type[m[Kâ€™ has not been declared
     operator-(difference_type __i) const
[01;32m[K               ^[m[K
[01m[K/usr/include/c++/5/bits/stl_bvector.h:382:16:[m[K [01;31m[Kerror: [m[Kâ€˜[01m[Kdifference_type[m[Kâ€™ has not been declared
     operator[](difference_type __i) const
[01;32m[K                ^[m[K
[01m[K/usr/include/c++/5/bits/stl_bvector.h:[m[K In member function â€˜[01m[Kstd::_Bit_const_iterator::const_iterator std::_Bit_const_iterator::operator+(int) const[m[Kâ€™:
[01m[K/usr/include/c++/5/bits/stl_bvector.h:371:20:[m[K [01;31m[Kerror: [m[Kno match for â€˜[01m[Koperator+=[m[Kâ€™ (operand types are â€˜[01m[Kstd::_Bit_const_iterator::const_iterator {aka std::_Bit_const_iterator}[m[Kâ€™ and â€˜[01m[Kint[m[Kâ€™)
       return __tmp += __i;
[01;32m[K                    ^[m[K
[01m[K/usr/include/c++/5/bits/stl_bvector.h:[m[K In member function â€˜[01m[Kstd::_Bit_const_iterator::const_iterator std::_Bit_const_iterator::operator-(int) const[m[Kâ€™:
[01m[K/usr/include/c++/5/bits/stl_bvector.h:378:20:[m[K [01;31m[Kerror: [m[Kno match for â€˜[01m[Koperator-=[m[Kâ€™ (operand types are â€˜[01m[Kstd::_Bit_const_iterator::const_iterator {aka std::_Bit_const_iterator}[m[Kâ€™ and â€˜[01m[Kint[m[Kâ€™)
       return __tmp -= __i;
[01;32m[K                    ^[m[K
[01m[K/usr/include/c++/5/bits/stl_bvector.h:[m[K At global scope:
[01m[K/usr/include/c++/5/bits/stl_bvector.h:387:13:[m[K [01;31m[Kerror: [m[Kdeclaration of â€˜[01m[Koperator+[m[Kâ€™ as non-function
   operator+(ptrdiff_t __n, const _Bit_const_iterator& __x)
[01;32m[K             ^[m[K
[01m[K/usr/include/c++/5/bits/stl_bvector.h:387:13:[m[K [01;31m[Kerror: [m[Kâ€˜[01m[Kptrdiff_t[m[Kâ€™ was not declared in this scope
[01m[K/usr/include/c++/5/bits/stl_bvector.h:387:28:[m[K [01;31m[Kerror: [m[Kexpected primary-expression before â€˜[01m[Kconst[m[Kâ€™
   operator+(ptrdiff_t __n, const _Bit_const_iterator& __x)
[01;32m[K                            ^[m[K
[01m[K/usr/include/c++/5/bits/stl_bvector.h:554:13:[m[K [01;31m[Kerror: [m[Kâ€˜[01m[Kptrdiff_t[m[Kâ€™ does not name a type
     typedef ptrdiff_t                                    difference_type;
[01;32m[K             ^[m[K
In file included from [01m[K/usr/include/c++/5/bits/stl_algobase.h:65:0[m[K,
                 from [01m[K/usr/include/c++/5/bits/char_traits.h:39[m[K,
                 from [01m[K/usr/include/c++/5/ios:40[m[K,
                 from [01m[K/usr/include/c++/5/ostream:38[m[K,
                 from [01m[K/usr/include/c++/5/iostream:39[m[K,
                 from [01m[K/home/hi/analysis_ws/src/point_analyzer/src/planar_segmentation.cpp:2[m[K:
/usr/include/c++/5/bits/stl_iterator_base_types.h: In instantiation of â€˜[01m[Kstruct std::iterator_traits<std::_Bit_iterator>[m[Kâ€™:
[01m[K/usr/include/c++/5/bits/stl_iterator.h:97:11:[m[K   required from â€˜[01m[Kclass std::reverse_iterator<std::_Bit_iterator>[m[Kâ€™
[01m[K/usr/include/c++/5/bits/stl_bvector.h:796:5:[m[K   required from here
[01m[K/usr/include/c++/5/bits/stl_iterator_base_types.h:168:53:[m[K [01;31m[Kerror: [m[Kno type named â€˜[01m[Kiterator_category[m[Kâ€™ in â€˜[01m[Kstruct std::_Bit_iterator[m[Kâ€™
       typedef typename _Iterator::iterator_category iterator_category;
[01;32m[K                                                     ^[m[K
[01m[K/usr/include/c++/5/bits/stl_iterator_base_types.h:169:53:[m[K [01;31m[Kerror: [m[Kno type named â€˜[01m[Kvalue_type[m[Kâ€™ in â€˜[01m[Kstruct std::_Bit_iterator[m[Kâ€™
       typedef typename _Iterator::value_type        value_type;
[01;32m[K                                                     ^[m[K
[01m[K/usr/include/c++/5/bits/stl_iterator_base_types.h:170:53:[m[K [01;31m[Kerror: [m[Kno type named â€˜[01m[Kdifference_type[m[Kâ€™ in â€˜[01m[Kstruct std::_Bit_iterator[m[Kâ€™
       typedef typename _Iterator::difference_type   difference_type;
[01;32m[K                                                     ^[m[K
/usr/include/c++/5/bits/stl_iterator_base_types.h: In instantiation of â€˜[01m[Kstruct std::iterator_traits<std::_Bit_const_iterator>[m[Kâ€™:
[01m[K/usr/include/c++/5/bits/stl_iterator.h:97:11:[m[K   required from â€˜[01m[Kclass std::reverse_iterator<std::_Bit_const_iterator>[m[Kâ€™
[01m[K/usr/include/c++/5/bits/stl_bvector.h:800:5:[m[K   required from here
[01m[K/usr/include/c++/5/bits/stl_iterator_base_types.h:168:53:[m[K [01;31m[Kerror: [m[Kno type named â€˜[01m[Kiterator_category[m[Kâ€™ in â€˜[01m[Kstruct std::_Bit_const_iterator[m[Kâ€™
       typedef typename _Iterator::iterator_category iterator_category;
[01;32m[K                                                     ^[m[K
[01m[K/usr/include/c++/5/bits/stl_iterator_base_types.h:169:53:[m[K [01;31m[Kerror: [m[Kno type named â€˜[01m[Kvalue_type[m[Kâ€™ in â€˜[01m[Kstruct std::_Bit_const_iterator[m[Kâ€™
       typedef typename _Iterator::value_type        value_type;
[01;32m[K                                                     ^[m[K
[01m[K/usr/include/c++/5/bits/stl_iterator_base_types.h:170:53:[m[K [01;31m[Kerror: [m[Kno type named â€˜[01m[Kdifference_type[m[Kâ€™ in â€˜[01m[Kstruct std::_Bit_const_iterator[m[Kâ€™
       typedef typename _Iterator::difference_type   difference_type;
[01;32m[K                                                     ^[m[K
In file included from [01m[K/usr/include/c++/5/vector:65:0[m[K,
                 from [01m[K/usr/include/pcl-1.7/pcl/ModelCoefficients.h:4[m[K,
                 from [01m[K/home/hi/analysis_ws/src/point_analyzer/src/planar_segmentation.cpp:3[m[K:
[01m[K/usr/include/c++/5/bits/stl_bvector.h:[m[K In member function â€˜[01m[Kstd::vector<bool, _Alloc>::size_type std::vector<bool, _Alloc>::max_size() const[m[Kâ€™:
[01m[K/usr/include/c++/5/bits/stl_bvector.h:836:30:[m[K [01;31m[Kerror: [m[Kâ€˜[01m[Kdifference_type[m[Kâ€™ was not declared in this scope
  __gnu_cxx::__numeric_traits<difference_type>::__max
[01;32m[K                              ^[m[K
[01m[K/usr/include/c++/5/bits/stl_bvector.h:836:45:[m[K [01;31m[Kerror: [m[Ktemplate argument 1 is invalid
  __gnu_cxx::__numeric_traits<difference_type>::__max
[01;32m[K                                             ^[m[K
[01m[K/usr/include/c++/5/bits/stl_bvector.h:[m[K In member function â€˜[01m[Kstd::vector<bool, _Alloc>::iterator std::vector<bool, _Alloc>::insert(std::vector<bool, _Alloc>::iterator, const bool&)[m[Kâ€™:
[01m[K/usr/include/c++/5/bits/stl_bvector.h:959:13:[m[K [01;31m[Kerror: [m[Kâ€˜[01m[Kdifference_type[m[Kâ€™ does not name a type
       const difference_type __n = __position - begin();
[01;32m[K             ^[m[K
[01m[K/usr/include/c++/5/bits/stl_bvector.h:965:24:[m[K [01;31m[Kerror: [m[Kâ€˜[01m[K__n[m[Kâ€™ was not declared in this scope
       return begin() + __n;
[01;32m[K                        ^[m[K
[01m[K/usr/include/c++/5/bits/stl_bvector.h:[m[K In member function â€˜[01m[Kvoid std::vector<bool, _Alloc>::resize(std::vector<bool, _Alloc>::size_type, bool)[m[Kâ€™:
[01m[K/usr/include/c++/5/bits/stl_bvector.h:1035:61:[m[K [01;31m[Kerror: [m[Kthere are no arguments to â€˜[01m[Kdifference_type[m[Kâ€™ that depend on a template parameter, so a declaration of â€˜[01m[Kdifference_type[m[Kâ€™ must be available [-fpermissive]
         _M_erase_at_end(begin() + difference_type(__new_size));
[01;32m[K                                                             ^[m[K
[01m[K/usr/include/c++/5/bits/stl_bvector.h:[m[K In member function â€˜[01m[Kvoid std::vector<bool, _Alloc>::_M_initialize(std::vector<bool, _Alloc>::size_type)[m[Kâ€™:
[01m[K/usr/include/c++/5/bits/stl_bvector.h:1087:77:[m[K [01;31m[Kerror: [m[Kthere are no arguments to â€˜[01m[Kdifference_type[m[Kâ€™ that depend on a template parameter, so a declaration of â€˜[01m[Kdifference_type[m[Kâ€™ must be available [-fpermissive]
       this->_M_impl._M_finish = this->_M_impl._M_start + difference_type(__n);
[01;32m[K                                                                             ^[m[K
In file included from [01m[K/usr/include/c++/5/vector:69:0[m[K,
                 from [01m[K/usr/include/pcl-1.7/pcl/ModelCoefficients.h:4[m[K,
                 from [01m[K/home/hi/analysis_ws/src/point_analyzer/src/planar_segmentation.cpp:3[m[K:
[01m[K/usr/include/c++/5/bits/vector.tcc:[m[K In member function â€˜[01m[Kvoid std::vector<bool, _Alloc>::_M_fill_insert(std::vector<bool, _Alloc>::iterator, std::vector<bool, _Alloc>::size_type, bool)[m[Kâ€™:
[01m[K/usr/include/c++/5/bits/vector.tcc:720:54:[m[K [01;31m[Kerror: [m[Kthere are no arguments to â€˜[01m[Kdifference_type[m[Kâ€™ that depend on a template parameter, so a declaration of â€˜[01m[Kdifference_type[m[Kâ€™ must be available [-fpermissive]
         this->_M_impl._M_finish + difference_type(__n));
[01;32m[K                                                      ^[m[K
[01m[K/usr/include/c++/5/bits/vector.tcc:721:58:[m[K [01;31m[Kerror: [m[Kthere are no arguments to â€˜[01m[Kdifference_type[m[Kâ€™ that depend on a template parameter, so a declaration of â€˜[01m[Kdifference_type[m[Kâ€™ must be available [-fpermissive]
    std::fill(__position, __position + difference_type(__n), __x);
[01;32m[K                                                          ^[m[K
[01m[K/usr/include/c++/5/bits/vector.tcc:722:50:[m[K [01;31m[Kerror: [m[Kthere are no arguments to â€˜[01m[Kdifference_type[m[Kâ€™ that depend on a template parameter, so a declaration of â€˜[01m[Kdifference_type[m[Kâ€™ must be available [-fpermissive]
    this->_M_impl._M_finish += difference_type(__n);
[01;32m[K                                                  ^[m[K
[01m[K/usr/include/c++/5/bits/vector.tcc:731:44:[m[K [01;31m[Kerror: [m[Kthere are no arguments to â€˜[01m[Kdifference_type[m[Kâ€™ that depend on a template parameter, so a declaration of â€˜[01m[Kdifference_type[m[Kâ€™ must be available [-fpermissive]
    std::fill(__i, __i + difference_type(__n), __x);
[01;32m[K                                            ^[m[K
[01m[K/usr/include/c++/5/bits/vector.tcc:733:37:[m[K [01;31m[Kerror: [m[Kthere are no arguments to â€˜[01m[Kdifference_type[m[Kâ€™ that depend on a template parameter, so a declaration of â€˜[01m[Kdifference_type[m[Kâ€™ must be available [-fpermissive]
            __i + difference_type(__n));
[01;32m[K                                     ^[m[K
[01m[K/usr/include/c++/5/bits/vector.tcc:[m[K In member function â€˜[01m[Kvoid std::vector<bool, _Alloc>::_M_insert_range(std::vector<bool, _Alloc>::iterator, _ForwardIterator, _ForwardIterator, std::forward_iterator_tag)[m[Kâ€™:
[01m[K/usr/include/c++/5/bits/vector.tcc:754:29:[m[K [01;31m[Kerror: [m[Kthere are no arguments to â€˜[01m[Kdifference_type[m[Kâ€™ that depend on a template parameter, so a declaration of â€˜[01m[Kdifference_type[m[Kâ€™ must be available [-fpermissive]
        + difference_type(__n));
[01;32m[K                             ^[m[K
[01m[K/usr/include/c++/5/bits/vector.tcc:756:49:[m[K [01;31m[Kerror: [m[Kthere are no arguments to â€˜[01m[Kdifference_type[m[Kâ€™ that depend on a template parameter, so a declaration of â€˜[01m[Kdifference_type[m[Kâ€™ must be available [-fpermissive]
   this->_M_impl._M_finish += difference_type(__n);
[01;32m[K                                                 ^[m[K
In file included from [01m[K/usr/include/c++/5/memory:66:0[m[K,
                 from [01m[K/usr/include/boost/config/no_tr1/memory.hpp:21[m[K,
                 from [01m[K/usr/include/boost/smart_ptr/shared_ptr.hpp:23[m[K,
                 from [01m[K/usr/include/boost/shared_ptr.hpp:17[m[K,
                 from [01m[K/usr/include/pcl-1.7/pcl/PCLHeader.h:10[m[K,
                 from [01m[K/usr/include/pcl-1.7/pcl/ModelCoefficients.h:8[m[K,
                 from [01m[K/home/hi/analysis_ws/src/point_analyzer/src/planar_segmentation.cpp:3[m[K:
[01m[K/usr/include/c++/5/bits/stl_tempbuf.h:[m[K In function â€˜[01m[Kstd::pair<_Tp*, long int> std::get_temporary_buffer(ptrdiff_t)[m[Kâ€™:
[01m[K/usr/include/c++/5/bits/stl_tempbuf.h:95:20:[m[K [01;31m[Kerror: [m[Ktoo many arguments to function â€˜[01m[Kvoid* operator new(long unsigned int)[m[Kâ€™
        std::nothrow));
[01;32m[K                    ^[m[K
[01m[K<built-in>:[m[K [01;36m[Knote: [m[Kdeclared here
In file included from [01m[K/usr/include/boost/core/typeinfo.hpp:119:0[m[K,
                 from [01m[K/usr/include/boost/detail/sp_typeinfo.hpp:20[m[K,
                 from [01m[K/usr/include/boost/smart_ptr/detail/sp_counted_base_gcc_x86.hpp:27[m[K,
                 from [01m[K/usr/include/boost/smart_ptr/detail/sp_counted_base.hpp:51[m[K,
                 from [01m[K/usr/include/boost/smart_ptr/detail/shared_count.hpp:29[m[K,
                 from [01m[K/usr/include/boost/smart_ptr/shared_ptr.hpp:28[m[K,
                 from [01m[K/usr/include/boost/shared_ptr.hpp:17[m[K,
                 from [01m[K/usr/include/pcl-1.7/pcl/PCLHeader.h:10[m[K,
                 from [01m[K/usr/include/pcl-1.7/pcl/ModelCoefficients.h:8[m[K,
                 from [01m[K/home/hi/analysis_ws/src/point_analyzer/src/planar_segmentation.cpp:3[m[K:
[01m[K/usr/include/boost/core/demangle.hpp:[m[K In function â€˜[01m[Kconst char* boost::core::demangle_alloc(const char*)[m[Kâ€™:
[01m[K/usr/include/boost/core/demangle.hpp:74:5:[m[K [01;31m[Kerror: [m[Kâ€˜[01m[Ksize_t[m[Kâ€™ is not a member of â€˜[01m[Kstd[m[Kâ€™
     std::size_t size = 0;
[01;32m[K     ^[m[K
[01m[K/usr/include/boost/core/demangle.hpp:74:5:[m[K [01;36m[Knote: [m[Ksuggested alternative:
In file included from [01m[K/usr/include/wchar.h:51:0[m[K,
                 from [01m[K/usr/include/c++/5/cwchar:44[m[K,
                 from [01m[K/usr/include/c++/5/bits/postypes.h:40[m[K,
                 from [01m[K/usr/include/c++/5/iosfwd:40[m[K,
                 from [01m[K/usr/include/c++/5/ios:38[m[K,
                 from [01m[K/usr/include/c++/5/ostream:38[m[K,
                 from [01m[K/usr/include/c++/5/iostream:39[m[K,
                 from [01m[K/home/hi/analysis_ws/src/point_analyzer/src/planar_segmentation.cpp:2[m[K:
[01m[K/usr/lib/gcc/x86_64-linux-gnu/5/include/stddef.h:216:23:[m[K [01;36m[Knote: [m[K  â€˜[01m[Ksize_t[m[Kâ€™
 typedef __SIZE_TYPE__ size_t;
[01;32m[K                       ^[m[K
In file included from [01m[K/usr/include/boost/core/typeinfo.hpp:119:0[m[K,
                 from [01m[K/usr/include/boost/detail/sp_typeinfo.hpp:20[m[K,
                 from [01m[K/usr/include/boost/smart_ptr/detail/sp_counted_base_gcc_x86.hpp:27[m[K,
                 from [01m[K/usr/include/boost/smart_ptr/detail/sp_counted_base.hpp:51[m[K,
                 from [01m[K/usr/include/boost/smart_ptr/detail/shared_count.hpp:29[m[K,
                 from [01m[K/usr/include/boost/smart_ptr/shared_ptr.hpp:28[m[K,
                 from [01m[K/usr/include/boost/shared_ptr.hpp:17[m[K,
                 from [01m[K/usr/include/pcl-1.7/pcl/PCLHeader.h:10[m[K,
                 from [01m[K/usr/include/pcl-1.7/pcl/ModelCoefficients.h:8[m[K,
                 from [01m[K/home/hi/analysis_ws/src/point_analyzer/src/planar_segmentation.cpp:3[m[K:
[01m[K/usr/include/boost/core/demangle.hpp:75:46:[m[K [01;31m[Kerror: [m[Kâ€˜[01m[Ksize[m[Kâ€™ was not declared in this scope
     return abi::__cxa_demangle( name, NULL, &size, &status );
[01;32m[K                                              ^[m[K
In file included from [01m[K/usr/include/boost/smart_ptr/shared_ptr.hpp:30:0[m[K,
                 from [01m[K/usr/include/boost/shared_ptr.hpp:17[m[K,
                 from [01m[K/usr/include/pcl-1.7/pcl/PCLHeader.h:10[m[K,
                 from [01m[K/usr/include/pcl-1.7/pcl/ModelCoefficients.h:8[m[K,
                 from [01m[K/home/hi/analysis_ws/src/point_analyzer/src/planar_segmentation.cpp:3[m[K:
[01m[K/usr/include/boost/smart_ptr/detail/sp_convertible.hpp:[m[K At global scope:
[01m[K/usr/include/boost/smart_ptr/detail/sp_convertible.hpp:62:25:[m[K [01;31m[Kerror: [m[Kâ€˜[01m[Kstd::size_t[m[Kâ€™ has not been declared
 template< class Y, std::size_t N, class T > struct sp_convertible< Y[N], T[] >
[01;32m[K                         ^[m[K
In file included from [01m[K/usr/include/boost/smart_ptr/shared_ptr.hpp:34:0[m[K,
                 from [01m[K/usr/include/boost/shared_ptr.hpp:17[m[K,
                 from [01m[K/usr/include/pcl-1.7/pcl/PCLHeader.h:10[m[K,
                 from [01m[K/usr/include/pcl-1.7/pcl/ModelCoefficients.h:8[m[K,
                 from [01m[K/home/hi/analysis_ws/src/point_analyzer/src/planar_segmentation.cpp:3[m[K:
[01m[K/usr/include/boost/smart_ptr/detail/spinlock_pool.hpp:[m[K In static member function â€˜[01m[Kstatic boost::detail::spinlock& boost::detail::spinlock_pool<M>::spinlock_for(const void*)[m[Kâ€™:
[01m[K/usr/include/boost/smart_ptr/detail/spinlock_pool.hpp:47:9:[m[K [01;31m[Kerror: [m[Kâ€˜[01m[Ksize_t[m[Kâ€™ is not a member of â€˜[01m[Kstd[m[Kâ€™
         std::size_t i = reinterpret_cast< std::size_t >( pv ) % 41;
[01;32m[K         ^[m[K
[01m[K/usr/include/boost/smart_ptr/detail/spinlock_pool.hpp:47:9:[m[K [01;36m[Knote: [m[Ksuggested alternative:
In file included from [01m[K/usr/include/wchar.h:51:0[m[K,
                 from [01m[K/usr/include/c++/5/cwchar:44[m[K,
                 from [01m[K/usr/include/c++/5/bits/postypes.h:40[m[K,
                 from [01m[K/usr/include/c++/5/iosfwd:40[m[K,
                 from [01m[K/usr/include/c++/5/ios:38[m[K,
                 from [01m[K/usr/include/c++/5/ostream:38[m[K,
                 from [01m[K/usr/include/c++/5/iostream:39[m[K,
                 from [01m[K/home/hi/analysis_ws/src/point_analyzer/src/planar_segmentation.cpp:2[m[K:
[01m[K/usr/lib/gcc/x86_64-linux-gnu/5/include/stddef.h:216:23:[m[K [01;36m[Knote: [m[K  â€˜[01m[Ksize_t[m[Kâ€™
 typedef __SIZE_TYPE__ size_t;
[01;32m[K                       ^[m[K
In file included from [01m[K/usr/include/boost/smart_ptr/shared_ptr.hpp:34:0[m[K,
                 from [01m[K/usr/include/boost/shared_ptr.hpp:17[m[K,
                 from [01m[K/usr/include/pcl-1.7/pcl/PCLHeader.h:10[m[K,
                 from [01m[K/usr/include/pcl-1.7/pcl/ModelCoefficients.h:8[m[K,
                 from [01m[K/home/hi/analysis_ws/src/point_analyzer/src/planar_segmentation.cpp:3[m[K:
[01m[K/usr/include/boost/smart_ptr/detail/spinlock_pool.hpp:49:23:[m[K [01;31m[Kerror: [m[Kâ€˜[01m[Ki[m[Kâ€™ was not declared in this scope
         return pool_[ i ];
[01;32m[K                       ^[m[K
In file included from [01m[K/usr/include/boost/shared_ptr.hpp:17:0[m[K,
                 from [01m[K/usr/include/pcl-1.7/pcl/PCLHeader.h:10[m[K,
                 from [01m[K/usr/include/pcl-1.7/pcl/ModelCoefficients.h:8[m[K,
                 from [01m[K/home/hi/analysis_ws/src/point_analyzer/src/planar_segmentation.cpp:3[m[K:
[01m[K/usr/include/boost/smart_ptr/shared_ptr.hpp:[m[K At global scope:
[01m[K/usr/include/boost/smart_ptr/shared_ptr.hpp:77:25:[m[K [01;31m[Kerror: [m[Kâ€˜[01m[Kstd::size_t[m[Kâ€™ has not been declared
 template< class T, std::size_t N > struct sp_element< T[N] >
[01;32m[K                         ^[m[K
[01m[K/usr/include/boost/smart_ptr/shared_ptr.hpp:126:25:[m[K [01;31m[Kerror: [m[Kâ€˜[01m[Kstd::size_t[m[Kâ€™ has not been declared
 template< class T, std::size_t N > struct sp_dereference< T[N] >
[01;32m[K                         ^[m[K
[01m[K/usr/include/boost/smart_ptr/shared_ptr.hpp:151:25:[m[K [01;31m[Kerror: [m[Kâ€˜[01m[Kstd::size_t[m[Kâ€™ has not been declared
 template< class T, std::size_t N > struct sp_member_access< T[N] >
[01;32m[K                         ^[m[K
[01m[K/usr/include/boost/smart_ptr/shared_ptr.hpp:176:25:[m[K [01;31m[Kerror: [m[Kâ€˜[01m[Kstd::size_t[m[Kâ€™ has not been declared
 template< class T, std::size_t N > struct sp_array_access< T[N] >
[01;32m[K                         ^[m[K
[01m[K/usr/include/boost/smart_ptr/shared_ptr.hpp:194:25:[m[K [01;31m[Kerror: [m[Kâ€˜[01m[Kstd::size_t[m[Kâ€™ has not been declared
 template< class T, std::size_t N > struct sp_extent< T[N] >
[01;32m[K                         ^[m[K
In file included from [01m[K/usr/include/boost/shared_ptr.hpp:17:0[m[K,
                 from [01m[K/usr/include/pcl-1.7/pcl/PCLHeader.h:10[m[K,
                 from [01m[K/usr/include/pcl-1.7/pcl/ModelCoefficients.h:8[m[K,
                 from [01m[K/home/hi/analysis_ws/src/point_analyzer/src/planar_segmentation.cpp:3[m[K:
[01m[K/usr/include/boost/smart_ptr/shared_ptr.hpp:283:25:[m[K [01;31m[Kerror: [m[Kâ€˜[01m[Kstd::size_t[m[Kâ€™ has not been declared
 template< class T, std::size_t N, class Y > inline void sp_pointer_construct( boost::shared_ptr< T[N] > * /*ppx*/, Y * p, boost::detail::shared_count & pn )
[01;32m[K                         ^[m[K
[01m[K/usr/include/boost/smart_ptr/shared_ptr.hpp:305:25:[m[K [01;31m[Kerror: [m[Kâ€˜[01m[Kstd::size_t[m[Kâ€™ has not been declared
 template< class T, std::size_t N, class Y > inline void sp_deleter_construct( boost::shared_ptr< T[N] > * /*ppx*/, Y * /*p*/ )
[01;32m[K                         ^[m[K
[01m[K/usr/include/boost/smart_ptr/shared_ptr.hpp:653:74:[m[K [01;31m[Kerror: [m[Kâ€˜[01m[Kstd::ptrdiff_t[m[Kâ€™ has not been declared
     typename boost::detail::sp_array_access< T >::type operator[] ( std::ptrdiff_t i ) const
[01;32m[K                                                                          ^[m[K
In file included from [01m[K/usr/include/boost/shared_ptr.hpp:17:0[m[K,
                 from [01m[K/usr/include/pcl-1.7/pcl/PCLHeader.h:10[m[K,
                 from [01m[K/usr/include/pcl-1.7/pcl/ModelCoefficients.h:8[m[K,
                 from [01m[K/home/hi/analysis_ws/src/point_analyzer/src/planar_segmentation.cpp:3[m[K:
[01m[K/usr/include/boost/smart_ptr/shared_ptr.hpp:1021:26:[m[K [01;31m[Kerror: [m[Kâ€˜[01m[Ksize_t[m[Kâ€™ in namespace â€˜[01m[Kstd[m[Kâ€™ does not name a type
 template< class T > std::size_t hash_value( boost::shared_ptr<T> const & p ) BOOST_NOEXCEPT
[01;32m[K                          ^[m[K
In file included from [01m[K/usr/include/c++/5/bits/basic_string.h:40:0[m[K,
                 from [01m[K/usr/include/c++/5/string:52[m[K,
                 from [01m[K/usr/include/c++/5/bits/locale_classes.h:40[m[K,
                 from [01m[K/usr/include/c++/5/bits/ios_base.h:41[m[K,
                 from [01m[K/usr/include/c++/5/ios:42[m[K,
                 from [01m[K/usr/include/c++/5/ostream:38[m[K,
                 from [01m[K/usr/include/c++/5/iostream:39[m[K,
                 from [01m[K/home/hi/analysis_ws/src/point_analyzer/src/planar_segmentation.cpp:2[m[K:
/usr/include/c++/5/ext/alloc_traits.h: In instantiation of â€˜[01m[Kstruct __gnu_cxx::__alloc_traits<std::allocator<float> >[m[Kâ€™:
[01m[K/usr/include/c++/5/bits/stl_vector.h:75:28:[m[K   required from â€˜[01m[Kstruct std::_Vector_base<float, std::allocator<float> >[m[Kâ€™
[01m[K/usr/include/c++/5/bits/stl_vector.h:214:11:[m[K   required from â€˜[01m[Kclass std::vector<float>[m[Kâ€™
[01m[K/usr/include/pcl-1.7/pcl/ModelCoefficients.h:20:24:[m[K   required from here
[01m[K/usr/include/c++/5/ext/alloc_traits.h:178:53:[m[K [01;31m[Kerror: [m[Kno type named â€˜[01m[Kdifference_type[m[Kâ€™ in â€˜[01m[Kclass std::allocator<float>[m[Kâ€™
     typedef typename _Alloc::difference_type        difference_type;
[01;32m[K                                                     ^[m[K
In file included from [01m[K/usr/include/c++/5/complex:45:0[m[K,
                 from [01m[K/usr/local/include/eigen3/Eigen/Core:80[m[K,
                 from [01m[K/usr/local/include/eigen3/Eigen/StdVector:14[m[K,
                 from [01m[K/usr/include/pcl-1.7/pcl/point_cloud.h:46[m[K,
                 from [01m[K/usr/include/pcl-1.7/pcl/io/pcd_io.h:43[m[K,
                 from [01m[K/home/hi/analysis_ws/src/point_analyzer/src/planar_segmentation.cpp:4[m[K:
[01m[K/usr/include/c++/5/sstream:210:15:[m[K [01;31m[Kerror: [m[Kâ€˜[01m[Kstreamsize[m[Kâ€™ does not name a type
       virtual streamsize
[01;32m[K               ^[m[K
[01m[K/usr/include/c++/5/sstream:243:30:[m[K [01;31m[Kerror: [m[Kâ€˜[01m[Kstreamsize[m[Kâ€™ has not been declared
       setbuf(char_type* __s, streamsize __n)
[01;32m[K                              ^[m[K
In file included from [01m[K/usr/local/include/eigen3/Eigen/StdVector:14:0[m[K,
                 from [01m[K/usr/include/pcl-1.7/pcl/point_cloud.h:46[m[K,
                 from [01m[K/usr/include/pcl-1.7/pcl/io/pcd_io.h:43[m[K,
                 from [01m[K/home/hi/analysis_ws/src/point_analyzer/src/planar_segmentation.cpp:4[m[K:
[01m[K/usr/local/include/eigen3/Eigen/Core:328:12:[m[K [01;31m[Kerror: [m[Kâ€˜[01m[Kstd::size_t[m[Kâ€™ has not been declared
 using std::size_t;
[01;32m[K            ^[m[K
[01m[K/usr/local/include/eigen3/Eigen/Core:330:12:[m[K [01;31m[Kerror: [m[Kâ€˜[01m[Kstd::ptrdiff_t[m[Kâ€™ has not been declared
 using std::ptrdiff_t;
[01;32m[K            ^[m[K
In file included from [01m[K/usr/local/include/eigen3/Eigen/Core:72:0[m[K,
                 from [01m[K/usr/local/include/eigen3/Eigen/StdVector:14[m[K,
                 from [01m[K/usr/include/pcl-1.7/pcl/point_cloud.h:46[m[K,
                 from [01m[K/usr/include/pcl-1.7/pcl/io/pcd_io.h:43[m[K,
                 from [01m[K/home/hi/analysis_ws/src/point_analyzer/src/planar_segmentation.cpp:4[m[K:
[01m[K/usr/local/include/eigen3/Eigen/src/Core/util/Meta.h:25:9:[m[K [01;31m[Kerror: [m[Kâ€˜[01m[Kptrdiff_t[m[Kâ€™ in namespace â€˜[01m[Kstd[m[Kâ€™ does not name a type
 typedef EIGEN_DEFAULT_DENSE_INDEX_TYPE DenseIndex;
[01;32m[K         ^[m[K
[01m[K/usr/local/include/eigen3/Eigen/src/Core/util/Meta.h:33:9:[m[K [01;31m[Kerror: [m[Kâ€˜[01m[Kptrdiff_t[m[Kâ€™ in namespace â€˜[01m[Kstd[m[Kâ€™ does not name a type
 typedef EIGEN_DEFAULT_DENSE_INDEX_TYPE Index;
[01;32m[K         ^[m[K
In file included from [01m[K/usr/local/include/eigen3/Eigen/Core:345:0[m[K,
                 from [01m[K/usr/local/include/eigen3/Eigen/StdVector:14[m[K,
                 from [01m[K/usr/include/pcl-1.7/pcl/point_cloud.h:46[m[K,
                 from [01m[K/usr/include/pcl-1.7/pcl/io/pcd_io.h:43[m[K,
                 from [01m[K/home/hi/analysis_ws/src/point_analyzer/src/planar_segmentation.cpp:4[m[K:
[01m[K/usr/local/include/eigen3/Eigen/src/Core/util/Meta.h:50:14:[m[K [01;31m[Kerror: [m[Kâ€˜[01m[Kptrdiff_t[m[Kâ€™ in namespace â€˜[01m[Kstd[m[Kâ€™ does not name a type
 typedef std::ptrdiff_t IntPtr;
[01;32m[K              ^[m[K
[01m[K/usr/local/include/eigen3/Eigen/src/Core/util/Meta.h:51:14:[m[K [01;31m[Kerror: [m[Kâ€˜[01m[Ksize_t[m[Kâ€™ in namespace â€˜[01m[Kstd[m[Kâ€™ does not name a type
 typedef std::size_t UIntPtr;
[01;32m[K              ^[m[K
In file included from [01m[K/usr/local/include/eigen3/Eigen/Core:345:0[m[K,
                 from [01m[K/usr/local/include/eigen3/Eigen/StdVector:14[m[K,
                 from [01m[K/usr/include/pcl-1.7/pcl/point_cloud.h:46[m[K,
                 from [01m[K/usr/include/pcl-1.7/pcl/io/pcd_io.h:43[m[K,
                 from [01m[K/home/hi/analysis_ws/src/point_analyzer/src/planar_segmentation.cpp:4[m[K:
[01m[K/usr/local/include/eigen3/Eigen/src/Core/util/Meta.h:386:42:[m[K [01;31m[Kerror: [m[Kâ€˜[01m[KIndex[m[Kâ€™ does not name a type
 template <typename T, typename IndexType=Index>
[01;32m[K                                          ^[m[K
[01m[K/usr/local/include/eigen3/Eigen/src/Core/util/Meta.h:395:42:[m[K [01;31m[Kerror: [m[Kâ€˜[01m[KIndex[m[Kâ€™ does not name a type
 template <typename T, typename IndexType=Index>
[01;32m[K                                          ^[m[K
[01m[K/usr/local/include/eigen3/Eigen/src/Core/util/Meta.h:404:42:[m[K [01;31m[Kerror: [m[Kâ€˜[01m[KIndex[m[Kâ€™ does not name a type
 template <typename T, typename IndexType=Index>
[01;32m[K                                          ^[m[K
In file included from [01m[K/usr/local/include/eigen3/Eigen/Core:349:0[m[K,
                 from [01m[K/usr/local/include/eigen3/Eigen/StdVector:14[m[K,
                 from [01m[K/usr/include/pcl-1.7/pcl/point_cloud.h:46[m[K,
                 from [01m[K/usr/include/pcl-1.7/pcl/io/pcd_io.h:43[m[K,
                 from [01m[K/home/hi/analysis_ws/src/point_analyzer/src/planar_segmentation.cpp:4[m[K:
[01m[K/usr/local/include/eigen3/Eigen/src/Core/util/Memory.h:86:43:[m[K [01;31m[Kerror: [m[Kâ€˜[01m[KEigen::internal::handmade_aligned_malloc[m[Kâ€™ declared as an â€˜[01m[Kinline[m[Kâ€™ variable
 inline void* handmade_aligned_malloc(std::size_t size)
[01;32m[K                                           ^[m[K
[01m[K/usr/local/include/eigen3/Eigen/src/Core/util/Memory.h:86:38:[m[K [01;31m[Kerror: [m[Kâ€˜[01m[Ksize_t[m[Kâ€™ is not a member of â€˜[01m[Kstd[m[Kâ€™
 inline void* handmade_aligned_malloc(std::size_t size)
[01;32m[K                                      ^[m[K
[01m[K/usr/local/include/eigen3/Eigen/src/Core/util/Memory.h:86:38:[m[K [01;36m[Knote: [m[Ksuggested alternative:
In file included from [01m[K/usr/include/wchar.h:51:0[m[K,
                 from [01m[K/usr/include/c++/5/cwchar:44[m[K,
                 from [01m[K/usr/include/c++/5/bits/postypes.h:40[m[K,
                 from [01m[K/usr/include/c++/5/iosfwd:40[m[K,
                 from [01m[K/usr/include/c++/5/ios:38[m[K,
                 from [01m[K/usr/include/c++/5/ostream:38[m[K,
                 from [01m[K/usr/include/c++/5/iostream:39[m[K,
                 from [01m[K/home/hi/analysis_ws/src/point_analyzer/src/planar_segmentation.cpp:2[m[K:
[01m[K/usr/lib/gcc/x86_64-linux-gnu/5/include/stddef.h:216:23:[m[K [01;36m[Knote: [m[K  â€˜[01m[Ksize_t[m[Kâ€™
 typedef __SIZE_TYPE__ size_t;
[01;32m[K                       ^[m[K
In file included from [01m[K/usr/local/include/eigen3/Eigen/Core:349:0[m[K,
                 from [01m[K/usr/local/include/eigen3/Eigen/StdVector:14[m[K,
                 from [01m[K/usr/include/pcl-1.7/pcl/point_cloud.h:46[m[K,
                 from [01m[K/usr/include/pcl-1.7/pcl/io/pcd_io.h:43[m[K,
                 from [01m[K/home/hi/analysis_ws/src/point_analyzer/src/planar_segmentation.cpp:4[m[K:
[01m[K/usr/local/include/eigen3/Eigen/src/Core/util/Memory.h:87:1:[m[K [01;31m[Kerror: [m[Kexpected â€˜[01m[K,[m[Kâ€™ or â€˜[01m[K;[m[Kâ€™ before â€˜[01m[K{[m[Kâ€™ token
 {
[01;32m[K ^[m[K
In file included from [01m[K/usr/local/include/eigen3/Eigen/Core:349:0[m[K,
                 from [01m[K/usr/local/include/eigen3/Eigen/StdVector:14[m[K,
                 from [01m[K/usr/include/pcl-1.7/pcl/point_cloud.h:46[m[K,
                 from [01m[K/usr/include/pcl-1.7/pcl/io/pcd_io.h:43[m[K,
                 from [01m[K/home/hi/analysis_ws/src/point_analyzer/src/planar_segmentation.cpp:4[m[K:
[01m[K/usr/local/include/eigen3/Eigen/src/Core/util/Memory.h:106:55:[m[K [01;31m[Kerror: [m[Kâ€˜[01m[Kstd::size_t[m[Kâ€™ has not been declared
 inline void* handmade_aligned_realloc(void* ptr, std::size_t size, std::size_t = 0)
[01;32m[K                                                       ^[m[K
[01m[K/usr/local/include/eigen3/Eigen/src/Core/util/Memory.h:106:73:[m[K [01;31m[Kerror: [m[Kâ€˜[01m[Kstd::size_t[m[Kâ€™ has not been declared
 inline void* handmade_aligned_realloc(void* ptr, std::size_t size, std::size_t = 0)
[01;32m[K                                                                         ^[m[K
[01m[K/usr/local/include/eigen3/Eigen/src/Core/util/Memory.h:[m[K In function â€˜[01m[Kvoid* Eigen::internal::handmade_aligned_realloc(void*, int, int)[m[Kâ€™:
[01m[K/usr/local/include/eigen3/Eigen/src/Core/util/Memory.h:108:52:[m[K [01;31m[Kerror: [m[Kâ€˜[01m[KEigen::internal::handmade_aligned_malloc[m[Kâ€™ cannot be used as a function
   if (ptr == 0) return handmade_aligned_malloc(size);
[01;32m[K                                                    ^[m[K
[01m[K/usr/local/include/eigen3/Eigen/src/Core/util/Memory.h:110:3:[m[K [01;31m[Kerror: [m[Kâ€˜[01m[Kptrdiff_t[m[Kâ€™ is not a member of â€˜[01m[Kstd[m[Kâ€™
   std::ptrdiff_t previous_offset = static_cast<char *>(ptr)-static_cast<char *>(original);
[01;32m[K   ^[m[K
[01m[K/usr/local/include/eigen3/Eigen/src/Core/util/Memory.h:110:3:[m[K [01;36m[Knote: [m[Ksuggested alternative:
In file included from [01m[K/usr/include/c++/5/cstddef:45:0[m[K,
                 from [01m[K/usr/include/boost/config/select_stdlib_config.hpp:18[m[K,
                 from [01m[K/usr/include/boost/config.hpp:44[m[K,
                 from [01m[K/usr/include/boost/smart_ptr/shared_ptr.hpp:17[m[K,
                 from [01m[K/usr/include/boost/shared_ptr.hpp:17[m[K,
                 from [01m[K/usr/include/pcl-1.7/pcl/PCLHeader.h:10[m[K,
                 from [01m[K/usr/include/pcl-1.7/pcl/ModelCoefficients.h:8[m[K,
                 from [01m[K/home/hi/analysis_ws/src/point_analyzer/src/planar_segmentation.cpp:3[m[K:
[01m[K/usr/lib/gcc/x86_64-linux-gnu/5/include/stddef.h:149:26:[m[K [01;36m[Knote: [m[K  â€˜[01m[Kptrdiff_t[m[Kâ€™
 typedef __PTRDIFF_TYPE__ ptrdiff_t;
[01;32m[K                          ^[m[K
In file included from [01m[K/usr/local/include/eigen3/Eigen/Core:349:0[m[K,
                 from [01m[K/usr/local/include/eigen3/Eigen/StdVector:14[m[K,
                 from [01m[K/usr/include/pcl-1.7/pcl/point_cloud.h:46[m[K,
                 from [01m[K/usr/include/pcl-1.7/pcl/io/pcd_io.h:43[m[K,
                 from [01m[K/home/hi/analysis_ws/src/point_analyzer/src/planar_segmentation.cpp:4[m[K:
[01m[K/usr/local/include/eigen3/Eigen/src/Core/util/Memory.h:113:66:[m[K [01;31m[Kerror: [m[Kâ€˜[01m[Ksize_t[m[Kâ€™ in namespace â€˜[01m[Kstd[m[Kâ€™ does not name a type
   void *aligned = reinterpret_cast<void*>((reinterpret_cast<std::size_t>(original) & ~(std::size_t(EIGEN_DEFAULT_ALIGN_BYTES-1))) + EIGEN_DEFAULT_ALIGN_BYTES);
[01;32m[K                                                                  ^[m[K
[01m[K/usr/local/include/eigen3/Eigen/src/Core/util/Memory.h:113:88:[m[K [01;31m[Kerror: [m[Kâ€˜[01m[Ksize_t[m[Kâ€™ is not a member of â€˜[01m[Kstd[m[Kâ€™
   void *aligned = reinterpret_cast<void*>((reinterpret_cast<std::size_t>(original) & ~(std::size_t(EIGEN_DEFAULT_ALIGN_BYTES-1))) + EIGEN_DEFAULT_ALIGN_BYTES);
[01;32m[K                                                                                        ^[m[K
[01m[K/usr/local/include/eigen3/Eigen/src/Core/util/Memory.h:113:88:[m[K [01;36m[Knote: [m[Ksuggested alternative:
In file included from [01m[K/usr/include/wchar.h:51:0[m[K,
                 from [01m[K/usr/include/c++/5/cwchar:44[m[K,
                 from [01m[K/usr/include/c++/5/bits/postypes.h:40[m[K,
                 from [01m[K/usr/include/c++/5/iosfwd:40[m[K,
                 from [01m[K/usr/include/c++/5/ios:38[m[K,
                 from [01m[K/usr/include/c++/5/ostream:38[m[K,
                 from [01m[K/usr/include/c++/5/iostream:39[m[K,
                 from [01m[K/home/hi/analysis_ws/src/point_analyzer/src/planar_segmentation.cpp:2[m[K:
[01m[K/usr/lib/gcc/x86_64-linux-gnu/5/include/stddef.h:216:23:[m[K [01;36m[Knote: [m[K  â€˜[01m[Ksize_t[m[Kâ€™
 typedef __SIZE_TYPE__ size_t;
[01;32m[K                       ^[m[K
In file included from [01m[K/usr/local/include/eigen3/Eigen/Core:349:0[m[K,
                 from [01m[K/usr/local/include/eigen3/Eigen/StdVector:14[m[K,
                 from [01m[K/usr/include/pcl-1.7/pcl/point_cloud.h:46[m[K,
                 from [01m[K/usr/include/pcl-1.7/pcl/io/pcd_io.h:43[m[K,
                 from [01m[K/home/hi/analysis_ws/src/point_analyzer/src/planar_segmentation.cpp:4[m[K:
[01m[K/usr/local/include/eigen3/Eigen/src/Core/util/Memory.h:114:58:[m[K [01;31m[Kerror: [m[Kâ€˜[01m[Kprevious_offset[m[Kâ€™ was not declared in this scope
   void *previous_aligned = static_cast<char *>(original)+previous_offset;
[01;32m[K                                                          ^[m[K
[01m[K/usr/local/include/eigen3/Eigen/src/Core/util/Memory.h:[m[K At global scope:
[01m[K/usr/local/include/eigen3/Eigen/src/Core/util/Memory.h:153:52:[m[K [01;31m[Kerror: [m[Kâ€˜[01m[KEigen::internal::aligned_malloc[m[Kâ€™ declared as an â€˜[01m[Kinline[m[Kâ€™ variable
 EIGEN_DEVICE_FUNC inline void* aligned_malloc(std::size_t size)
[01;32m[K                                                    ^[m[K
[01m[K/usr/local/include/eigen3/Eigen/src/Core/util/Memory.h:153:47:[m[K [01;31m[Kerror: [m[Kâ€˜[01m[Ksize_t[m[Kâ€™ is not a member of â€˜[01m[Kstd[m[Kâ€™
 EIGEN_DEVICE_FUNC inline void* aligned_malloc(std::size_t size)
[01;32m[K                                               ^[m[K
[01m[K/usr/local/include/eigen3/Eigen/src/Core/util/Memory.h:153:47:[m[K [01;36m[Knote: [m[Ksuggested alternative:
In file included from [01m[K/usr/include/wchar.h:51:0[m[K,
                 from [01m[K/usr/include/c++/5/cwchar:44[m[K,
                 from [01m[K/usr/include/c++/5/bits/postypes.h:40[m[K,
                 from [01m[K/usr/include/c++/5/iosfwd:40[m[K,
                 from [01m[K/usr/include/c++/5/ios:38[m[K,
                 from [01m[K/usr/include/c++/5/ostream:38[m[K,
                 from [01m[K/usr/include/c++/5/iostream:39[m[K,
                 from [01m[K/home/hi/analysis_ws/src/point_analyzer/src/planar_segmentation.cpp:2[m[K:
[01m[K/usr/lib/gcc/x86_64-linux-gnu/5/include/stddef.h:216:23:[m[K [01;36m[Knote: [m[K  â€˜[01m[Ksize_t[m[Kâ€™
 typedef __SIZE_TYPE__ size_t;
[01;32m[K                       ^[m[K
In file included from [01m[K/usr/local/include/eigen3/Eigen/Core:349:0[m[K,
                 from [01m[K/usr/local/include/eigen3/Eigen/StdVector:14[m[K,
                 from [01m[K/usr/include/pcl-1.7/pcl/point_cloud.h:46[m[K,
                 from [01m[K/usr/include/pcl-1.7/pcl/io/pcd_io.h:43[m[K,
                 from [01m[K/home/hi/analysis_ws/src/point_analyzer/src/planar_segmentation.cpp:4[m[K:
[01m[K/usr/local/include/eigen3/Eigen/src/Core/util/Memory.h:154:1:[m[K [01;31m[Kerror: [m[Kexpected â€˜[01m[K,[m[Kâ€™ or â€˜[01m[K;[m[Kâ€™ before â€˜[01m[K{[m[Kâ€™ token
 {
[01;32m[K ^[m[K
[01m[K/usr/local/include/eigen3/Eigen/src/Core/util/Memory.h:188:46:[m[K [01;31m[Kerror: [m[Kâ€˜[01m[Kstd::size_t[m[Kâ€™ has not been declared
 inline void* aligned_realloc(void *ptr, std::size_t new_size, std::size_t old_size)
[01;32m[K                                              ^[m[K
[01m[K/usr/local/include/eigen3/Eigen/src/Core/util/Memory.h:188:68:[m[K [01;31m[Kerror: [m[Kâ€˜[01m[Kstd::size_t[m[Kâ€™ has not been declared
 inline void* aligned_realloc(void *ptr, std::size_t new_size, std::size_t old_size)
[01;32m[K                                                                    ^[m[K
[01m[K/usr/local/include/eigen3/Eigen/src/Core/util/Memory.h:212:85:[m[K [01;31m[Kerror: [m[Kâ€˜[01m[KEigen::internal::conditional_aligned_malloc[m[Kâ€™ declared as an â€˜[01m[Kinline[m[Kâ€™ variable
 template<bool Align> EIGEN_DEVICE_FUNC inline void* conditional_aligned_malloc(std::size_t size)
[01;32m[K                                                                                     ^[m[K
[01m[K/usr/local/include/eigen3/Eigen/src/Core/util/Memory.h:212:80:[m[K [01;31m[Kerror: [m[Kâ€˜[01m[Ksize_t[m[Kâ€™ is not a member of â€˜[01m[Kstd[m[Kâ€™
 template<bool Align> EIGEN_DEVICE_FUNC inline void* conditional_aligned_malloc(std::size_t size)
[01;32m[K                                                                                ^[m[K
[01m[K/usr/local/include/eigen3/Eigen/src/Core/util/Memory.h:212:80:[m[K [01;36m[Knote: [m[Ksuggested alternative:
In file included from [01m[K/usr/include/wchar.h:51:0[m[K,
                 from [01m[K/usr/include/c++/5/cwchar:44[m[K,
                 from [01m[K/usr/include/c++/5/bits/postypes.h:40[m[K,
                 from [01m[K/usr/include/c++/5/iosfwd:40[m[K,
                 from [01m[K/usr/include/c++/5/ios:38[m[K,
                 from [01m[K/usr/include/c++/5/ostream:38[m[K,
                 from [01m[K/usr/include/c++/5/iostream:39[m[K,
                 from [01m[K/home/hi/analysis_ws/src/point_analyzer/src/planar_segmentation.cpp:2[m[K:
[01m[K/usr/lib/gcc/x86_64-linux-gnu/5/include/stddef.h:216:23:[m[K [01;36m[Knote: [m[K  â€˜[01m[Ksize_t[m[Kâ€™
 typedef __SIZE_TYPE__ size_t;
[01;32m[K                       ^[m[K
In file included from [01m[K/usr/local/include/eigen3/Eigen/Core:349:0[m[K,
                 from [01m[K/usr/local/include/eigen3/Eigen/StdVector:14[m[K,
                 from [01m[K/usr/include/pcl-1.7/pcl/point_cloud.h:46[m[K,
                 from [01m[K/usr/include/pcl-1.7/pcl/io/pcd_io.h:43[m[K,
                 from [01m[K/home/hi/analysis_ws/src/point_analyzer/src/planar_segmentation.cpp:4[m[K:
[01m[K/usr/local/include/eigen3/Eigen/src/Core/util/Memory.h:213:1:[m[K [01;31m[Kerror: [m[Kexpected â€˜[01m[K;[m[Kâ€™ before â€˜[01m[K{[m[Kâ€™ token
 {
[01;32m[K ^[m[K
[01m[K/usr/local/include/eigen3/Eigen/src/Core/util/Memory.h:217:82:[m[K [01;31m[Kerror: [m[Kâ€˜[01m[KEigen::internal::conditional_aligned_malloc<false>[m[Kâ€™ declared as an â€˜[01m[Kinline[m[Kâ€™ variable
 template<> EIGEN_DEVICE_FUNC inline void* conditional_aligned_malloc<false>(std::size_t size)
[01;32m[K                                                                                  ^[m[K
[01m[K/usr/local/include/eigen3/Eigen/src/Core/util/Memory.h:217:77:[m[K [01;31m[Kerror: [m[Kâ€˜[01m[Ksize_t[m[Kâ€™ is not a member of â€˜[01m[Kstd[m[Kâ€™
 template<> EIGEN_DEVICE_FUNC inline void* conditional_aligned_malloc<false>(std::size_t size)
[01;32m[K                                                                             ^[m[K
[01m[K/usr/local/include/eigen3/Eigen/src/Core/util/Memory.h:217:77:[m[K [01;36m[Knote: [m[Ksuggested alternative:
In file included from [01m[K/usr/include/wchar.h:51:0[m[K,
                 from [01m[K/usr/include/c++/5/cwchar:44[m[K,
                 from [01m[K/usr/include/c++/5/bits/postypes.h:40[m[K,
                 from [01m[K/usr/include/c++/5/iosfwd:40[m[K,
                 from [01m[K/usr/include/c++/5/ios:38[m[K,
                 from [01m[K/usr/include/c++/5/ostream:38[m[K,
                 from [01m[K/usr/include/c++/5/iostream:39[m[K,
                 from [01m[K/home/hi/analysis_ws/src/point_analyzer/src/planar_segmentation.cpp:2[m[K:
[01m[K/usr/lib/gcc/x86_64-linux-gnu/5/include/stddef.h:216:23:[m[K [01;36m[Knote: [m[K  â€˜[01m[Ksize_t[m[Kâ€™
 typedef __SIZE_TYPE__ size_t;
[01;32m[K                       ^[m[K
In file included from [01m[K/usr/local/include/eigen3/Eigen/Core:349:0[m[K,
                 from [01m[K/usr/local/include/eigen3/Eigen/StdVector:14[m[K,
                 from [01m[K/usr/include/pcl-1.7/pcl/point_cloud.h:46[m[K,
                 from [01m[K/usr/include/pcl-1.7/pcl/io/pcd_io.h:43[m[K,
                 from [01m[K/home/hi/analysis_ws/src/point_analyzer/src/planar_segmentation.cpp:4[m[K:
[01m[K/usr/local/include/eigen3/Eigen/src/Core/util/Memory.h:218:1:[m[K [01;31m[Kerror: [m[Kexpected â€˜[01m[K;[m[Kâ€™ before â€˜[01m[K{[m[Kâ€™ token
 {
[01;32m[K ^[m[K
[01m[K/usr/local/include/eigen3/Eigen/src/Core/util/Memory.h:238:79:[m[K [01;31m[Kerror: [m[Kâ€˜[01m[Kstd::size_t[m[Kâ€™ has not been declared
 template<bool Align> inline void* conditional_aligned_realloc(void* ptr, std::size_t new_size, std::size_t old_size)
[01;32m[K                                                                               ^[m[K
[01m[K/usr/local/include/eigen3/Eigen/src/Core/util/Memory.h:238:101:[m[K [01;31m[Kerror: [m[Kâ€˜[01m[Kstd::size_t[m[Kâ€™ has not been declared
 template<bool Align> inline void* conditional_aligned_realloc(void* ptr, std::size_t new_size, std::size_t old_size)
[01;32m[K                                                                                                     ^[m[K
[01m[K/usr/local/include/eigen3/Eigen/src/Core/util/Memory.h:243:76:[m[K [01;31m[Kerror: [m[Kâ€˜[01m[Kstd::size_t[m[Kâ€™ has not been declared
 template<> inline void* conditional_aligned_realloc<false>(void* ptr, std::size_t new_size, std::size_t)
[01;32m[K                                                                            ^[m[K
[01m[K/usr/local/include/eigen3/Eigen/src/Core/util/Memory.h:243:98:[m[K [01;31m[Kerror: [m[Kâ€˜[01m[Kstd::size_t[m[Kâ€™ has not been declared
 template<> inline void* conditional_aligned_realloc<false>(void* ptr, std::size_t new_size, std::size_t)
[01;32m[K                                                                                                  ^[m[K
[01m[K/usr/local/include/eigen3/Eigen/src/Core/util/Memory.h:255:92:[m[K [01;31m[Kerror: [m[Kâ€˜[01m[Kstd::size_t[m[Kâ€™ has not been declared
 template<typename T> EIGEN_DEVICE_FUNC inline void destruct_elements_of_array(T *ptr, std::size_t size)
[01;32m[K                                                                                            ^[m[K
[01m[K/usr/local/include/eigen3/Eigen/src/Core/util/Memory.h:265:91:[m[K [01;31m[Kerror: [m[Kâ€˜[01m[Kstd::size_t[m[Kâ€™ has not been declared
 template<typename T> EIGEN_DEVICE_FUNC inline T* construct_elements_of_array(T *ptr, std::size_t size)
[01;32m[K                                                                                           ^[m[K
[01m[K/usr/local/include/eigen3/Eigen/src/Core/util/Memory.h:[m[K In function â€˜[01m[KT* Eigen::internal::construct_elements_of_array(T*, int)[m[Kâ€™:
[01m[K/usr/local/include/eigen3/Eigen/src/Core/util/Memory.h:267:3:[m[K [01;31m[Kerror: [m[Kâ€˜[01m[Ksize_t[m[Kâ€™ is not a member of â€˜[01m[Kstd[m[Kâ€™
   std::size_t i;
[01;32m[K   ^[m[K
[01m[K/usr/local/include/eigen3/Eigen/src/Core/util/Memory.h:267:3:[m[K [01;36m[Knote: [m[Ksuggested alternative:
In file included from [01m[K/usr/include/wchar.h:51:0[m[K,
                 from [01m[K/usr/include/c++/5/cwchar:44[m[K,
                 from [01m[K/usr/include/c++/5/bits/postypes.h:40[m[K,
                 from [01m[K/usr/include/c++/5/iosfwd:40[m[K,
                 from [01m[K/usr/include/c++/5/ios:38[m[K,
                 from [01m[K/usr/include/c++/5/ostream:38[m[K,
                 from [01m[K/usr/include/c++/5/iostream:39[m[K,
                 from [01m[K/home/hi/analysis_ws/src/point_analyzer/src/planar_segmentation.cpp:2[m[K:
[01m[K/usr/lib/gcc/x86_64-linux-gnu/5/include/stddef.h:216:23:[m[K [01;36m[Knote: [m[K  â€˜[01m[Ksize_t[m[Kâ€™
 typedef __SIZE_TYPE__ size_t;
[01;32m[K                       ^[m[K
In file included from [01m[K/usr/local/include/eigen3/Eigen/Core:349:0[m[K,
                 from [01m[K/usr/local/include/eigen3/Eigen/StdVector:14[m[K,
                 from [01m[K/usr/include/pcl-1.7/pcl/point_cloud.h:46[m[K,
                 from [01m[K/usr/include/pcl-1.7/pcl/io/pcd_io.h:43[m[K,
                 from [01m[K/home/hi/analysis_ws/src/point_analyzer/src/planar_segmentation.cpp:4[m[K:
[01m[K/usr/local/include/eigen3/Eigen/src/Core/util/Memory.h:270:12:[m[K [01;31m[Kerror: [m[Kâ€˜[01m[Ki[m[Kâ€™ was not declared in this scope
       for (i = 0; i < size; ++i) ::new (ptr + i) T;
[01;32m[K            ^[m[K
[01m[K/usr/local/include/eigen3/Eigen/src/Core/util/Memory.h:275:37:[m[K [01;31m[Kerror: [m[Kâ€˜[01m[Ki[m[Kâ€™ was not declared in this scope
     destruct_elements_of_array(ptr, i);
[01;32m[K                                     ^[m[K
[01m[K/usr/local/include/eigen3/Eigen/src/Core/util/Memory.h:[m[K At global scope:
[01m[K/usr/local/include/eigen3/Eigen/src/Core/util/Memory.h:286:73:[m[K [01;31m[Kerror: [m[Kvariable or field â€˜[01m[Kcheck_size_for_overflow[m[Kâ€™ declared void
 EIGEN_DEVICE_FUNC EIGEN_ALWAYS_INLINE void check_size_for_overflow(std::size_t size)
[01;32m[K                                                                         ^[m[K
[01m[K/usr/local/include/eigen3/Eigen/src/Core/util/Memory.h:286:68:[m[K [01;31m[Kerror: [m[Kâ€˜[01m[Ksize_t[m[Kâ€™ is not a member of â€˜[01m[Kstd[m[Kâ€™
 EIGEN_DEVICE_FUNC EIGEN_ALWAYS_INLINE void check_size_for_overflow(std::size_t size)
[01;32m[K                                                                    ^[m[K
[01m[K/usr/local/include/eigen3/Eigen/src/Core/util/Memory.h:286:68:[m[K [01;36m[Knote: [m[Ksuggested alternative:
In file included from [01m[K/usr/include/wchar.h:51:0[m[K,
                 from [01m[K/usr/include/c++/5/cwchar:44[m[K,
                 from [01m[K/usr/include/c++/5/bits/postypes.h:40[m[K,
                 from [01m[K/usr/include/c++/5/iosfwd:40[m[K,
                 from [01m[K/usr/include/c++/5/ios:38[m[K,
                 from [01m[K/usr/include/c++/5/ostream:38[m[K,
                 from [01m[K/usr/include/c++/5/iostream:39[m[K,
                 from [01m[K/home/hi/analysis_ws/src/point_analyzer/src/planar_segmentation.cpp:2[m[K:
[01m[K/usr/lib/gcc/x86_64-linux-gnu/5/include/stddef.h:216:23:[m[K [01;36m[Knote: [m[K  â€˜[01m[Ksize_t[m[Kâ€™
 typedef __SIZE_TYPE__ size_t;
[01;32m[K                       ^[m[K
In file included from [01m[K/usr/local/include/eigen3/Eigen/Core:349:0[m[K,
                 from [01m[K/usr/local/include/eigen3/Eigen/StdVector:14[m[K,
                 from [01m[K/usr/include/pcl-1.7/pcl/point_cloud.h:46[m[K,
                 from [01m[K/usr/include/pcl-1.7/pcl/io/pcd_io.h:43[m[K,
                 from [01m[K/home/hi/analysis_ws/src/point_analyzer/src/planar_segmentation.cpp:4[m[K:
[01m[K/usr/local/include/eigen3/Eigen/src/Core/util/Memory.h:296:67:[m[K [01;31m[Kerror: [m[Kâ€˜[01m[KEigen::internal::aligned_new[m[Kâ€™ declared as an â€˜[01m[Kinline[m[Kâ€™ variable
 template<typename T> EIGEN_DEVICE_FUNC inline T* aligned_new(std::size_t size)
[01;32m[K                                                                   ^[m[K
[01m[K/usr/local/include/eigen3/Eigen/src/Core/util/Memory.h:296:62:[m[K [01;31m[Kerror: [m[Kâ€˜[01m[Ksize_t[m[Kâ€™ is not a member of â€˜[01m[Kstd[m[Kâ€™
 template<typename T> EIGEN_DEVICE_FUNC inline T* aligned_new(std::size_t size)
[01;32m[K                                                              ^[m[K
[01m[K/usr/local/include/eigen3/Eigen/src/Core/util/Memory.h:296:62:[m[K [01;36m[Knote: [m[Ksuggested alternative:
In file included from [01m[K/usr/include/wchar.h:51:0[m[K,
                 from [01m[K/usr/include/c++/5/cwchar:44[m[K,
                 from [01m[K/usr/include/c++/5/bits/postypes.h:40[m[K,
                 from [01m[K/usr/include/c++/5/iosfwd:40[m[K,
                 from [01m[K/usr/include/c++/5/ios:38[m[K,
                 from [01m[K/usr/include/c++/5/ostream:38[m[K,
                 from [01m[K/usr/include/c++/5/iostream:39[m[K,
                 from [01m[K/home/hi/analysis_ws/src/point_analyzer/src/planar_segmentation.cpp:2[m[K:
[01m[K/usr/lib/gcc/x86_64-linux-gnu/5/include/stddef.h:216:23:[m[K [01;36m[Knote: [m[K  â€˜[01m[Ksize_t[m[Kâ€™
 typedef __SIZE_TYPE__ size_t;
[01;32m[K                       ^[m[K
In file included from [01m[K/usr/local/include/eigen3/Eigen/Core:349:0[m[K,
                 from [01m[K/usr/local/include/eigen3/Eigen/StdVector:14[m[K,
                 from [01m[K/usr/include/pcl-1.7/pcl/point_cloud.h:46[m[K,
                 from [01m[K/usr/include/pcl-1.7/pcl/io/pcd_io.h:43[m[K,
                 from [01m[K/home/hi/analysis_ws/src/point_analyzer/src/planar_segmentation.cpp:4[m[K:
[01m[K/usr/local/include/eigen3/Eigen/src/Core/util/Memory.h:297:1:[m[K [01;31m[Kerror: [m[Kexpected â€˜[01m[K;[m[Kâ€™ before â€˜[01m[K{[m[Kâ€™ token
 {
[01;32m[K ^[m[K
[01m[K/usr/local/include/eigen3/Eigen/src/Core/util/Memory.h:312:91:[m[K [01;31m[Kerror: [m[Kâ€˜[01m[KEigen::internal::conditional_aligned_new[m[Kâ€™ declared as an â€˜[01m[Kinline[m[Kâ€™ variable
 template<typename T, bool Align> EIGEN_DEVICE_FUNC inline T* conditional_aligned_new(std::size_t size)
[01;32m[K                                                                                           ^[m[K
[01m[K/usr/local/include/eigen3/Eigen/src/Core/util/Memory.h:312:86:[m[K [01;31m[Kerror: [m[Kâ€˜[01m[Ksize_t[m[Kâ€™ is not a member of â€˜[01m[Kstd[m[Kâ€™
 template<typename T, bool Align> EIGEN_DEVICE_FUNC inline T* conditional_aligned_new(std::size_t size)
[01;32m[K                                                                                      ^[m[K
[01m[K/usr/local/include/eigen3/Eigen/src/Core/util/Memory.h:312:86:[m[K [01;36m[Knote: [m[Ksuggested alternative:
In file included from [01m[K/usr/include/wchar.h:51:0[m[K,
                 from [01m[K/usr/include/c++/5/cwchar:44[m[K,
                 from [01m[K/usr/include/c++/5/bits/postypes.h:40[m[K,
                 from [01m[K/usr/include/c++/5/iosfwd:40[m[K,
                 from [01m[K/usr/include/c++/5/ios:38[m[K,
                 from [01m[K/usr/include/c++/5/ostream:38[m[K,
                 from [01m[K/usr/include/c++/5/iostream:39[m[K,
                 from [01m[K/home/hi/analysis_ws/src/point_analyzer/src/planar_segmentation.cpp:2[m[K:
[01m[K/usr/lib/gcc/x86_64-linux-gnu/5/include/stddef.h:216:23:[m[K [01;36m[Knote: [m[K  â€˜[01m[Ksize_t[m[Kâ€™
 typedef __SIZE_TYPE__ size_t;
[01;32m[K                       ^[m[K
In file included from [01m[K/usr/local/include/eigen3/Eigen/Core:349:0[m[K,
                 from [01m[K/usr/local/include/eigen3/Eigen/StdVector:14[m[K,
                 from [01m[K/usr/include/pcl-1.7/pcl/point_cloud.h:46[m[K,
                 from [01m[K/usr/include/pcl-1.7/pcl/io/pcd_io.h:43[m[K,
                 from [01m[K/home/hi/analysis_ws/src/point_analyzer/src/planar_segmentation.cpp:4[m[K:
[01m[K/usr/local/include/eigen3/Eigen/src/Core/util/Memory.h:313:1:[m[K [01;31m[Kerror: [m[Kexpected â€˜[01m[K;[m[Kâ€™ before â€˜[01m[K{[m[Kâ€™ token
 {
[01;32m[K ^[m[K
[01m[K/usr/local/include/eigen3/Eigen/src/Core/util/Memory.h:331:80:[m[K [01;31m[Kerror: [m[Kâ€˜[01m[Kstd::size_t[m[Kâ€™ has not been declared
 template<typename T> EIGEN_DEVICE_FUNC inline void aligned_delete(T *ptr, std::size_t size)
[01;32m[K                                                                                ^[m[K
[01m[K/usr/local/include/eigen3/Eigen/src/Core/util/Memory.h:340:104:[m[K [01;31m[Kerror: [m[Kâ€˜[01m[Kstd::size_t[m[Kâ€™ has not been declared
 template<typename T, bool Align> EIGEN_DEVICE_FUNC inline void conditional_aligned_delete(T *ptr, std::size_t size)
[01;32m[K                                                                                                        ^[m[K
[01m[K/usr/local/include/eigen3/Eigen/src/Core/util/Memory.h:346:107:[m[K [01;31m[Kerror: [m[Kâ€˜[01m[Kstd::size_t[m[Kâ€™ has not been declared
 template<typename T, bool Align> EIGEN_DEVICE_FUNC inline T* conditional_aligned_realloc_new(T* pts, std::size_t new_size, std::size_t old_size)
[01;32m[K                                                                                                           ^[m[K
[01m[K/usr/local/include/eigen3/Eigen/src/Core/util/Memory.h:346:129:[m[K [01;31m[Kerror: [m[Kâ€˜[01m[Kstd::size_t[m[Kâ€™ has not been declared
 template<typename T, bool Align> EIGEN_DEVICE_FUNC inline T* conditional_aligned_realloc_new(T* pts, std::size_t new_size, std::size_t old_size)
[01;32m[K                                                                                                                                 ^[m[K
[01m[K/usr/local/include/eigen3/Eigen/src/Core/util/Memory.h:[m[K In function â€˜[01m[KT* Eigen::internal::conditional_aligned_realloc_new(T*, int, int)[m[Kâ€™:
[01m[K/usr/local/include/eigen3/Eigen/src/Core/util/Memory.h:348:3:[m[K [01;31m[Kerror: [m[Kâ€˜[01m[Kcheck_size_for_overflow[m[Kâ€™ was not declared in this scope
   check_size_for_overflow<T>(new_size);
[01;32m[K   ^[m[K
[01m[K/usr/local/include/eigen3/Eigen/src/Core/util/Memory.h:348:28:[m[K [01;31m[Kerror: [m[Kexpected primary-expression before â€˜[01m[K>[m[Kâ€™ token
   check_size_for_overflow<T>(new_size);
[01;32m[K                            ^[m[K
[01m[K/usr/local/include/eigen3/Eigen/src/Core/util/Memory.h:349:28:[m[K [01;31m[Kerror: [m[Kexpected primary-expression before â€˜[01m[K>[m[Kâ€™ token
   check_size_for_overflow<T>(old_size);
[01;32m[K                            ^[m[K
[01m[K/usr/local/include/eigen3/Eigen/src/Core/util/Memory.h:[m[K At global scope:
[01m[K/usr/local/include/eigen3/Eigen/src/Core/util/Memory.h:369:96:[m[K [01;31m[Kerror: [m[Kâ€˜[01m[KEigen::internal::conditional_aligned_new_auto[m[Kâ€™ declared as an â€˜[01m[Kinline[m[Kâ€™ variable
 template<typename T, bool Align> EIGEN_DEVICE_FUNC inline T* conditional_aligned_new_auto(std::size_t size)
[01;32m[K                                                                                                ^[m[K
[01m[K/usr/local/include/eigen3/Eigen/src/Core/util/Memory.h:369:91:[m[K [01;31m[Kerror: [m[Kâ€˜[01m[Ksize_t[m[Kâ€™ is not a member of â€˜[01m[Kstd[m[Kâ€™
 template<typename T, bool Align> EIGEN_DEVICE_FUNC inline T* conditional_aligned_new_auto(std::size_t size)
[01;32m[K                                                                                           ^[m[K
[01m[K/usr/local/include/eigen3/Eigen/src/Core/util/Memory.h:369:91:[m[K [01;36m[Knote: [m[Ksuggested alternative:
In file included from [01m[K/usr/include/wchar.h:51:0[m[K,
                 from [01m[K/usr/include/c++/5/cwchar:44[m[K,
                 from [01m[K/usr/include/c++/5/bits/postypes.h:40[m[K,
                 from [01m[K/usr/include/c++/5/iosfwd:40[m[K,
                 from [01m[K/usr/include/c++/5/ios:38[m[K,
                 from [01m[K/usr/include/c++/5/ostream:38[m[K,
                 from [01m[K/usr/include/c++/5/iostream:39[m[K,
                 from [01m[K/home/hi/analysis_ws/src/point_analyzer/src/planar_segmentation.cpp:2[m[K:
[01m[K/usr/lib/gcc/x86_64-linux-gnu/5/include/stddef.h:216:23:[m[K [01;36m[Knote: [m[K  â€˜[01m[Ksize_t[m[Kâ€™
 typedef __SIZE_TYPE__ size_t;
[01;32m[K                       ^[m[K
In file included from [01m[K/usr/local/include/eigen3/Eigen/Core:349:0[m[K,
                 from [01m[K/usr/local/include/eigen3/Eigen/StdVector:14[m[K,
                 from [01m[K/usr/include/pcl-1.7/pcl/point_cloud.h:46[m[K,
                 from [01m[K/usr/include/pcl-1.7/pcl/io/pcd_io.h:43[m[K,
                 from [01m[K/home/hi/analysis_ws/src/point_analyzer/src/planar_segmentation.cpp:4[m[K:
[01m[K/usr/local/include/eigen3/Eigen/src/Core/util/Memory.h:370:1:[m[K [01;31m[Kerror: [m[Kexpected â€˜[01m[K;[m[Kâ€™ before â€˜[01m[K{[m[Kâ€™ token
 {
[01;32m[K ^[m[K
[01m[K/usr/local/include/eigen3/Eigen/src/Core/util/Memory.h:390:94:[m[K [01;31m[Kerror: [m[Kâ€˜[01m[Kstd::size_t[m[Kâ€™ has not been declared
 template<typename T, bool Align> inline T* conditional_aligned_realloc_new_auto(T* pts, std::size_t new_size, std::size_t old_size)
[01;32m[K                                                                                              ^[m[K
[01m[K/usr/local/include/eigen3/Eigen/src/Core/util/Memory.h:390:116:[m[K [01;31m[Kerror: [m[Kâ€˜[01m[Kstd::size_t[m[Kâ€™ has not been declared
 template<typename T, bool Align> inline T* conditional_aligned_realloc_new_auto(T* pts, std::size_t new_size, std::size_t old_size)
[01;32m[K                                                                                                                    ^[m[K
[01m[K/usr/local/include/eigen3/Eigen/src/Core/util/Memory.h:[m[K In function â€˜[01m[KT* Eigen::internal::conditional_aligned_realloc_new_auto(T*, int, int)[m[Kâ€™:
[01m[K/usr/local/include/eigen3/Eigen/src/Core/util/Memory.h:392:3:[m[K [01;31m[Kerror: [m[Kâ€˜[01m[Kcheck_size_for_overflow[m[Kâ€™ was not declared in this scope
   check_size_for_overflow<T>(new_size);
[01;32m[K   ^[m[K
[01m[K/usr/local/include/eigen3/Eigen/src/Core/util/Memory.h:392:28:[m[K [01;31m[Kerror: [m[Kexpected primary-expression before â€˜[01m[K>[m[Kâ€™ token
   check_size_for_overflow<T>(new_size);
[01;32m[K                            ^[m[K
[01m[K/usr/local/include/eigen3/Eigen/src/Core/util/Memory.h:393:28:[m[K [01;31m[Kerror: [m[Kexpected primary-expression before â€˜[01m[K>[m[Kâ€™ token
   check_size_for_overflow<T>(old_size);
[01;32m[K                            ^[m[K
[01m[K/usr/local/include/eigen3/Eigen/src/Core/util/Memory.h:[m[K At global scope:
[01m[K/usr/local/include/eigen3/Eigen/src/Core/util/Memory.h:412:109:[m[K [01;31m[Kerror: [m[Kâ€˜[01m[Kstd::size_t[m[Kâ€™ has not been declared
 template<typename T, bool Align> EIGEN_DEVICE_FUNC inline void conditional_aligned_delete_auto(T *ptr, std::size_t size)
[01;32m[K                                                                                                             ^[m[K
[01m[K/usr/local/include/eigen3/Eigen/src/Core/util/Memory.h:[m[K In static member function â€˜[01m[Kstatic void Eigen::internal::smart_copy_helper<T, true>::run(const T*, const T*, T*)[m[Kâ€™:
[01m[K/usr/local/include/eigen3/Eigen/src/Core/util/Memory.h:493:5:[m[K [01;31m[Kerror: [m[Kâ€˜[01m[KIntPtr[m[Kâ€™ was not declared in this scope
     IntPtr size = IntPtr(end)-IntPtr(start);
[01;32m[K     ^[m[K
[01m[K/usr/local/include/eigen3/Eigen/src/Core/util/Memory.h:494:8:[m[K [01;31m[Kerror: [m[Kâ€˜[01m[Ksize[m[Kâ€™ was not declared in this scope
     if(size==0) return;
[01;32m[K        ^[m[K
[01m[K/usr/local/include/eigen3/Eigen/src/Core/util/Memory.h:496:27:[m[K [01;31m[Kerror: [m[Kâ€˜[01m[Ksize[m[Kâ€™ was not declared in this scope
     memcpy(target, start, size);
[01;32m[K                           ^[m[K
[01m[K/usr/local/include/eigen3/Eigen/src/Core/util/Memory.h:[m[K In static member function â€˜[01m[Kstatic void Eigen::internal::smart_memmove_helper<T, true>::run(const T*, const T*, T*)[m[Kâ€™:
[01m[K/usr/local/include/eigen3/Eigen/src/Core/util/Memory.h:516:5:[m[K [01;31m[Kerror: [m[Kâ€˜[01m[KIntPtr[m[Kâ€™ was not declared in this scope
     IntPtr size = IntPtr(end)-IntPtr(start);
[01;32m[K     ^[m[K
[01m[K/usr/local/include/eigen3/Eigen/src/Core/util/Memory.h:517:8:[m[K [01;31m[Kerror: [m[Kâ€˜[01m[Ksize[m[Kâ€™ was not declared in this scope
     if(size==0) return;
[01;32m[K        ^[m[K
[01m[K/usr/local/include/eigen3/Eigen/src/Core/util/Memory.h:519:33:[m[K [01;31m[Kerror: [m[Kâ€˜[01m[Ksize[m[Kâ€™ was not declared in this scope
     std::memmove(target, start, size);
[01;32m[K                                 ^[m[K
[01m[K/usr/local/include/eigen3/Eigen/src/Core/util/Memory.h:[m[K In static member function â€˜[01m[Kstatic void Eigen::internal::smart_memmove_helper<T, false>::run(const T*, const T*, T*)[m[Kâ€™:
[01m[K/usr/local/include/eigen3/Eigen/src/Core/util/Memory.h:532:7:[m[K [01;31m[Kerror: [m[Kâ€˜[01m[Kptrdiff_t[m[Kâ€™ is not a member of â€˜[01m[Kstd[m[Kâ€™
       std::ptrdiff_t count = (std::ptrdiff_t(end)-std::ptrdiff_t(start)) / sizeof(T);
[01;32m[K       ^[m[K
[01m[K/usr/local/include/eigen3/Eigen/src/Core/util/Memory.h:532:7:[m[K [01;36m[Knote: [m[Ksuggested alternative:
In file included from [01m[K/usr/include/c++/5/cstddef:45:0[m[K,
                 from [01m[K/usr/include/boost/config/select_stdlib_config.hpp:18[m[K,
                 from [01m[K/usr/include/boost/config.hpp:44[m[K,
                 from [01m[K/usr/include/boost/smart_ptr/shared_ptr.hpp:17[m[K,
                 from [01m[K/usr/include/boost/shared_ptr.hpp:17[m[K,
                 from [01m[K/usr/include/pcl-1.7/pcl/PCLHeader.h:10[m[K,
                 from [01m[K/usr/include/pcl-1.7/pcl/ModelCoefficients.h:8[m[K,
                 from [01m[K/home/hi/analysis_ws/src/point_analyzer/src/planar_segmentation.cpp:3[m[K:
[01m[K/usr/lib/gcc/x86_64-linux-gnu/5/include/stddef.h:149:26:[m[K [01;36m[Knote: [m[K  â€˜[01m[Kptrdiff_t[m[Kâ€™
 typedef __PTRDIFF_TYPE__ ptrdiff_t;
[01;32m[K                          ^[m[K
In file included from [01m[K/usr/local/include/eigen3/Eigen/Core:349:0[m[K,
                 from [01m[K/usr/local/include/eigen3/Eigen/StdVector:14[m[K,
                 from [01m[K/usr/include/pcl-1.7/pcl/point_cloud.h:46[m[K,
                 from [01m[K/usr/include/pcl-1.7/pcl/io/pcd_io.h:43[m[K,
                 from [01m[K/home/hi/analysis_ws/src/point_analyzer/src/planar_segmentation.cpp:4[m[K:
[01m[K/usr/local/include/eigen3/Eigen/src/Core/util/Memory.h:533:47:[m[K [01;31m[Kerror: [m[Kâ€˜[01m[Kcount[m[Kâ€™ was not declared in this scope
       std::copy_backward(start, end, target + count); 
[01;32m[K                                               ^[m[K
[01m[K/usr/local/include/eigen3/Eigen/src/Core/util/Memory.h:533:47:[m[K [01;36m[Knote: [m[Ksuggested alternative:
In file included from [01m[K/usr/include/c++/5/algorithm:62:0[m[K,
                 from [01m[K/usr/include/boost/smart_ptr/shared_ptr.hpp:37[m[K,
                 from [01m[K/usr/include/boost/shared_ptr.hpp:17[m[K,
                 from [01m[K/usr/include/pcl-1.7/pcl/PCLHeader.h:10[m[K,
                 from [01m[K/usr/include/pcl-1.7/pcl/ModelCoefficients.h:8[m[K,
                 from [01m[K/home/hi/analysis_ws/src/point_analyzer/src/planar_segmentation.cpp:3[m[K:
[01m[K/usr/include/c++/5/bits/stl_algo.h:3959:5:[m[K [01;36m[Knote: [m[K  â€˜[01m[Kstd::count[m[Kâ€™
     count(_InputIterator __first, _InputIterator __last, const _Tp& __value)
[01;32m[K     ^[m[K
In file included from [01m[K/usr/local/include/eigen3/Eigen/Core:349:0[m[K,
                 from [01m[K/usr/local/include/eigen3/Eigen/StdVector:14[m[K,
                 from [01m[K/usr/include/pcl-1.7/pcl/point_cloud.h:46[m[K,
                 from [01m[K/usr/include/pcl-1.7/pcl/io/pcd_io.h:43[m[K,
                 from [01m[K/home/hi/analysis_ws/src/point_analyzer/src/planar_segmentation.cpp:4[m[K:
[01m[K/usr/local/include/eigen3/Eigen/src/Core/util/Memory.h:[m[K At global scope:
[01m[K/usr/local/include/eigen3/Eigen/src/Core/util/Memory.h:564:47:[m[K [01;31m[Kerror: [m[Kâ€˜[01m[Kstd::size_t[m[Kâ€™ has not been declared
     aligned_stack_memory_handler(T* ptr, std::size_t size, bool dealloc)
[01;32m[K                                               ^[m[K
[01m[K/usr/local/include/eigen3/Eigen/src/Core/util/Memory.h:579:10:[m[K [01;31m[Kerror: [m[Kâ€˜[01m[Ksize_t[m[Kâ€™ in namespace â€˜[01m[Kstd[m[Kâ€™ does not name a type
     std::size_t m_size;
[01;32m[K          ^[m[K
[01m[K/usr/local/include/eigen3/Eigen/src/Core/util/Memory.h:[m[K In constructor â€˜[01m[KEigen::internal::aligned_stack_memory_handler<T>::aligned_stack_memory_handler(T*, int, bool)[m[Kâ€™:
[01m[K/usr/local/include/eigen3/Eigen/src/Core/util/Memory.h:565:21:[m[K [01;31m[Kerror: [m[Kclass â€˜[01m[KEigen::internal::aligned_stack_memory_handler<T>[m[Kâ€™ does not have any field named â€˜[01m[Km_size[m[Kâ€™
       : m_ptr(ptr), m_size(size), m_deallocate(dealloc)
[01;32m[K                     ^[m[K
[01m[K/usr/local/include/eigen3/Eigen/src/Core/util/Memory.h:[m[K In destructor â€˜[01m[KEigen::internal::aligned_stack_memory_handler<T>::~aligned_stack_memory_handler()[m[Kâ€™:
[01m[K/usr/local/include/eigen3/Eigen/src/Core/util/Memory.h:573:63:[m[K [01;31m[Kerror: [m[Kâ€˜[01m[Km_size[m[Kâ€™ was not declared in this scope
         Eigen::internal::destruct_elements_of_array<T>(m_ptr, m_size);
[01;32m[K                                                               ^[m[K
[01m[K/usr/local/include/eigen3/Eigen/src/Core/util/Memory.h:[m[K At global scope:
[01m[K/usr/local/include/eigen3/Eigen/src/Core/util/Memory.h:587:40:[m[K [01;31m[Kerror: [m[Kexpected â€˜[01m[K)[m[Kâ€™ before â€˜[01m[Ksize[m[Kâ€™
   explicit scoped_array(std::ptrdiff_t size)
[01;32m[K                                        ^[m[K
[01m[K/usr/local/include/eigen3/Eigen/src/Core/util/Memory.h:595:22:[m[K [01;31m[Kerror: [m[Kdeclaration of â€˜[01m[Koperator[][m[Kâ€™ as non-function
   T& operator[](std::ptrdiff_t i) { return m_ptr[i]; }
[01;32m[K                      ^[m[K
[01m[K/usr/local/include/eigen3/Eigen/src/Core/util/Memory.h:595:15:[m[K [01;31m[Kerror: [m[Kexpected â€˜[01m[K;[m[Kâ€™ at end of member declaration
   T& operator[](std::ptrdiff_t i) { return m_ptr[i]; }
[01;32m[K               ^[m[K
[01m[K/usr/local/include/eigen3/Eigen/src/Core/util/Memory.h:595:32:[m[K [01;31m[Kerror: [m[Kexpected â€˜[01m[K)[m[Kâ€™ before â€˜[01m[Ki[m[Kâ€™
   T& operator[](std::ptrdiff_t i) { return m_ptr[i]; }
[01;32m[K                                ^[m[K
[01m[K/usr/local/include/eigen3/Eigen/src/Core/util/Memory.h:596:28:[m[K [01;31m[Kerror: [m[Kdeclaration of â€˜[01m[Koperator[][m[Kâ€™ as non-function
   const T& operator[](std::ptrdiff_t i) const { return m_ptr[i]; }
[01;32m[K                            ^[m[K
[01m[K/usr/local/include/eigen3/Eigen/src/Core/util/Memory.h:596:21:[m[K [01;31m[Kerror: [m[Kexpected â€˜[01m[K;[m[Kâ€™ at end of member declaration
   const T& operator[](std::ptrdiff_t i) const { return m_ptr[i]; }
[01;32m[K                     ^[m[K
[01m[K/usr/local/include/eigen3/Eigen/src/Core/util/Memory.h:596:38:[m[K [01;31m[Kerror: [m[Kexpected â€˜[01m[K)[m[Kâ€™ before â€˜[01m[Ki[m[Kâ€™
   const T& operator[](std::ptrdiff_t i) const { return m_ptr[i]; }
[01;32m[K                                      ^[m[K
[01m[K/usr/local/include/eigen3/Eigen/src/Core/util/Memory.h:716:16:[m[K [01;31m[Kerror: [m[Kâ€˜[01m[Ksize_t[m[Kâ€™ in namespace â€˜[01m[Kstd[m[Kâ€™ does not name a type
   typedef std::size_t     size_type;
[01;32m[K                ^[m[K
[01m[K/usr/local/include/eigen3/Eigen/src/Core/util/Memory.h:717:16:[m[K [01;31m[Kerror: [m[Kâ€˜[01m[Kptrdiff_t[m[Kâ€™ in namespace â€˜[01m[Kstd[m[Kâ€™ does not name a type
   typedef std::ptrdiff_t  difference_type;
[01;32m[K                ^[m[K
[01m[K/usr/local/include/eigen3/Eigen/src/Core/util/Memory.h:739:20:[m[K [01;31m[Kerror: [m[Kâ€˜[01m[Ksize_type[m[Kâ€™ has not been declared
   pointer allocate(size_type num, const void* /*hint*/ = 0)
[01;32m[K                    ^[m[K
[01m[K/usr/local/include/eigen3/Eigen/src/Core/util/Memory.h:745:30:[m[K [01;31m[Kerror: [m[Kâ€˜[01m[Ksize_type[m[Kâ€™ has not been declared
   void deallocate(pointer p, size_type /*num*/)
[01;32m[K                              ^[m[K
[01m[K/usr/local/include/eigen3/Eigen/src/Core/util/Memory.h:[m[K In member function â€˜[01m[KT* Eigen::aligned_allocator<T>::allocate(int, const void*)[m[Kâ€™:
[01m[K/usr/local/include/eigen3/Eigen/src/Core/util/Memory.h:741:5:[m[K [01;31m[Kerror: [m[Kâ€˜[01m[Kcheck_size_for_overflow[m[Kâ€™ is not a member of â€˜[01m[KEigen::internal[m[Kâ€™
     internal::check_size_for_overflow<T>(num);
[01;32m[K     ^[m[K
[01m[K/usr/local/include/eigen3/Eigen/src/Core/util/Memory.h:741:40:[m[K [01;31m[Kerror: [m[Kexpected primary-expression before â€˜[01m[K>[m[Kâ€™ token
     internal::check_size_for_overflow<T>(num);
[01;32m[K                                        ^[m[K
[01m[K/usr/local/include/eigen3/Eigen/src/Core/util/Memory.h:742:74:[m[K [01;31m[Kerror: [m[Kâ€˜[01m[KEigen::internal::aligned_malloc[m[Kâ€™ cannot be used as a function
     return static_cast<pointer>( internal::aligned_malloc(num * sizeof(T)) );
[01;32m[K                                                                          ^[m[K
In file included from [01m[K/usr/local/include/eigen3/Eigen/Core:352:0[m[K,
                 from [01m[K/usr/local/include/eigen3/Eigen/StdVector:14[m[K,
                 from [01m[K/usr/include/pcl-1.7/pcl/point_cloud.h:46[m[K,
                 from [01m[K/usr/include/pcl-1.7/pcl/io/pcd_io.h:43[m[K,
                 from [01m[K/home/hi/analysis_ws/src/point_analyzer/src/planar_segmentation.cpp:4[m[K:
[01m[K/usr/local/include/eigen3/Eigen/src/Core/MathFunctions.h:[m[K In static member function â€˜[01m[Kstatic Scalar Eigen::internal::random_default_impl<Scalar, false, true>::run(const Scalar&, const Scalar&)[m[Kâ€™:
[01m[K/usr/local/include/eigen3/Eigen/src/Core/MathFunctions.h:644:62:[m[K [01;31m[Kerror: [m[Kâ€˜[01m[Kptrdiff_t[m[Kâ€™ is not a member of â€˜[01m[Kstd[m[Kâ€™
     typedef typename conditional<NumTraits<Scalar>::IsSigned,std::ptrdiff_t,std::size_t>::type ScalarX;
[01;32m[K                                                              ^[m[K
[01m[K/usr/local/include/eigen3/Eigen/src/Core/MathFunctions.h:644:62:[m[K [01;36m[Knote: [m[Ksuggested alternative:
In file included from [01m[K/usr/include/c++/5/cstddef:45:0[m[K,
                 from [01m[K/usr/include/boost/config/select_stdlib_config.hpp:18[m[K,
                 from [01m[K/usr/include/boost/config.hpp:44[m[K,
                 from [01m[K/usr/include/boost/smart_ptr/shared_ptr.hpp:17[m[K,
                 from [01m[K/usr/include/boost/shared_ptr.hpp:17[m[K,
                 from [01m[K/usr/include/pcl-1.7/pcl/PCLHeader.h:10[m[K,
                 from [01m[K/usr/include/pcl-1.7/pcl/ModelCoefficients.h:8[m[K,
                 from [01m[K/home/hi/analysis_ws/src/point_analyzer/src/planar_segmentation.cpp:3[m[K:
[01m[K/usr/lib/gcc/x86_64-linux-gnu/5/include/stddef.h:149:26:[m[K [01;36m[Knote: [m[K  â€˜[01m[Kptrdiff_t[m[Kâ€™
 typedef __PTRDIFF_TYPE__ ptrdiff_t;
[01;32m[K                          ^[m[K
In file included from [01m[K/usr/local/include/eigen3/Eigen/Core:352:0[m[K,
                 from [01m[K/usr/local/include/eigen3/Eigen/StdVector:14[m[K,
                 from [01m[K/usr/include/pcl-1.7/pcl/point_cloud.h:46[m[K,
                 from [01m[K/usr/include/pcl-1.7/pcl/io/pcd_io.h:43[m[K,
                 from [01m[K/home/hi/analysis_ws/src/point_analyzer/src/planar_segmentation.cpp:4[m[K:
[01m[K/usr/local/include/eigen3/Eigen/src/Core/MathFunctions.h:644:62:[m[K [01;31m[Kerror: [m[Kâ€˜[01m[Kptrdiff_t[m[Kâ€™ is not a member of â€˜[01m[Kstd[m[Kâ€™
     typedef typename conditional<NumTraits<Scalar>::IsSigned,std::ptrdiff_t,std::size_t>::type ScalarX;
[01;32m[K                                                              ^[m[K
[01m[K/usr/local/include/eigen3/Eigen/src/Core/MathFunctions.h:644:62:[m[K [01;36m[Knote: [m[Ksuggested alternative:
In file included from [01m[K/usr/include/c++/5/cstddef:45:0[m[K,
                 from [01m[K/usr/include/boost/config/select_stdlib_config.hpp:18[m[K,
                 from [01m[K/usr/include/boost/config.hpp:44[m[K,
                 from [01m[K/usr/include/boost/smart_ptr/shared_ptr.hpp:17[m[K,
                 from [01m[K/usr/include/boost/shared_ptr.hpp:17[m[K,
                 from [01m[K/usr/include/pcl-1.7/pcl/PCLHeader.h:10[m[K,
                 from [01m[K/usr/include/pcl-1.7/pcl/ModelCoefficients.h:8[m[K,
                 from [01m[K/home/hi/analysis_ws/src/point_analyzer/src/planar_segmentation.cpp:3[m[K:
[01m[K/usr/lib/gcc/x86_64-linux-gnu/5/include/stddef.h:149:26:[m[K [01;36m[Knote: [m[K  â€˜[01m[Kptrdiff_t[m[Kâ€™
 typedef __PTRDIFF_TYPE__ ptrdiff_t;
[01;32m[K                          ^[m[K
In file included from [01m[K/usr/local/include/eigen3/Eigen/Core:352:0[m[K,
                 from [01m[K/usr/local/include/eigen3/Eigen/StdVector:14[m[K,
                 from [01m[K/usr/include/pcl-1.7/pcl/point_cloud.h:46[m[K,
                 from [01m[K/usr/include/pcl-1.7/pcl/io/pcd_io.h:43[m[K,
                 from [01m[K/home/hi/analysis_ws/src/point_analyzer/src/planar_segmentation.cpp:4[m[K:
[01m[K/usr/local/include/eigen3/Eigen/src/Core/MathFunctions.h:644:77:[m[K [01;31m[Kerror: [m[Kâ€˜[01m[Ksize_t[m[Kâ€™ is not a member of â€˜[01m[Kstd[m[Kâ€™
     typedef typename conditional<NumTraits<Scalar>::IsSigned,std::ptrdiff_t,std::size_t>::type ScalarX;
[01;32m[K                                                                             ^[m[K
[01m[K/usr/local/include/eigen3/Eigen/src/Core/MathFunctions.h:644:77:[m[K [01;36m[Knote: [m[Ksuggested alternative:
In file included from [01m[K/usr/include/wchar.h:51:0[m[K,
                 from [01m[K/usr/include/c++/5/cwchar:44[m[K,
                 from [01m[K/usr/include/c++/5/bits/postypes.h:40[m[K,
                 from [01m[K/usr/include/c++/5/iosfwd:40[m[K,
                 from [01m[K/usr/include/c++/5/ios:38[m[K,
                 from [01m[K/usr/include/c++/5/ostream:38[m[K,
                 from [01m[K/usr/include/c++/5/iostream:39[m[K,
                 from [01m[K/home/hi/analysis_ws/src/point_analyzer/src/planar_segmentation.cpp:2[m[K:
[01m[K/usr/lib/gcc/x86_64-linux-gnu/5/include/stddef.h:216:23:[m[K [01;36m[Knote: [m[K  â€˜[01m[Ksize_t[m[Kâ€™
 typedef __SIZE_TYPE__ size_t;
[01;32m[K                       ^[m[K
In file included from [01m[K/usr/local/include/eigen3/Eigen/Core:352:0[m[K,
                 from [01m[K/usr/local/include/eigen3/Eigen/StdVector:14[m[K,
                 from [01m[K/usr/include/pcl-1.7/pcl/point_cloud.h:46[m[K,
                 from [01m[K/usr/include/pcl-1.7/pcl/io/pcd_io.h:43[m[K,
                 from [01m[K/home/hi/analysis_ws/src/point_analyzer/src/planar_segmentation.cpp:4[m[K:
[01m[K/usr/local/include/eigen3/Eigen/src/Core/MathFunctions.h:644:77:[m[K [01;31m[Kerror: [m[Kâ€˜[01m[Ksize_t[m[Kâ€™ is not a member of â€˜[01m[Kstd[m[Kâ€™
     typedef typename conditional<NumTraits<Scalar>::IsSigned,std::ptrdiff_t,std::size_t>::type ScalarX;
[01;32m[K                                                                             ^[m[K
[01m[K/usr/local/include/eigen3/Eigen/src/Core/MathFunctions.h:644:77:[m[K [01;36m[Knote: [m[Ksuggested alternative:
In file included from [01m[K/usr/include/wchar.h:51:0[m[K,
                 from [01m[K/usr/include/c++/5/cwchar:44[m[K,
                 from [01m[K/usr/include/c++/5/bits/postypes.h:40[m[K,
                 from [01m[K/usr/include/c++/5/iosfwd:40[m[K,
                 from [01m[K/usr/include/c++/5/ios:38[m[K,
                 from [01m[K/usr/include/c++/5/ostream:38[m[K,
                 from [01m[K/usr/include/c++/5/iostream:39[m[K,
                 from [01m[K/home/hi/analysis_ws/src/point_analyzer/src/planar_segmentation.cpp:2[m[K:
[01m[K/usr/lib/gcc/x86_64-linux-gnu/5/include/stddef.h:216:23:[m[K [01;36m[Knote: [m[K  â€˜[01m[Ksize_t[m[Kâ€™
 typedef __SIZE_TYPE__ size_t;
[01;32m[K                       ^[m[K
In file included from [01m[K/usr/local/include/eigen3/Eigen/Core:352:0[m[K,
                 from [01m[K/usr/local/include/eigen3/Eigen/StdVector:14[m[K,
                 from [01m[K/usr/include/pcl-1.7/pcl/point_cloud.h:46[m[K,
                 from [01m[K/usr/include/pcl-1.7/pcl/io/pcd_io.h:43[m[K,
                 from [01m[K/home/hi/analysis_ws/src/point_analyzer/src/planar_segmentation.cpp:4[m[K:
[01m[K/usr/local/include/eigen3/Eigen/src/Core/MathFunctions.h:644:88:[m[K [01;31m[Kerror: [m[Ktemplate argument 2 is invalid
     typedef typename conditional<NumTraits<Scalar>::IsSigned,std::ptrdiff_t,std::size_t>::type ScalarX;
[01;32m[K                                                                                        ^[m[K
[01m[K/usr/local/include/eigen3/Eigen/src/Core/MathFunctions.h:644:88:[m[K [01;31m[Kerror: [m[Ktemplate argument 3 is invalid
[01m[K/usr/local/include/eigen3/Eigen/src/Core/MathFunctions.h:649:5:[m[K [01;31m[Kerror: [m[Kâ€˜[01m[Ksize_t[m[Kâ€™ is not a member of â€˜[01m[Kstd[m[Kâ€™
     std::size_t range = ScalarX(y)-ScalarX(x);
[01;32m[K     ^[m[K
[01m[K/usr/local/include/eigen3/Eigen/src/Core/MathFunctions.h:649:5:[m[K [01;36m[Knote: [m[Ksuggested alternative:
In file included from [01m[K/usr/include/wchar.h:51:0[m[K,
                 from [01m[K/usr/include/c++/5/cwchar:44[m[K,
                 from [01m[K/usr/include/c++/5/bits/postypes.h:40[m[K,
                 from [01m[K/usr/include/c++/5/iosfwd:40[m[K,
                 from [01m[K/usr/include/c++/5/ios:38[m[K,
                 from [01m[K/usr/include/c++/5/ostream:38[m[K,
                 from [01m[K/usr/include/c++/5/iostream:39[m[K,
                 from [01m[K/home/hi/analysis_ws/src/point_analyzer/src/planar_segmentation.cpp:2[m[K:
[01m[K/usr/lib/gcc/x86_64-linux-gnu/5/include/stddef.h:216:23:[m[K [01;36m[Knote: [m[K  â€˜[01m[Ksize_t[m[Kâ€™
 typedef __SIZE_TYPE__ size_t;
[01;32m[K                       ^[m[K
In file included from [01m[K/usr/local/include/eigen3/Eigen/Core:352:0[m[K,
                 from [01m[K/usr/local/include/eigen3/Eigen/StdVector:14[m[K,
                 from [01m[K/usr/include/pcl-1.7/pcl/point_cloud.h:46[m[K,
                 from [01m[K/usr/include/pcl-1.7/pcl/io/pcd_io.h:43[m[K,
                 from [01m[K/home/hi/analysis_ws/src/point_analyzer/src/planar_segmentation.cpp:4[m[K:
[01m[K/usr/local/include/eigen3/Eigen/src/Core/MathFunctions.h:650:5:[m[K [01;31m[Kerror: [m[Kâ€˜[01m[Ksize_t[m[Kâ€™ is not a member of â€˜[01m[Kstd[m[Kâ€™
     std::size_t offset = 0;
[01;32m[K     ^[m[K
[01m[K/usr/local/include/eigen3/Eigen/src/Core/MathFunctions.h:650:5:[m[K [01;36m[Knote: [m[Ksuggested alternative:
In file included from [01m[K/usr/include/wchar.h:51:0[m[K,
                 from [01m[K/usr/include/c++/5/cwchar:44[m[K,
                 from [01m[K/usr/include/c++/5/bits/postypes.h:40[m[K,
                 from [01m[K/usr/include/c++/5/iosfwd:40[m[K,
                 from [01m[K/usr/include/c++/5/ios:38[m[K,
                 from [01m[K/usr/include/c++/5/ostream:38[m[K,
                 from [01m[K/usr/include/c++/5/iostream:39[m[K,
                 from [01m[K/home/hi/analysis_ws/src/point_analyzer/src/planar_segmentation.cpp:2[m[K:
[01m[K/usr/lib/gcc/x86_64-linux-gnu/5/include/stddef.h:216:23:[m[K [01;36m[Knote: [m[K  â€˜[01m[Ksize_t[m[Kâ€™
 typedef __SIZE_TYPE__ size_t;
[01;32m[K                       ^[m[K
In file included from [01m[K/usr/local/include/eigen3/Eigen/Core:352:0[m[K,
                 from [01m[K/usr/local/include/eigen3/Eigen/StdVector:14[m[K,
                 from [01m[K/usr/include/pcl-1.7/pcl/point_cloud.h:46[m[K,
                 from [01m[K/usr/include/pcl-1.7/pcl/io/pcd_io.h:43[m[K,
                 from [01m[K/home/hi/analysis_ws/src/point_analyzer/src/planar_segmentation.cpp:4[m[K:
[01m[K/usr/local/include/eigen3/Eigen/src/Core/MathFunctions.h:652:5:[m[K [01;31m[Kerror: [m[Kâ€˜[01m[Ksize_t[m[Kâ€™ is not a member of â€˜[01m[Kstd[m[Kâ€™
     std::size_t divisor = 1;
[01;32m[K     ^[m[K
[01m[K/usr/local/include/eigen3/Eigen/src/Core/MathFunctions.h:652:5:[m[K [01;36m[Knote: [m[Ksuggested alternative:
In file included from [01m[K/usr/include/wchar.h:51:0[m[K,
                 from [01m[K/usr/include/c++/5/cwchar:44[m[K,
                 from [01m[K/usr/include/c++/5/bits/postypes.h:40[m[K,
                 from [01m[K/usr/include/c++/5/iosfwd:40[m[K,
                 from [01m[K/usr/include/c++/5/ios:38[m[K,
                 from [01m[K/usr/include/c++/5/ostream:38[m[K,
                 from [01m[K/usr/include/c++/5/iostream:39[m[K,
                 from [01m[K/home/hi/analysis_ws/src/point_analyzer/src/planar_segmentation.cpp:2[m[K:
[01m[K/usr/lib/gcc/x86_64-linux-gnu/5/include/stddef.h:216:23:[m[K [01;36m[Knote: [m[K  â€˜[01m[Ksize_t[m[Kâ€™
 typedef __SIZE_TYPE__ size_t;
[01;32m[K                       ^[m[K
In file included from [01m[K/usr/local/include/eigen3/Eigen/Core:352:0[m[K,
                 from [01m[K/usr/local/include/eigen3/Eigen/StdVector:14[m[K,
                 from [01m[K/usr/include/pcl-1.7/pcl/point_cloud.h:46[m[K,
                 from [01m[K/usr/include/pcl-1.7/pcl/io/pcd_io.h:43[m[K,
                 from [01m[K/home/hi/analysis_ws/src/point_analyzer/src/planar_segmentation.cpp:4[m[K:
[01m[K/usr/local/include/eigen3/Eigen/src/Core/MathFunctions.h:653:5:[m[K [01;31m[Kerror: [m[Kâ€˜[01m[Ksize_t[m[Kâ€™ is not a member of â€˜[01m[Kstd[m[Kâ€™
     std::size_t multiplier = 1;
[01;32m[K     ^[m[K
[01m[K/usr/local/include/eigen3/Eigen/src/Core/MathFunctions.h:653:5:[m[K [01;36m[Knote: [m[Ksuggested alternative:
In file included from [01m[K/usr/include/wchar.h:51:0[m[K,
                 from [01m[K/usr/include/c++/5/cwchar:44[m[K,
                 from [01m[K/usr/include/c++/5/bits/postypes.h:40[m[K,
                 from [01m[K/usr/include/c++/5/iosfwd:40[m[K,
                 from [01m[K/usr/include/c++/5/ios:38[m[K,
                 from [01m[K/usr/include/c++/5/ostream:38[m[K,
                 from [01m[K/usr/include/c++/5/iostream:39[m[K,
                 from [01m[K/home/hi/analysis_ws/src/point_analyzer/src/planar_segmentation.cpp:2[m[K:
[01m[K/usr/lib/gcc/x86_64-linux-gnu/5/include/stddef.h:216:23:[m[K [01;36m[Knote: [m[K  â€˜[01m[Ksize_t[m[Kâ€™
 typedef __SIZE_TYPE__ size_t;
[01;32m[K                       ^[m[K
In file included from [01m[K/usr/local/include/eigen3/Eigen/Core:352:0[m[K,
                 from [01m[K/usr/local/include/eigen3/Eigen/StdVector:14[m[K,
                 from [01m[K/usr/include/pcl-1.7/pcl/point_cloud.h:46[m[K,
                 from [01m[K/usr/include/pcl-1.7/pcl/io/pcd_io.h:43[m[K,
                 from [01m[K/home/hi/analysis_ws/src/point_analyzer/src/planar_segmentation.cpp:4[m[K:
[01m[K/usr/local/include/eigen3/Eigen/src/Core/MathFunctions.h:654:8:[m[K [01;31m[Kerror: [m[Kâ€˜[01m[Krange[m[Kâ€™ was not declared in this scope
     if(range<RAND_MAX) divisor = (std::size_t(RAND_MAX)+1)/(range+1);
[01;32m[K        ^[m[K
[01m[K/usr/local/include/eigen3/Eigen/src/Core/MathFunctions.h:654:24:[m[K [01;31m[Kerror: [m[Kâ€˜[01m[Kdivisor[m[Kâ€™ was not declared in this scope
     if(range<RAND_MAX) divisor = (std::size_t(RAND_MAX)+1)/(range+1);
[01;32m[K                        ^[m[K
[01m[K/usr/local/include/eigen3/Eigen/src/Core/MathFunctions.h:654:35:[m[K [01;31m[Kerror: [m[Kâ€˜[01m[Ksize_t[m[Kâ€™ is not a member of â€˜[01m[Kstd[m[Kâ€™
     if(range<RAND_MAX) divisor = (std::size_t(RAND_MAX)+1)/(range+1);
[01;32m[K                                   ^[m[K
[01m[K/usr/local/include/eigen3/Eigen/src/Core/MathFunctions.h:654:35:[m[K [01;36m[Knote: [m[Ksuggested alternative:
In file included from [01m[K/usr/include/wchar.h:51:0[m[K,
                 from [01m[K/usr/include/c++/5/cwchar:44[m[K,
                 from [01m[K/usr/include/c++/5/bits/postypes.h:40[m[K,
                 from [01m[K/usr/include/c++/5/iosfwd:40[m[K,
                 from [01m[K/usr/include/c++/5/ios:38[m[K,
                 from [01m[K/usr/include/c++/5/ostream:38[m[K,
                 from [01m[K/usr/include/c++/5/iostream:39[m[K,
                 from [01m[K/home/hi/analysis_ws/src/point_analyzer/src/planar_segmentation.cpp:2[m[K:
[01m[K/usr/lib/gcc/x86_64-linux-gnu/5/include/stddef.h:216:23:[m[K [01;36m[Knote: [m[K  â€˜[01m[Ksize_t[m[Kâ€™
 typedef __SIZE_TYPE__ size_t;
[01;32m[K                       ^[m[K
In file included from [01m[K/usr/local/include/eigen3/Eigen/Core:352:0[m[K,
                 from [01m[K/usr/local/include/eigen3/Eigen/StdVector:14[m[K,
                 from [01m[K/usr/include/pcl-1.7/pcl/point_cloud.h:46[m[K,
                 from [01m[K/usr/include/pcl-1.7/pcl/io/pcd_io.h:43[m[K,
                 from [01m[K/home/hi/analysis_ws/src/point_analyzer/src/planar_segmentation.cpp:4[m[K:
[01m[K/usr/local/include/eigen3/Eigen/src/Core/MathFunctions.h:655:24:[m[K [01;31m[Kerror: [m[Kâ€˜[01m[Kmultiplier[m[Kâ€™ was not declared in this scope
     else               multiplier = 1 + range/(std::size_t(RAND_MAX)+1);
[01;32m[K                        ^[m[K
[01m[K/usr/local/include/eigen3/Eigen/src/Core/MathFunctions.h:655:48:[m[K [01;31m[Kerror: [m[Kâ€˜[01m[Ksize_t[m[Kâ€™ is not a member of â€˜[01m[Kstd[m[Kâ€™
     else               multiplier = 1 + range/(std::size_t(RAND_MAX)+1);
[01;32m[K                                                ^[m[K
[01m[K/usr/local/include/eigen3/Eigen/src/Core/MathFunctions.h:655:48:[m[K [01;36m[Knote: [m[Ksuggested alternative:
In file included from [01m[K/usr/include/wchar.h:51:0[m[K,
                 from [01m[K/usr/include/c++/5/cwchar:44[m[K,
                 from [01m[K/usr/include/c++/5/bits/postypes.h:40[m[K,
                 from [01m[K/usr/include/c++/5/iosfwd:40[m[K,
                 from [01m[K/usr/include/c++/5/ios:38[m[K,
                 from [01m[K/usr/include/c++/5/ostream:38[m[K,
                 from [01m[K/usr/include/c++/5/iostream:39[m[K,
                 from [01m[K/home/hi/analysis_ws/src/point_analyzer/src/planar_segmentation.cpp:2[m[K:
[01m[K/usr/lib/gcc/x86_64-linux-gnu/5/include/stddef.h:216:23:[m[K [01;36m[Knote: [m[K  â€˜[01m[Ksize_t[m[Kâ€™
 typedef __SIZE_TYPE__ size_t;
[01;32m[K                       ^[m[K
In file included from [01m[K/usr/local/include/eigen3/Eigen/Core:352:0[m[K,
                 from [01m[K/usr/local/include/eigen3/Eigen/StdVector:14[m[K,
                 from [01m[K/usr/include/pcl-1.7/pcl/point_cloud.h:46[m[K,
                 from [01m[K/usr/include/pcl-1.7/pcl/io/pcd_io.h:43[m[K,
                 from [01m[K/home/hi/analysis_ws/src/point_analyzer/src/planar_segmentation.cpp:4[m[K:
[01m[K/usr/local/include/eigen3/Eigen/src/Core/MathFunctions.h:657:7:[m[K [01;31m[Kerror: [m[Kâ€˜[01m[Koffset[m[Kâ€™ was not declared in this scope
       offset = (std::size_t(std::rand()) * multiplier) / divisor;
[01;32m[K       ^[m[K
[01m[K/usr/local/include/eigen3/Eigen/src/Core/MathFunctions.h:657:17:[m[K [01;31m[Kerror: [m[Kâ€˜[01m[Ksize_t[m[Kâ€™ is not a member of â€˜[01m[Kstd[m[Kâ€™
       offset = (std::size_t(std::rand()) * multiplier) / divisor;
[01;32m[K                 ^[m[K
[01m[K/usr/local/include/eigen3/Eigen/src/Core/MathFunctions.h:657:17:[m[K [01;36m[Knote: [m[Ksuggested alternative:
In file included from [01m[K/usr/include/wchar.h:51:0[m[K,
                 from [01m[K/usr/include/c++/5/cwchar:44[m[K,
                 from [01m[K/usr/include/c++/5/bits/postypes.h:40[m[K,
                 from [01m[K/usr/include/c++/5/iosfwd:40[m[K,
                 from [01m[K/usr/include/c++/5/ios:38[m[K,
                 from [01m[K/usr/include/c++/5/ostream:38[m[K,
                 from [01m[K/usr/include/c++/5/iostream:39[m[K,
                 from [01m[K/home/hi/analysis_ws/src/point_analyzer/src/planar_segmentation.cpp:2[m[K:
[01m[K/usr/lib/gcc/x86_64-linux-gnu/5/include/stddef.h:216:23:[m[K [01;36m[Knote: [m[K  â€˜[01m[Ksize_t[m[Kâ€™
 typedef __SIZE_TYPE__ size_t;
[01;32m[K                       ^[m[K
In file included from [01m[K/usr/local/include/eigen3/Eigen/Core:352:0[m[K,
                 from [01m[K/usr/local/include/eigen3/Eigen/StdVector:14[m[K,
                 from [01m[K/usr/include/pcl-1.7/pcl/point_cloud.h:46[m[K,
                 from [01m[K/usr/include/pcl-1.7/pcl/io/pcd_io.h:43[m[K,
                 from [01m[K/home/hi/analysis_ws/src/point_analyzer/src/planar_segmentation.cpp:4[m[K:
[01m[K/usr/local/include/eigen3/Eigen/src/Core/MathFunctions.h:657:44:[m[K [01;31m[Kerror: [m[Kâ€˜[01m[Kmultiplier[m[Kâ€™ was not declared in this scope
       offset = (std::size_t(std::rand()) * multiplier) / divisor;
[01;32m[K                                            ^[m[K
[01m[K/usr/local/include/eigen3/Eigen/src/Core/MathFunctions.h:657:58:[m[K [01;31m[Kerror: [m[Kâ€˜[01m[Kdivisor[m[Kâ€™ was not declared in this scope
       offset = (std::size_t(std::rand()) * multiplier) / divisor;
[01;32m[K                                                          ^[m[K
[01m[K/usr/local/include/eigen3/Eigen/src/Core/MathFunctions.h:658:14:[m[K [01;31m[Kerror: [m[Kâ€˜[01m[Koffset[m[Kâ€™ was not declared in this scope
     } while (offset > range);
[01;32m[K              ^[m[K
[01m[K/usr/local/include/eigen3/Eigen/src/Core/MathFunctions.h:658:23:[m[K [01;31m[Kerror: [m[Kâ€˜[01m[Krange[m[Kâ€™ was not declared in this scope
     } while (offset > range);
[01;32m[K                       ^[m[K
In file included from [01m[K/usr/local/include/eigen3/Eigen/Core:353:0[m[K,
                 from [01m[K/usr/local/include/eigen3/Eigen/StdVector:14[m[K,
                 from [01m[K/usr/include/pcl-1.7/pcl/point_cloud.h:46[m[K,
                 from [01m[K/usr/include/pcl-1.7/pcl/io/pcd_io.h:43[m[K,
                 from [01m[K/home/hi/analysis_ws/src/point_analyzer/src/planar_segmentation.cpp:4[m[K:
[01m[K/usr/local/include/eigen3/Eigen/src/Core/GenericPacketMath.h:[m[K At global scope:
[01m[K/usr/local/include/eigen3/Eigen/src/Core/GenericPacketMath.h:292:105:[m[K [01;31m[Kerror: [m[Kâ€˜[01m[KIndex[m[Kâ€™ has not been declared
  template<typename Scalar, typename Packet> EIGEN_DEVICE_FUNC inline Packet pgather(const Scalar* from, Index /*stride*/)
[01;32m[K                                                                                                         ^[m[K
[01m[K/usr/local/include/eigen3/Eigen/src/Core/GenericPacketMath.h:295:116:[m[K [01;31m[Kerror: [m[Kâ€˜[01m[KIndex[m[Kâ€™ has not been declared
  template<typename Scalar, typename Packet> EIGEN_DEVICE_FUNC inline void pscatter(Scalar* to, const Packet& from, Index /*stride*/)
[01;32m[K                                                                                                                    ^[m[K
In file included from [01m[K/usr/local/include/eigen3/Eigen/Core:353:0[m[K,
                 from [01m[K/usr/local/include/eigen3/Eigen/StdVector:14[m[K,
                 from [01m[K/usr/include/pcl-1.7/pcl/point_cloud.h:46[m[K,
                 from [01m[K/usr/include/pcl-1.7/pcl/io/pcd_io.h:43[m[K,
                 from [01m[K/home/hi/analysis_ws/src/point_analyzer/src/planar_segmentation.cpp:4[m[K:
[01m[K/usr/local/include/eigen3/Eigen/src/Core/GenericPacketMath.h:[m[K In function â€˜[01m[KPacket Eigen::internal::pinsertfirst(const Packet&, typename Eigen::internal::unpacket_traits<Packet>::type)[m[Kâ€™:
[01m[K/usr/local/include/eigen3/Eigen/src/Core/GenericPacketMath.h:570:7:[m[K [01;31m[Kerror: [m[Kâ€˜[01m[KIndex[m[Kâ€™ was not declared in this scope
   for(Index i=1; i<unpacket_traits<Packet>::size; ++i)
[01;32m[K       ^[m[K
[01m[K/usr/local/include/eigen3/Eigen/src/Core/GenericPacketMath.h:570:18:[m[K [01;31m[Kerror: [m[Kâ€˜[01m[Ki[m[Kâ€™ was not declared in this scope
   for(Index i=1; i<unpacket_traits<Packet>::size; ++i)
[01;32m[K                  ^[m[K
[01m[K/usr/local/include/eigen3/Eigen/src/Core/GenericPacketMath.h:[m[K In function â€˜[01m[KPacket Eigen::internal::pinsertlast(const Packet&, typename Eigen::internal::unpacket_traits<Packet>::type)[m[Kâ€™:
[01m[K/usr/local/include/eigen3/Eigen/src/Core/GenericPacketMath.h:583:7:[m[K [01;31m[Kerror: [m[Kâ€˜[01m[KIndex[m[Kâ€™ was not declared in this scope
   for(Index i=0; i<unpacket_traits<Packet>::size-1; ++i)
[01;32m[K       ^[m[K
[01m[K/usr/local/include/eigen3/Eigen/src/Core/GenericPacketMath.h:583:18:[m[K [01;31m[Kerror: [m[Kâ€˜[01m[Ki[m[Kâ€™ was not declared in this scope
   for(Index i=0; i<unpacket_traits<Packet>::size-1; ++i)
[01;32m[K                  ^[m[K
In file included from [01m[K/usr/local/include/eigen3/Eigen/Core:371:0[m[K,
                 from [01m[K/usr/local/include/eigen3/Eigen/StdVector:14[m[K,
                 from [01m[K/usr/include/pcl-1.7/pcl/point_cloud.h:46[m[K,
                 from [01m[K/usr/include/pcl-1.7/pcl/io/pcd_io.h:43[m[K,
                 from [01m[K/home/hi/analysis_ws/src/point_analyzer/src/planar_segmentation.cpp:4[m[K:
[01m[K/usr/local/include/eigen3/Eigen/src/Core/arch/SSE/PacketMath.h:[m[K At global scope:
[01m[K/usr/local/include/eigen3/Eigen/src/Core/arch/SSE/PacketMath.h:366:90:[m[K [01;31m[Kerror: [m[Kâ€˜[01m[KIndex[m[Kâ€™ has not been declared
 template<> EIGEN_DEVICE_FUNC inline Packet4f pgather<float, Packet4f>(const float* from, Index stride)
[01;32m[K                                                                                          ^[m[K
[01m[K/usr/local/include/eigen3/Eigen/src/Core/arch/SSE/PacketMath.h:370:92:[m[K [01;31m[Kerror: [m[Kâ€˜[01m[KIndex[m[Kâ€™ has not been declared
 template<> EIGEN_DEVICE_FUNC inline Packet2d pgather<double, Packet2d>(const double* from, Index stride)
[01;32m[K                                                                                            ^[m[K
[01m[K/usr/local/include/eigen3/Eigen/src/Core/arch/SSE/PacketMath.h:374:86:[m[K [01;31m[Kerror: [m[Kâ€˜[01m[KIndex[m[Kâ€™ has not been declared
 template<> EIGEN_DEVICE_FUNC inline Packet4i pgather<int, Packet4i>(const int* from, Index stride)
[01;32m[K                                                                                      ^[m[K
[01m[K/usr/local/include/eigen3/Eigen/src/Core/arch/SSE/PacketMath.h:379:101:[m[K [01;31m[Kerror: [m[Kâ€˜[01m[KIndex[m[Kâ€™ has not been declared
 template<> EIGEN_DEVICE_FUNC inline void pscatter<float, Packet4f>(float* to, const Packet4f& from, Index stride)
[01;32m[K                                                                                                     ^[m[K
[01m[K/usr/local/include/eigen3/Eigen/src/Core/arch/SSE/PacketMath.h:386:103:[m[K [01;31m[Kerror: [m[Kâ€˜[01m[KIndex[m[Kâ€™ has not been declared
 template<> EIGEN_DEVICE_FUNC inline void pscatter<double, Packet2d>(double* to, const Packet2d& from, Index stride)
[01;32m[K                                                                                                       ^[m[K
[01m[K/usr/local/include/eigen3/Eigen/src/Core/arch/SSE/PacketMath.h:391:97:[m[K [01;31m[Kerror: [m[Kâ€˜[01m[KIndex[m[Kâ€™ has not been declared
 template<> EIGEN_DEVICE_FUNC inline void pscatter<int, Packet4i>(int* to, const Packet4i& from, Index stride)
[01;32m[K                                                                                                 ^[m[K
In file included from [01m[K/usr/local/include/eigen3/Eigen/Core:373:0[m[K,
                 from [01m[K/usr/local/include/eigen3/Eigen/StdVector:14[m[K,
                 from [01m[K/usr/include/pcl-1.7/pcl/point_cloud.h:46[m[K,
                 from [01m[K/usr/include/pcl-1.7/pcl/io/pcd_io.h:43[m[K,
                 from [01m[K/home/hi/analysis_ws/src/point_analyzer/src/planar_segmentation.cpp:4[m[K:
[01m[K/usr/local/include/eigen3/Eigen/src/Core/arch/SSE/Complex.h:117:120:[m[K [01;31m[Kerror: [m[Kâ€˜[01m[KIndex[m[Kâ€™ has not been declared
 template<> EIGEN_DEVICE_FUNC inline Packet2cf pgather<std::complex<float>, Packet2cf>(const std::complex<float>* from, Index stride)
[01;32m[K                                                                                                                        ^[m[K
[01m[K/usr/local/include/eigen3/Eigen/src/Core/arch/SSE/Complex.h:123:131:[m[K [01;31m[Kerror: [m[Kâ€˜[01m[KIndex[m[Kâ€™ has not been declared
 template<> EIGEN_DEVICE_FUNC inline void pscatter<std::complex<float>, Packet2cf>(std::complex<float>* to, const Packet2cf& from, Index stride)
[01;32m[K                                                                                                                                   ^[m[K
In file included from [01m[K/usr/local/include/eigen3/Eigen/Core:390:0[m[K,
                 from [01m[K/usr/local/include/eigen3/Eigen/StdVector:14[m[K,
                 from [01m[K/usr/include/pcl-1.7/pcl/point_cloud.h:46[m[K,
                 from [01m[K/usr/include/pcl-1.7/pcl/io/pcd_io.h:43[m[K,
                 from [01m[K/home/hi/analysis_ws/src/point_analyzer/src/planar_segmentation.cpp:4[m[K:
[01m[K/usr/local/include/eigen3/Eigen/src/Core/arch/CUDA/Half.h:263:71:[m[K [01;31m[Kerror: [m[Kâ€˜[01m[KIndex[m[Kâ€™ has not been declared
 EIGEN_STRONG_INLINE EIGEN_DEVICE_FUNC half operator / (const half& a, Index b) {
[01;32m[K                                                                       ^[m[K
In file included from [01m[K/usr/local/include/eigen3/Eigen/Core:404:0[m[K,
                 from [01m[K/usr/local/include/eigen3/Eigen/StdVector:14[m[K,
                 from [01m[K/usr/include/pcl-1.7/pcl/point_cloud.h:46[m[K,
                 from [01m[K/usr/include/pcl-1.7/pcl/io/pcd_io.h:43[m[K,
                 from [01m[K/home/hi/analysis_ws/src/point_analyzer/src/planar_segmentation.cpp:4[m[K:
[01m[K/usr/local/include/eigen3/Eigen/src/Core/functors/NullaryFunctors.h:45:60:[m[K [01;31m[Kerror: [m[Kâ€˜[01m[KIndex[m[Kâ€™ has not been declared
   linspaced_op_impl(const Scalar& low, const Scalar& high, Index num_steps) :
[01;32m[K                                                            ^[m[K
[01m[K/usr/local/include/eigen3/Eigen/src/Core/functors/NullaryFunctors.h:84:9:[m[K [01;31m[Kerror: [m[Kâ€˜[01m[KIndex[m[Kâ€™ does not name a type
   const Index m_size1;
[01;32m[K         ^[m[K
[01m[K/usr/local/include/eigen3/Eigen/src/Core/functors/NullaryFunctors.h:[m[K In constructor â€˜[01m[KEigen::internal::linspaced_op_impl<Scalar, Packet, false>::linspaced_op_impl(const Scalar&, const Scalar&, int)[m[Kâ€™:
[01m[K/usr/local/include/eigen3/Eigen/src/Core/functors/NullaryFunctors.h:46:31:[m[K [01;31m[Kerror: [m[Kclass â€˜[01m[KEigen::internal::linspaced_op_impl<Scalar, Packet, false>[m[Kâ€™ does not have any field named â€˜[01m[Km_size1[m[Kâ€™
     m_low(low), m_high(high), m_size1(num_steps==1 ? 1 : num_steps-1), m_step(num_steps==1 ? Scalar() : (high-low)/Scalar(num_steps-1)),
[01;32m[K                               ^[m[K
[01m[K/usr/local/include/eigen3/Eigen/src/Core/functors/NullaryFunctors.h:[m[K In member function â€˜[01m[Kconst Scalar Eigen::internal::linspaced_op_impl<Scalar, Packet, false>::operator()(IndexType) const[m[Kâ€™:
[01m[K/usr/local/include/eigen3/Eigen/src/Core/functors/NullaryFunctors.h:54:51:[m[K [01;31m[Kerror: [m[Kâ€˜[01m[Km_size1[m[Kâ€™ was not declared in this scope
       return (i==0)? m_low : (m_high - RealScalar(m_size1-i)*m_step);
[01;32m[K                                                   ^[m[K
[01m[K/usr/local/include/eigen3/Eigen/src/Core/functors/NullaryFunctors.h:56:18:[m[K [01;31m[Kerror: [m[Kâ€˜[01m[Km_size1[m[Kâ€™ was not declared in this scope
       return (i==m_size1)? m_high : (m_low + RealScalar(i)*m_step);
[01;32m[K                  ^[m[K
[01m[K/usr/local/include/eigen3/Eigen/src/Core/functors/NullaryFunctors.h:[m[K In member function â€˜[01m[Kconst Packet Eigen::internal::linspaced_op_impl<Scalar, Packet, false>::packetOp(IndexType) const[m[Kâ€™:
[01m[K/usr/local/include/eigen3/Eigen/src/Core/functors/NullaryFunctors.h:66:42:[m[K [01;31m[Kerror: [m[Kâ€˜[01m[Km_size1[m[Kâ€™ was not declared in this scope
       Packet pi = plset<Packet>(Scalar(i-m_size1));
[01;32m[K                                          ^[m[K
[01m[K/usr/local/include/eigen3/Eigen/src/Core/functors/NullaryFunctors.h:76:13:[m[K [01;31m[Kerror: [m[Kâ€˜[01m[Km_size1[m[Kâ€™ was not declared in this scope
       if(i==m_size1-unpacket_traits<Packet>::size+1)
[01;32m[K             ^[m[K
[01m[K/usr/local/include/eigen3/Eigen/src/Core/functors/NullaryFunctors.h:[m[K At global scope:
[01m[K/usr/local/include/eigen3/Eigen/src/Core/functors/NullaryFunctors.h:92:60:[m[K [01;31m[Kerror: [m[Kâ€˜[01m[KIndex[m[Kâ€™ has not been declared
   linspaced_op_impl(const Scalar& low, const Scalar& high, Index num_steps) :
[01;32m[K                                                            ^[m[K
[01m[K/usr/local/include/eigen3/Eigen/src/Core/functors/NullaryFunctors.h:131:55:[m[K [01;31m[Kerror: [m[Kâ€˜[01m[KIndex[m[Kâ€™ has not been declared
   linspaced_op(const Scalar& low, const Scalar& high, Index num_steps)
[01;32m[K                                                       ^[m[K
[01m[K/usr/local/include/eigen3/Eigen/src/Core/functors/NullaryFunctors.h:150:104:[m[K [01;31m[Kerror: [m[Ktemplate argument 2 is invalid
 template<typename Functor> struct functor_has_linear_access { enum { ret = !has_binary_operator<Functor>::value }; };
[01;32m[K                                                                                                        ^[m[K
In file included from [01m[K/usr/local/include/eigen3/Eigen/Core:412:0[m[K,
                 from [01m[K/usr/local/include/eigen3/Eigen/StdVector:14[m[K,
                 from [01m[K/usr/include/pcl-1.7/pcl/point_cloud.h:46[m[K,
                 from [01m[K/usr/include/pcl-1.7/pcl/io/pcd_io.h:43[m[K,
                 from [01m[K/home/hi/analysis_ws/src/point_analyzer/src/planar_segmentation.cpp:4[m[K:
[01m[K/usr/local/include/eigen3/Eigen/src/Core/IO.h:[m[K In function â€˜[01m[Kstd::ostream& Eigen::internal::print_matrix(std::ostream&, const Derived&, const Eigen::IOFormat&)[m[Kâ€™:
[01m[K/usr/local/include/eigen3/Eigen/src/Core/IO.h:140:3:[m[K [01;31m[Kerror: [m[Kâ€˜[01m[KIndex[m[Kâ€™ was not declared in this scope
   Index width = 0;
[01;32m[K   ^[m[K
[01m[K/usr/local/include/eigen3/Eigen/src/Core/IO.h:142:3:[m[K [01;31m[Kerror: [m[Kâ€˜[01m[Kstreamsize[m[Kâ€™ is not a member of â€˜[01m[Kstd[m[Kâ€™
   std::streamsize explicit_precision;
[01;32m[K   ^[m[K
[01m[K/usr/local/include/eigen3/Eigen/src/Core/IO.h:145:5:[m[K [01;31m[Kerror: [m[Kâ€˜[01m[Kexplicit_precision[m[Kâ€™ was not declared in this scope
     explicit_precision = 0;
[01;32m[K     ^[m[K
[01m[K/usr/local/include/eigen3/Eigen/src/Core/IO.h:151:7:[m[K [01;31m[Kerror: [m[Kâ€˜[01m[Kexplicit_precision[m[Kâ€™ was not declared in this scope
       explicit_precision = 0;
[01;32m[K       ^[m[K
[01m[K/usr/local/include/eigen3/Eigen/src/Core/IO.h:155:7:[m[K [01;31m[Kerror: [m[Kâ€˜[01m[Kexplicit_precision[m[Kâ€™ was not declared in this scope
       explicit_precision = significant_decimals_impl<Scalar>::run();
[01;32m[K       ^[m[K
[01m[K/usr/local/include/eigen3/Eigen/src/Core/IO.h:160:5:[m[K [01;31m[Kerror: [m[Kâ€˜[01m[Kexplicit_precision[m[Kâ€™ was not declared in this scope
     explicit_precision = fmt.precision;
[01;32m[K     ^[m[K
[01m[K/usr/local/include/eigen3/Eigen/src/Core/IO.h:163:3:[m[K [01;31m[Kerror: [m[Kâ€˜[01m[Kstreamsize[m[Kâ€™ is not a member of â€˜[01m[Kstd[m[Kâ€™
   std::streamsize old_precision = 0;
[01;32m[K   ^[m[K
[01m[K/usr/local/include/eigen3/Eigen/src/Core/IO.h:164:6:[m[K [01;31m[Kerror: [m[Kâ€˜[01m[Kexplicit_precision[m[Kâ€™ was not declared in this scope
   if(explicit_precision) old_precision = s.precision(explicit_precision);
[01;32m[K      ^[m[K
[01m[K/usr/local/include/eigen3/Eigen/src/Core/IO.h:164:26:[m[K [01;31m[Kerror: [m[Kâ€˜[01m[Kold_precision[m[Kâ€™ was not declared in this scope
   if(explicit_precision) old_precision = s.precision(explicit_precision);
[01;32m[K                          ^[m[K
[01m[K/usr/local/include/eigen3/Eigen/src/Core/IO.h:164:44:[m[K [01;31m[Kerror: [m[Kâ€˜[01m[Kstd::ostream {aka class std::basic_ostream<char>}[m[Kâ€™ has no member named â€˜[01m[Kprecision[m[Kâ€™
   if(explicit_precision) old_precision = s.precision(explicit_precision);
[01;32m[K                                            ^[m[K
[01m[K/usr/local/include/eigen3/Eigen/src/Core/IO.h:170:15:[m[K [01;31m[Kerror: [m[Kexpected â€˜[01m[K;[m[Kâ€™ before â€˜[01m[Kj[m[Kâ€™
     for(Index j = 0; j < m.cols(); ++j)
[01;32m[K               ^[m[K
[01m[K/usr/local/include/eigen3/Eigen/src/Core/IO.h:170:22:[m[K [01;31m[Kerror: [m[Kâ€˜[01m[Kj[m[Kâ€™ was not declared in this scope
     for(Index j = 0; j < m.cols(); ++j)
[01;32m[K                      ^[m[K
[01m[K/usr/local/include/eigen3/Eigen/src/Core/IO.h:171:17:[m[K [01;31m[Kerror: [m[Kexpected â€˜[01m[K;[m[Kâ€™ before â€˜[01m[Ki[m[Kâ€™
       for(Index i = 0; i < m.rows(); ++i)
[01;32m[K                 ^[m[K
[01m[K/usr/local/include/eigen3/Eigen/src/Core/IO.h:171:24:[m[K [01;31m[Kerror: [m[Kâ€˜[01m[Ki[m[Kâ€™ was not declared in this scope
       for(Index i = 0; i < m.rows(); ++i)
[01;32m[K                        ^[m[K
[01m[K/usr/local/include/eigen3/Eigen/src/Core/IO.h:176:9:[m[K [01;31m[Kerror: [m[Kâ€˜[01m[Kwidth[m[Kâ€™ was not declared in this scope
         width = std::max<Index>(width, Index(sstr.str().length()));
[01;32m[K         ^[m[K
[01m[K/usr/local/include/eigen3/Eigen/src/Core/IO.h:180:13:[m[K [01;31m[Kerror: [m[Kexpected â€˜[01m[K;[m[Kâ€™ before â€˜[01m[Ki[m[Kâ€™
   for(Index i = 0; i < m.rows(); ++i)
[01;32m[K             ^[m[K
[01m[K/usr/local/include/eigen3/Eigen/src/Core/IO.h:180:20:[m[K [01;31m[Kerror: [m[Kâ€˜[01m[Ki[m[Kâ€™ was not declared in this scope
   for(Index i = 0; i < m.rows(); ++i)
[01;32m[K                    ^[m[K
[01m[K/usr/local/include/eigen3/Eigen/src/Core/IO.h:185:8:[m[K [01;31m[Kerror: [m[Kâ€˜[01m[Kwidth[m[Kâ€™ was not declared in this scope
     if(width) s.width(width);
[01;32m[K        ^[m[K
[01m[K/usr/local/include/eigen3/Eigen/src/Core/IO.h:185:17:[m[K [01;31m[Kerror: [m[Kâ€˜[01m[Kstd::ostream {aka class std::basic_ostream<char>}[m[Kâ€™ has no member named â€˜[01m[Kwidth[m[Kâ€™
     if(width) s.width(width);
[01;32m[K                 ^[m[K
[01m[K/usr/local/include/eigen3/Eigen/src/Core/IO.h:187:15:[m[K [01;31m[Kerror: [m[Kexpected â€˜[01m[K;[m[Kâ€™ before â€˜[01m[Kj[m[Kâ€™
     for(Index j = 1; j < m.cols(); ++j)
[01;32m[K               ^[m[K
[01m[K/usr/local/include/eigen3/Eigen/src/Core/IO.h:187:22:[m[K [01;31m[Kerror: [m[Kâ€˜[01m[Kj[m[Kâ€™ was not declared in this scope
     for(Index j = 1; j < m.cols(); ++j)
[01;32m[K                      ^[m[K
[01m[K/usr/local/include/eigen3/Eigen/src/Core/IO.h:190:11:[m[K [01;31m[Kerror: [m[Kâ€˜[01m[Kwidth[m[Kâ€™ was not declared in this scope
       if (width) s.width(width);
[01;32m[K           ^[m[K
[01m[K/usr/local/include/eigen3/Eigen/src/Core/IO.h:190:20:[m[K [01;31m[Kerror: [m[Kâ€˜[01m[Kstd::ostream {aka class std::basic_ostream<char>}[m[Kâ€™ has no member named â€˜[01m[Kwidth[m[Kâ€™
       if (width) s.width(width);
[01;32m[K                    ^[m[K
[01m[K/usr/local/include/eigen3/Eigen/src/Core/IO.h:198:6:[m[K [01;31m[Kerror: [m[Kâ€˜[01m[Kexplicit_precision[m[Kâ€™ was not declared in this scope
   if(explicit_precision) s.precision(old_precision);
[01;32m[K      ^[m[K
[01m[K/usr/local/include/eigen3/Eigen/src/Core/IO.h:198:28:[m[K [01;31m[Kerror: [m[Kâ€˜[01m[Kstd::ostream {aka class std::basic_ostream<char>}[m[Kâ€™ has no member named â€˜[01m[Kprecision[m[Kâ€™
   if(explicit_precision) s.precision(old_precision);
[01;32m[K                            ^[m[K
[01m[K/usr/local/include/eigen3/Eigen/src/Core/IO.h:198:38:[m[K [01;31m[Kerror: [m[Kâ€˜[01m[Kold_precision[m[Kâ€™ was not declared in this scope
   if(explicit_precision) s.precision(old_precision);
[01;32m[K                                      ^[m[K
In file included from [01m[K/usr/local/include/eigen3/Eigen/Core:413:0[m[K,
                 from [01m[K/usr/local/include/eigen3/Eigen/StdVector:14[m[K,
                 from [01m[K/usr/include/pcl-1.7/pcl/point_cloud.h:46[m[K,
                 from [01m[K/usr/include/pcl-1.7/pcl/io/pcd_io.h:43[m[K,
                 from [01m[K/home/hi/analysis_ws/src/point_analyzer/src/planar_segmentation.cpp:4[m[K:
[01m[K/usr/local/include/eigen3/Eigen/src/Core/DenseCoeffsBase.h:[m[K At global scope:
[01m[K/usr/local/include/eigen3/Eigen/src/Core/DenseCoeffsBase.h:64:25:[m[K [01;31m[Kerror: [m[Kâ€˜[01m[KIndex[m[Kâ€™ does not name a type
     EIGEN_STRONG_INLINE Index rowIndexByOuterInner(Index outer, Index inner) const
[01;32m[K                         ^[m[K
[01m[K/usr/local/include/eigen3/Eigen/src/Core/DenseCoeffsBase.h:73:25:[m[K [01;31m[Kerror: [m[Kâ€˜[01m[KIndex[m[Kâ€™ does not name a type
     EIGEN_STRONG_INLINE Index colIndexByOuterInner(Index outer, Index inner) const
[01;32m[K                         ^[m[K
[01m[K/usr/local/include/eigen3/Eigen/src/Core/DenseCoeffsBase.h:96:47:[m[K [01;31m[Kerror: [m[Kâ€˜[01m[KIndex[m[Kâ€™ has not been declared
     EIGEN_STRONG_INLINE CoeffReturnType coeff(Index row, Index col) const
[01;32m[K                                               ^[m[K
[01m[K/usr/local/include/eigen3/Eigen/src/Core/DenseCoeffsBase.h:96:58:[m[K [01;31m[Kerror: [m[Kâ€˜[01m[KIndex[m[Kâ€™ has not been declared
     EIGEN_STRONG_INLINE CoeffReturnType coeff(Index row, Index col) const
[01;32m[K                                                          ^[m[K
[01m[K/usr/local/include/eigen3/Eigen/src/Core/DenseCoeffsBase.h:104:59:[m[K [01;31m[Kerror: [m[Kâ€˜[01m[KIndex[m[Kâ€™ has not been declared
     EIGEN_STRONG_INLINE CoeffReturnType coeffByOuterInner(Index outer, Index inner) const
[01;32m[K                                                           ^[m[K
[01m[K/usr/local/include/eigen3/Eigen/src/Core/DenseCoeffsBase.h:104:72:[m[K [01;31m[Kerror: [m[Kâ€˜[01m[KIndex[m[Kâ€™ has not been declared
     EIGEN_STRONG_INLINE CoeffReturnType coeffByOuterInner(Index outer, Index inner) const
[01;32m[K                                                                        ^[m[K
[01m[K/usr/local/include/eigen3/Eigen/src/Core/DenseCoeffsBase.h:115:52:[m[K [01;31m[Kerror: [m[Kâ€˜[01m[KIndex[m[Kâ€™ has not been declared
     EIGEN_STRONG_INLINE CoeffReturnType operator()(Index row, Index col) const
[01;32m[K                                                    ^[m[K
[01m[K/usr/local/include/eigen3/Eigen/src/Core/DenseCoeffsBase.h:115:63:[m[K [01;31m[Kerror: [m[Kâ€˜[01m[KIndex[m[Kâ€™ has not been declared
     EIGEN_STRONG_INLINE CoeffReturnType operator()(Index row, Index col) const
[01;32m[K                                                               ^[m[K
[01m[K/usr/local/include/eigen3/Eigen/src/Core/DenseCoeffsBase.h:139:11:[m[K [01;31m[Kerror: [m[Kâ€˜[01m[KIndex[m[Kâ€™ has not been declared
     coeff(Index index) const
[01;32m[K           ^[m[K
[01m[K/usr/local/include/eigen3/Eigen/src/Core/DenseCoeffsBase.h:158:16:[m[K [01;31m[Kerror: [m[Kâ€˜[01m[KIndex[m[Kâ€™ has not been declared
     operator[](Index index) const
[01;32m[K                ^[m[K
[01m[K/usr/local/include/eigen3/Eigen/src/Core/DenseCoeffsBase.h:178:16:[m[K [01;31m[Kerror: [m[Kâ€˜[01m[KIndex[m[Kâ€™ has not been declared
     operator()(Index index) const
[01;32m[K                ^[m[K
[01m[K/usr/local/include/eigen3/Eigen/src/Core/DenseCoeffsBase.h:231:49:[m[K [01;31m[Kerror: [m[Kâ€˜[01m[KIndex[m[Kâ€™ has not been declared
     EIGEN_STRONG_INLINE PacketReturnType packet(Index row, Index col) const
[01;32m[K                                                 ^[m[K
[01m[K/usr/local/include/eigen3/Eigen/src/Core/DenseCoeffsBase.h:231:60:[m[K [01;31m[Kerror: [m[Kâ€˜[01m[KIndex[m[Kâ€™ has not been declared
     EIGEN_STRONG_INLINE PacketReturnType packet(Index row, Index col) const
[01;32m[K                                                            ^[m[K
[01m[K/usr/local/include/eigen3/Eigen/src/Core/DenseCoeffsBase.h:241:61:[m[K [01;31m[Kerror: [m[Kâ€˜[01m[KIndex[m[Kâ€™ has not been declared
     EIGEN_STRONG_INLINE PacketReturnType packetByOuterInner(Index outer, Index inner) const
[01;32m[K                                                             ^[m[K
[01m[K/usr/local/include/eigen3/Eigen/src/Core/DenseCoeffsBase.h:241:74:[m[K [01;31m[Kerror: [m[Kâ€˜[01m[KIndex[m[Kâ€™ has not been declared
     EIGEN_STRONG_INLINE PacketReturnType packetByOuterInner(Index outer, Index inner) const
[01;32m[K                                                                          ^[m[K
[01m[K/usr/local/include/eigen3/Eigen/src/Core/DenseCoeffsBase.h:258:49:[m[K [01;31m[Kerror: [m[Kâ€˜[01m[KIndex[m[Kâ€™ has not been declared
     EIGEN_STRONG_INLINE PacketReturnType packet(Index index) const
[01;32m[K                                                 ^[m[K
[01m[K/usr/local/include/eigen3/Eigen/src/Core/DenseCoeffsBase.h:[m[K In member function â€˜[01m[KEigen::DenseCoeffsBase<Derived, 0>::CoeffReturnType Eigen::DenseCoeffsBase<Derived, 0>::coeffByOuterInner(int, int) const[m[Kâ€™:
[01m[K/usr/local/include/eigen3/Eigen/src/Core/DenseCoeffsBase.h:106:53:[m[K [01;31m[Kerror: [m[Kthere are no arguments to â€˜[01m[KrowIndexByOuterInner[m[Kâ€™ that depend on a template parameter, so a declaration of â€˜[01m[KrowIndexByOuterInner[m[Kâ€™ must be available [-fpermissive]
       return coeff(rowIndexByOuterInner(outer, inner),
[01;32m[K                                                     ^[m[K
[01m[K/usr/local/include/eigen3/Eigen/src/Core/DenseCoeffsBase.h:107:53:[m[K [01;31m[Kerror: [m[Kthere are no arguments to â€˜[01m[KcolIndexByOuterInner[m[Kâ€™ that depend on a template parameter, so a declaration of â€˜[01m[KcolIndexByOuterInner[m[Kâ€™ must be available [-fpermissive]
                    colIndexByOuterInner(outer, inner));
[01;32m[K                                                     ^[m[K
[01m[K/usr/local/include/eigen3/Eigen/src/Core/DenseCoeffsBase.h:[m[K In member function â€˜[01m[KEigen::DenseCoeffsBase<Derived, 0>::PacketReturnType Eigen::DenseCoeffsBase<Derived, 0>::packetByOuterInner(int, int) const[m[Kâ€™:
[01m[K/usr/local/include/eigen3/Eigen/src/Core/DenseCoeffsBase.h:243:64:[m[K [01;31m[Kerror: [m[Kthere are no arguments to â€˜[01m[KrowIndexByOuterInner[m[Kâ€™ that depend on a template parameter, so a declaration of â€˜[01m[KrowIndexByOuterInner[m[Kâ€™ must be available [-fpermissive]
       return packet<LoadMode>(rowIndexByOuterInner(outer, inner),
[01;32m[K                                                                ^[m[K
[01m[K/usr/local/include/eigen3/Eigen/src/Core/DenseCoeffsBase.h:244:64:[m[K [01;31m[Kerror: [m[Kthere are no arguments to â€˜[01m[KcolIndexByOuterInner[m[Kâ€™ that depend on a template parameter, so a declaration of â€˜[01m[KcolIndexByOuterInner[m[Kâ€™ must be available [-fpermissive]
                               colIndexByOuterInner(outer, inner));
[01;32m[K                                                                ^[m[K
[01m[K/usr/local/include/eigen3/Eigen/src/Core/DenseCoeffsBase.h:[m[K At global scope:
[01m[K/usr/local/include/eigen3/Eigen/src/Core/DenseCoeffsBase.h:340:42:[m[K [01;31m[Kerror: [m[Kâ€˜[01m[KcoeffRef[m[Kâ€™ declared as an â€˜[01m[Kinline[m[Kâ€™ field
     EIGEN_STRONG_INLINE Scalar& coeffRef(Index row, Index col)
[01;32m[K                                          ^[m[K
[01m[K/usr/local/include/eigen3/Eigen/src/Core/DenseCoeffsBase.h:340:33:[m[K [01;31m[Kerror: [m[Kexpected â€˜[01m[K;[m[Kâ€™ at end of member declaration
     EIGEN_STRONG_INLINE Scalar& coeffRef(Index row, Index col)
[01;32m[K                                 ^[m[K
[01m[K/usr/local/include/eigen3/Eigen/src/Core/DenseCoeffsBase.h:340:48:[m[K [01;31m[Kerror: [m[Kexpected â€˜[01m[K)[m[Kâ€™ before â€˜[01m[Krow[m[Kâ€™
     EIGEN_STRONG_INLINE Scalar& coeffRef(Index row, Index col)
[01;32m[K                                                ^[m[K
[01m[K/usr/local/include/eigen3/Eigen/src/Core/DenseCoeffsBase.h:349:26:[m[K [01;31m[Kerror: [m[Kâ€˜[01m[KcoeffRefByOuterInner[m[Kâ€™ declared as an â€˜[01m[Kinline[m[Kâ€™ field
     coeffRefByOuterInner(Index outer, Index inner)
[01;32m[K                          ^[m[K
[01m[K/usr/local/include/eigen3/Eigen/src/Core/DenseCoeffsBase.h:349:5:[m[K [01;31m[Kerror: [m[Kexpected â€˜[01m[K;[m[Kâ€™ at end of member declaration
     coeffRefByOuterInner(Index outer, Index inner)
[01;32m[K     ^[m[K
[01m[K/usr/local/include/eigen3/Eigen/src/Core/DenseCoeffsBase.h:349:32:[m[K [01;31m[Kerror: [m[Kexpected â€˜[01m[K)[m[Kâ€™ before â€˜[01m[Kouter[m[Kâ€™
     coeffRefByOuterInner(Index outer, Index inner)
[01;32m[K                                ^[m[K
[01m[K/usr/local/include/eigen3/Eigen/src/Core/DenseCoeffsBase.h:362:16:[m[K [01;31m[Kerror: [m[Kdeclaration of â€˜[01m[Koperator()[m[Kâ€™ as non-function
     operator()(Index row, Index col)
[01;32m[K                ^[m[K
[01m[K/usr/local/include/eigen3/Eigen/src/Core/DenseCoeffsBase.h:362:14:[m[K [01;31m[Kerror: [m[Kexpected â€˜[01m[K;[m[Kâ€™ at end of member declaration
     operator()(Index row, Index col)
[01;32m[K              ^[m[K
[01m[K/usr/local/include/eigen3/Eigen/src/Core/DenseCoeffsBase.h:362:22:[m[K [01;31m[Kerror: [m[Kexpected â€˜[01m[K)[m[Kâ€™ before â€˜[01m[Krow[m[Kâ€™
     operator()(Index row, Index col)
[01;32m[K                      ^[m[K
[01m[K/usr/local/include/eigen3/Eigen/src/Core/DenseCoeffsBase.h:387:14:[m[K [01;31m[Kerror: [m[Kâ€˜[01m[KcoeffRef[m[Kâ€™ declared as an â€˜[01m[Kinline[m[Kâ€™ field
     coeffRef(Index index)
[01;32m[K              ^[m[K
[01m[K/usr/local/include/eigen3/Eigen/src/Core/DenseCoeffsBase.h:387:5:[m[K [01;31m[Kerror: [m[Kexpected â€˜[01m[K;[m[Kâ€™ at end of member declaration
     coeffRef(Index index)
[01;32m[K     ^[m[K
[01m[K/usr/local/include/eigen3/Eigen/src/Core/DenseCoeffsBase.h:387:14:[m[K [01;31m[Kerror: [m[Kredeclaration of â€˜[01m[KEigen::DenseCoeffsBase<Derived, 1>::Scalar& Eigen::DenseCoeffsBase<Derived, 1>::coeffRef[m[Kâ€™
     coeffRef(Index index)
[01;32m[K              ^[m[K
[01m[K/usr/local/include/eigen3/Eigen/src/Core/DenseCoeffsBase.h:340:42:[m[K [01;36m[Knote: [m[Kprevious declaration â€˜[01m[KEigen::DenseCoeffsBase<Derived, 1>::Scalar& Eigen::DenseCoeffsBase<Derived, 1>::coeffRef[m[Kâ€™
     EIGEN_STRONG_INLINE Scalar& coeffRef(Index row, Index col)
[01;32m[K                                          ^[m[K
[01m[K/usr/local/include/eigen3/Eigen/src/Core/DenseCoeffsBase.h:387:20:[m[K [01;31m[Kerror: [m[Kexpected â€˜[01m[K)[m[Kâ€™ before â€˜[01m[Kindex[m[Kâ€™
     coeffRef(Index index)
[01;32m[K                    ^[m[K
In file included from [01m[K/usr/include/boost/type_traits/has_operator.hpp:30:0[m[K,
                 from [01m[K/usr/include/boost/type_traits.hpp:35[m[K,
                 from [01m[K/usr/include/pcl-1.7/pcl/register_point_struct.h:65[m[K,
                 from [01m[K/usr/include/pcl-1.7/pcl/point_types.h:44[m[K,
                 from [01m[K/usr/include/pcl-1.7/pcl/common/impl/copy_point.hpp:41[m[K,
                 from [01m[K/usr/include/pcl-1.7/pcl/common/copy_point.h:59[m[K,
                 from [01m[K/usr/include/pcl-1.7/pcl/common/impl/io.hpp:45[m[K,
                 from [01m[K/usr/include/pcl-1.7/pcl/common/io.h:531[m[K,
                 from [01m[K/usr/include/pcl-1.7/pcl/io/file_io.h:42[m[K,
                 from [01m[K/usr/include/pcl-1.7/pcl/io/pcd_io.h:44[m[K,
                 from [01m[K/home/hi/analysis_ws/src/point_analyzer/src/planar_segmentation.cpp:4[m[K:
[01m[K/usr/include/boost/type_traits/has_logical_not.hpp:13:28:[m[K [01;31m[Kerror: [m[Kexpected â€˜[01m[K}[m[Kâ€™ before end of line
[01m[K/usr/include/boost/type_traits/has_logical_not.hpp:13:28:[m[K [01;31m[Kerror: [m[Kexpected unqualified-id before end of line
[01m[K/usr/include/boost/type_traits/has_logical_not.hpp:13:28:[m[K [01;31m[Kerror: [m[Kexpected â€˜[01m[K}[m[Kâ€™ before end of line
[01m[K/usr/include/boost/type_traits/has_logical_not.hpp:13:28:[m[K [01;31m[Kerror: [m[Kexpected declaration before end of line
In file included from [01m[K/usr/include/c++/5/string:53:0[m[K,
                 from [01m[K/usr/include/c++/5/bits/locale_classes.h:40[m[K,
                 from [01m[K/usr/include/c++/5/bits/ios_base.h:41[m[K,
                 from [01m[K/usr/include/c++/5/ios:42[m[K,
                 from [01m[K/usr/include/c++/5/ostream:38[m[K,
                 from [01m[K/usr/include/c++/5/iostream:39[m[K,
                 from [01m[K/home/hi/analysis_ws/src/point_analyzer/src/planar_segmentation.cpp:2[m[K:
/usr/include/c++/5/bits/basic_string.tcc: In instantiation of â€˜[01m[Kvoid std::__cxx11::basic_string<_CharT, _Traits, _Alloc>::_M_construct(_InIterator, _InIterator, std::forward_iterator_tag) [with _FwdIterator = const char*; _CharT = char; _Traits = std::char_traits<char>; _Alloc = std::allocator<char>][m[Kâ€™:
[01m[K/usr/include/c++/5/bits/basic_string.h:195:23:[m[K   required from â€˜[01m[Kvoid std::__cxx11::basic_string<_CharT, _Traits, _Alloc>::_M_construct_aux(_InIterator, _InIterator, std::__false_type) [with _InIterator = const char*; _CharT = char; _Traits = std::char_traits<char>; _Alloc = std::allocator<char>][m[Kâ€™
[01m[K/usr/include/c++/5/bits/basic_string.h:214:20:[m[K   required from â€˜[01m[Kvoid std::__cxx11::basic_string<_CharT, _Traits, _Alloc>::_M_construct(_InIterator, _InIterator) [with _InIterator = const char*; _CharT = char; _Traits = std::char_traits<char>; _Alloc = std::allocator<char>][m[Kâ€™
[01m[K/usr/include/c++/5/bits/basic_string.h:456:21:[m[K   required from â€˜[01m[Kstd::__cxx11::basic_string<_CharT, _Traits, _Alloc>::basic_string(const _CharT*, const _Alloc&) [with _CharT = char; _Traits = std::char_traits<char>; _Alloc = std::allocator<char>][m[Kâ€™
[01m[K/usr/include/boost/core/demangle.hpp:89:16:[m[K   required from here
[01m[K/usr/include/c++/5/bits/basic_string.tcc:219:57:[m[K [01;31m[Kerror: [m[Kno matching function for call to â€˜[01m[Kdistance(const char*&, const char*&)[m[Kâ€™
  size_type __dnew = static_cast<size_type>(std::distance(__beg, __end));
[01;32m[K                                                         ^[m[K
In file included from [01m[K/usr/include/c++/5/bits/stl_algobase.h:66:0[m[K,
                 from [01m[K/usr/include/c++/5/bits/char_traits.h:39[m[K,
                 from [01m[K/usr/include/c++/5/ios:40[m[K,
                 from [01m[K/usr/include/c++/5/ostream:38[m[K,
                 from [01m[K/usr/include/c++/5/iostream:39[m[K,
                 from [01m[K/home/hi/analysis_ws/src/point_analyzer/src/planar_segmentation.cpp:2[m[K:
[01m[K/usr/include/c++/5/bits/stl_iterator_base_funcs.h:114:5:[m[K [01;36m[Knote: [m[Kcandidate: template<class _InputIterator> typename std::iterator_traits<_Iterator>::difference_type std::distance(_InputIterator, _InputIterator)
     distance(_InputIterator __first, _InputIterator __last)
[01;32m[K     ^[m[K
[01m[K/usr/include/c++/5/bits/stl_iterator_base_funcs.h:114:5:[m[K [01;36m[Knote: [m[K  template argument deduction/substitution failed:
/usr/include/c++/5/bits/stl_iterator_base_funcs.h: In substitution of â€˜[01m[Ktemplate<class _InputIterator> typename std::iterator_traits<_Iterator>::difference_type std::distance(_InputIterator, _InputIterator) [with _InputIterator = const char*][m[Kâ€™:
[01m[K/usr/include/c++/5/bits/basic_string.tcc:219:57:[m[K   required from â€˜[01m[Kvoid std::__cxx11::basic_string<_CharT, _Traits, _Alloc>::_M_construct(_InIterator, _InIterator, std::forward_iterator_tag) [with _FwdIterator = const char*; _CharT = char; _Traits = std::char_traits<char>; _Alloc = std::allocator<char>][m[Kâ€™
[01m[K/usr/include/c++/5/bits/basic_string.h:195:23:[m[K   required from â€˜[01m[Kvoid std::__cxx11::basic_string<_CharT, _Traits, _Alloc>::_M_construct_aux(_InIterator, _InIterator, std::__false_type) [with _InIterator = const char*; _CharT = char; _Traits = std::char_traits<char>; _Alloc = std::allocator<char>][m[Kâ€™
[01m[K/usr/include/c++/5/bits/basic_string.h:214:20:[m[K   required from â€˜[01m[Kvoid std::__cxx11::basic_string<_CharT, _Traits, _Alloc>::_M_construct(_InIterator, _InIterator) [with _InIterator = const char*; _CharT = char; _Traits = std::char_traits<char>; _Alloc = std::allocator<char>][m[Kâ€™
[01m[K/usr/include/c++/5/bits/basic_string.h:456:21:[m[K   required from â€˜[01m[Kstd::__cxx11::basic_string<_CharT, _Traits, _Alloc>::basic_string(const _CharT*, const _Alloc&) [with _CharT = char; _Traits = std::char_traits<char>; _Alloc = std::allocator<char>][m[Kâ€™
[01m[K/usr/include/boost/core/demangle.hpp:89:16:[m[K   required from here
[01m[K/usr/include/c++/5/bits/stl_iterator_base_funcs.h:114:5:[m[K [01;31m[Kerror: [m[Kno type named â€˜[01m[Kdifference_type[m[Kâ€™ in â€˜[01m[Kstruct std::iterator_traits<const char*>[m[Kâ€™
In file included from [01m[K/usr/include/c++/5/bits/stl_algobase.h:67:0[m[K,
                 from [01m[K/usr/include/c++/5/bits/char_traits.h:39[m[K,
                 from [01m[K/usr/include/c++/5/ios:40[m[K,
                 from [01m[K/usr/include/c++/5/ostream:38[m[K,
                 from [01m[K/usr/include/c++/5/iostream:39[m[K,
                 from [01m[K/home/hi/analysis_ws/src/point_analyzer/src/planar_segmentation.cpp:2[m[K:
/usr/include/c++/5/bits/stl_iterator.h: In instantiation of â€˜[01m[Kclass __gnu_cxx::__normal_iterator<const char*, std::__cxx11::basic_string<char> >[m[Kâ€™:
[01m[K/usr/include/c++/5/bits/basic_string.tcc:229:6:[m[K   required from â€˜[01m[Kvoid std::__cxx11::basic_string<_CharT, _Traits, _Alloc>::_M_construct(_InIterator, _InIterator, std::forward_iterator_tag) [with _FwdIterator = const char*; _CharT = char; _Traits = std::char_traits<char>; _Alloc = std::allocator<char>][m[Kâ€™
[01m[K/usr/include/c++/5/bits/basic_string.h:195:23:[m[K   required from â€˜[01m[Kvoid std::__cxx11::basic_string<_CharT, _Traits, _Alloc>::_M_construct_aux(_InIterator, _InIterator, std::__false_type) [with _InIterator = const char*; _CharT = char; _Traits = std::char_traits<char>; _Alloc = std::allocator<char>][m[Kâ€™
[01m[K/usr/include/c++/5/bits/basic_string.h:214:20:[m[K   required from â€˜[01m[Kvoid std::__cxx11::basic_string<_CharT, _Traits, _Alloc>::_M_construct(_InIterator, _InIterator) [with _InIterator = const char*; _CharT = char; _Traits = std::char_traits<char>; _Alloc = std::allocator<char>][m[Kâ€™
[01m[K/usr/include/c++/5/bits/basic_string.h:456:21:[m[K   required from â€˜[01m[Kstd::__cxx11::basic_string<_CharT, _Traits, _Alloc>::basic_string(const _CharT*, const _Alloc&) [with _CharT = char; _Traits = std::char_traits<char>; _Alloc = std::allocator<char>][m[Kâ€™
[01m[K/usr/include/boost/core/demangle.hpp:89:16:[m[K   required from here
[01m[K/usr/include/c++/5/bits/stl_iterator.h:732:56:[m[K [01;31m[Kerror: [m[Kno type named â€˜[01m[Kdifference_type[m[Kâ€™ in â€˜[01m[Kstruct std::iterator_traits<const char*>[m[Kâ€™
       typedef typename __traits_type::difference_type  difference_type;
[01;32m[K                                                        ^[m[K
/usr/include/c++/5/bits/stl_iterator.h: In instantiation of â€˜[01m[Kclass __gnu_cxx::__normal_iterator<char*, std::__cxx11::basic_string<char> >[m[Kâ€™:
[01m[K/usr/include/c++/5/bits/basic_string.tcc:229:6:[m[K   required from â€˜[01m[Kvoid std::__cxx11::basic_string<_CharT, _Traits, _Alloc>::_M_construct(_InIterator, _InIterator, std::forward_iterator_tag) [with _FwdIterator = const char*; _CharT = char; _Traits = std::char_traits<char>; _Alloc = std::allocator<char>][m[Kâ€™
[01m[K/usr/include/c++/5/bits/basic_string.h:195:23:[m[K   required from â€˜[01m[Kvoid std::__cxx11::basic_string<_CharT, _Traits, _Alloc>::_M_construct_aux(_InIterator, _InIterator, std::__false_type) [with _InIterator = const char*; _CharT = char; _Traits = std::char_traits<char>; _Alloc = std::allocator<char>][m[Kâ€™
[01m[K/usr/include/c++/5/bits/basic_string.h:214:20:[m[K   required from â€˜[01m[Kvoid std::__cxx11::basic_string<_CharT, _Traits, _Alloc>::_M_construct(_InIterator, _InIterator) [with _InIterator = const char*; _CharT = char; _Traits = std::char_traits<char>; _Alloc = std::allocator<char>][m[Kâ€™
[01m[K/usr/include/c++/5/bits/basic_string.h:456:21:[m[K   required from â€˜[01m[Kstd::__cxx11::basic_string<_CharT, _Traits, _Alloc>::basic_string(const _CharT*, const _Alloc&) [with _CharT = char; _Traits = std::char_traits<char>; _Alloc = std::allocator<char>][m[Kâ€™
[01m[K/usr/include/boost/core/demangle.hpp:89:16:[m[K   required from here
[01m[K/usr/include/c++/5/bits/stl_iterator.h:732:56:[m[K [01;31m[Kerror: [m[Kno type named â€˜[01m[Kdifference_type[m[Kâ€™ in â€˜[01m[Kstruct std::iterator_traits<char*>[m[Kâ€™
In file included from [01m[K/usr/include/c++/5/string:53:0[m[K,
                 from [01m[K/usr/include/c++/5/bits/locale_classes.h:40[m[K,
                 from [01m[K/usr/include/c++/5/bits/ios_base.h:41[m[K,
                 from [01m[K/usr/include/c++/5/ios:42[m[K,
                 from [01m[K/usr/include/c++/5/ostream:38[m[K,
                 from [01m[K/usr/include/c++/5/iostream:39[m[K,
                 from [01m[K/home/hi/analysis_ws/src/point_analyzer/src/planar_segmentation.cpp:2[m[K:
/usr/include/c++/5/bits/basic_string.tcc: In instantiation of â€˜[01m[Kvoid std::__cxx11::basic_string<_CharT, _Traits, _Alloc>::_M_construct(_InIterator, _InIterator, std::forward_iterator_tag) [with _FwdIterator = char*; _CharT = char; _Traits = std::char_traits<char>; _Alloc = std::allocator<char>][m[Kâ€™:
[01m[K/usr/include/c++/5/bits/basic_string.h:195:23:[m[K   required from â€˜[01m[Kvoid std::__cxx11::basic_string<_CharT, _Traits, _Alloc>::_M_construct_aux(_InIterator, _InIterator, std::__false_type) [with _InIterator = char*; _CharT = char; _Traits = std::char_traits<char>; _Alloc = std::allocator<char>][m[Kâ€™
[01m[K/usr/include/c++/5/bits/basic_string.h:214:20:[m[K   required from â€˜[01m[Kvoid std::__cxx11::basic_string<_CharT, _Traits, _Alloc>::_M_construct(_InIterator, _InIterator) [with _InIterator = char*; _CharT = char; _Traits = std::char_traits<char>; _Alloc = std::allocator<char>][m[Kâ€™
[01m[K/usr/include/c++/5/bits/basic_string.h:400:21:[m[K   required from â€˜[01m[Kstd::__cxx11::basic_string<_CharT, _Traits, _Alloc>::basic_string(const std::__cxx11::basic_string<_CharT, _Traits, _Alloc>&) [with _CharT = char; _Traits = std::char_traits<char>; _Alloc = std::allocator<char>][m[Kâ€™
[01m[K/usr/include/boost/core/demangle.hpp:89:16:[m[K   required from here
[01m[K/usr/include/c++/5/bits/basic_string.tcc:219:57:[m[K [01;31m[Kerror: [m[Kno matching function for call to â€˜[01m[Kdistance(char*&, char*&)[m[Kâ€™
  size_type __dnew = static_cast<size_type>(std::distance(__beg, __end));
[01;32m[K                                                         ^[m[K
In file included from [01m[K/usr/include/c++/5/bits/stl_algobase.h:66:0[m[K,
                 from [01m[K/usr/include/c++/5/bits/char_traits.h:39[m[K,
                 from [01m[K/usr/include/c++/5/ios:40[m[K,
                 from [01m[K/usr/include/c++/5/ostream:38[m[K,
                 from [01m[K/usr/include/c++/5/iostream:39[m[K,
                 from [01m[K/home/hi/analysis_ws/src/point_analyzer/src/planar_segmentation.cpp:2[m[K:
[01m[K/usr/include/c++/5/bits/stl_iterator_base_funcs.h:114:5:[m[K [01;36m[Knote: [m[Kcandidate: template<class _InputIterator> typename std::iterator_traits<_Iterator>::difference_type std::distance(_InputIterator, _InputIterator)
     distance(_InputIterator __first, _InputIterator __last)
[01;32m[K     ^[m[K
[01m[K/usr/include/c++/5/bits/stl_iterator_base_funcs.h:114:5:[m[K [01;36m[Knote: [m[K  template argument deduction/substitution failed:
/usr/include/c++/5/bits/stl_iterator_base_funcs.h: In substitution of â€˜[01m[Ktemplate<class _InputIterator> typename std::iterator_traits<_Iterator>::difference_type std::distance(_InputIterator, _InputIterator) [with _InputIterator = char*][m[Kâ€™:
[01m[K/usr/include/c++/5/bits/basic_string.tcc:219:57:[m[K   required from â€˜[01m[Kvoid std::__cxx11::basic_string<_CharT, _Traits, _Alloc>::_M_construct(_InIterator, _InIterator, std::forward_iterator_tag) [with _FwdIterator = char*; _CharT = char; _Traits = std::char_traits<char>; _Alloc = std::allocator<char>][m[Kâ€™
[01m[K/usr/include/c++/5/bits/basic_string.h:195:23:[m[K   required from â€˜[01m[Kvoid std::__cxx11::basic_string<_CharT, _Traits, _Alloc>::_M_construct_aux(_InIterator, _InIterator, std::__false_type) [with _InIterator = char*; _CharT = char; _Traits = std::char_traits<char>; _Alloc = std::allocator<char>][m[Kâ€™
[01m[K/usr/include/c++/5/bits/basic_string.h:214:20:[m[K   required from â€˜[01m[Kvoid std::__cxx11::basic_string<_CharT, _Traits, _Alloc>::_M_construct(_InIterator, _InIterator) [with _InIterator = char*; _CharT = char; _Traits = std::char_traits<char>; _Alloc = std::allocator<char>][m[Kâ€™
[01m[K/usr/include/c++/5/bits/basic_string.h:400:21:[m[K   required from â€˜[01m[Kstd::__cxx11::basic_string<_CharT, _Traits, _Alloc>::basic_string(const std::__cxx11::basic_string<_CharT, _Traits, _Alloc>&) [with _CharT = char; _Traits = std::char_traits<char>; _Alloc = std::allocator<char>][m[Kâ€™
[01m[K/usr/include/boost/core/demangle.hpp:89:16:[m[K   required from here
[01m[K/usr/include/c++/5/bits/stl_iterator_base_funcs.h:114:5:[m[K [01;31m[Kerror: [m[Kno type named â€˜[01m[Kdifference_type[m[Kâ€™ in â€˜[01m[Kstruct std::iterator_traits<char*>[m[Kâ€™
make[2]: *** [CMakeFiles/planar_segmentation.dir/src/planar_segmentation.cpp.o] ã‚¨ãƒ©ãƒ¼ 1
make[1]: *** [CMakeFiles/planar_segmentation.dir/all] ã‚¨ãƒ©ãƒ¼ 2
make: *** [all] ã‚¨ãƒ©ãƒ¼ 2
